========================================================================= 
Log Path: ./charts/log/Ghana.log 
Program Path: /Users/will/Desktop/ORGANIZED/SCHOOL/EMORY/EMORY_CLG/Y4_S1/Pols 334 - African Politics/Replication Paper/Wang-et-al-2022-replication/Replication Code/dataverse_files/Replicate_Main.R 
Working Directory: /Users/will/Desktop/ORGANIZED/SCHOOL/EMORY/EMORY_CLG/Y4_S1/Pols 334 - African Politics/Replication Paper/Wang-et-al-2022-replication/Replication Code/dataverse_files 
User Name: will 
R Version: 4.1.2 (2021-11-01) 
Machine: Wills-MBP.attlocal.net x86_64 
Operating System: Darwin 21.5.0 Darwin Kernel Version 21.5.0: Tue Apr 26 21:08:22 PDT 2022; root:xnu-8020.121.3~4/RELEASE_X86_64 
Base Packages: stats graphics grDevices utils datasets methods base Other Packages: logr_1.3.3 xtable_1.8-4 Hmisc_4.7-1 Formula_1.2-4 survival_3.2-13 lattice_0.20-45 car_3.1-0 carData_3.0-5 miceadds_3.15-21 mice_3.14.0 forcats_0.5.1 stringr_1.4.1 dplyr_1.0.9 purrr_0.3.4 readr_2.1.2 tidyr_1.2.0 tibble_3.1.6 ggplot2_3.3.6 tidyverse_1.3.1 lwgeom_0.2-9 spData_2.2.0 sf_1.0-8 
Log Start Time: 2022-11-29 23:11:09 
========================================================================= 

                                         (1)       (2)       (3)       (4)       (5)      
 [1,] "Announced"                        "0.069"   "0.039"   "0.025"   "0.052"   "0.019"  
 [2,] ""                                 "(1.174)" "(0.322)" "(0.336)" "(0.338)" "(0.310)"
 [3,] "Active"                           "0.066"   "0.150"   "0.155"   "0.368"   "0.000"  
 [4,] ""                                 "(1.211)" "(1.212)" "(2.663)" "(2.714)" "(0.007)"
 [5,] "Active-Announced"                 "-0.003"  "0.111"   "0.130"   "0.315"   "-0.018" 
 [6,] "F test: Active=Announced"         "0.003"   "0.853"   "3.971"   "5.392"   "0.070"  
 [7,] "p value"                          "0.957"   "0.356"   "0.046"   "0.020"   "0.791"  
 [8,] "Mean of dependent variable"       "0.555"   "1.454"   "0.379"   "1.144"   "0.656"  
 [9,] "Individual controls"              "Yes"     "Yes"     "Yes"     "Yes"     "Yes"    
[10,] "Country fixed effects"            "Yes"     "Yes"     "Yes"     "Yes"     "Yes"    
[11,] "Survey round fixed effects"       "Yes"     "Yes"     "Yes"     "Yes"     "Yes"    
[12,] "Number of observations"           "2396"    "2396"    "2856"    "2856"    "2380"   
[13,] "Number of countries"              "1"       "1"       "1"       "1"       "1"      
[14,] "Number of townships and villages" "245"     "245"     "245"     "245"     "245"    
[15,] "Survey rounds"                    "1-7"     "1-7"     "1-7"     "1-7"     "1-7"    
[16,] "Adjusted R squared"               "0.087"   "0.108"   "0.030"   "0.047"   "0.100"  
      (6)      
 [1,] "0.093"  
 [2,] "(0.706)"
 [3,] "0.137"  
 [4,] "(1.051)"
 [5,] "0.043"  
 [6,] "0.089"  
 [7,] "0.766"  
 [8,] "1.717"  
 [9,] "Yes"    
[10,] "Yes"    
[11,] "Yes"    
[12,] "2380"   
[13,] "1"      
[14,] "245"    
[15,] "1-7"    
[16,] "0.103"  

NOTE: Log Print Time:  2022-11-29 23:11:09 
NOTE: Elapsed Time: 0.00355315208435059 secs 

========================================================================= 
Log End Time: 2022-11-29 23:11:09 
Log Elapsed Time: 0 00:00:00 
========================================================================= 
