========================================================================= 
Log Path: C:/Users/xwang21/Dropbox/Research/China FDI Africa/JOP R and R/JOP Replication Files/log/Table 2.log 
Program Path: /Users/will/Desktop/ORGANIZED/SCHOOL/EMORY/EMORY_CLG/Y4_S1/Pols 334 - African Politics/Replication Paper/Wang-et-al-2022-replication/Replication Code/dataverse_files/Replicate_Main.R 
Working Directory: /Users/will/Desktop/ORGANIZED/SCHOOL/EMORY/EMORY_CLG/Y4_S1/Pols 334 - African Politics/Replication Paper/Wang-et-al-2022-replication/Replication Code/dataverse_files 
User Name: will 
R Version: 4.1.2 (2021-11-01) 
Machine: Wills-MBP.attlocal.net x86_64 
Operating System: Darwin 21.5.0 Darwin Kernel Version 21.5.0: Tue Apr 26 21:08:22 PDT 2022; root:xnu-8020.121.3~4/RELEASE_X86_64 
Base Packages: stats graphics grDevices utils datasets methods base Other Packages: logr_1.3.3 xtable_1.8-4 Hmisc_4.7-1 Formula_1.2-4 survival_3.2-13 lattice_0.20-45 car_3.1-0 carData_3.0-5 miceadds_3.15-21 mice_3.14.0 forcats_0.5.1 stringr_1.4.1 dplyr_1.0.9 purrr_0.3.4 readr_2.1.2 tidyr_1.2.0 tibble_3.1.6 ggplot2_3.3.6 tidyverse_1.3.1 
Log Start Time: 2022-11-07 21:32:36 
========================================================================= 

                                         (1)        (2)        (3)        (4)        (5)        (6)       
 [1,] "Announced"                        "-0.015"   "-0.011"   "-0.019"   "-0.034"   "0.034"    "0.053"   
 [2,] ""                                 "(-0.830)" "(-0.338)" "(-1.350)" "(-1.104)" "(1.683)"  "(1.256)" 
 [3,] "Active"                           "-0.069"   "-0.123"   "-0.038"   "-0.082"   "-0.049"   "-0.097"  
 [4,] ""                                 "(-6.019)" "(-5.316)" "(-4.340)" "(-4.312)" "(-3.744)" "(-3.556)"
 [5,] "Active-Announced"                 "-0.055"   "-0.112"   "-0.019"   "-0.049"   "-0.083"   "-0.150"  
 [6,] "F test: Active=Announced"         "9.485"    "10.732"   "1.863"    "2.387"    "16.265"   "11.856"  
 [7,] "p value"                          "0.002"    "0.001"    "0.172"    "0.122"    "0.000"    "0.001"   
 [8,] "Mean of dependent variable"       "0.425"    "1.201"    "0.250"    "0.857"    "0.596"    "1.609"   
 [9,] "Individual controls"              "Yes"      "Yes"      "Yes"      "Yes"      "Yes"      "Yes"     
[10,] "Country fixed effects"            "Yes"      "Yes"      "Yes"      "Yes"      "Yes"      "Yes"     
[11,] "Survey round fixed effects"       "Yes"      "Yes"      "Yes"      "Yes"      "Yes"      "Yes"     
[12,] "Number of observations"           "35714"    "35714"    "40080"    "40080"    "36650"    "36650"   
[13,] "Number of countries"              "19"       "19"       "19"       "19"       "19"       "19"      
[14,] "Number of townships and villages" "4370"     "4370"     "4370"     "4370"     "4370"     "4370"    
[15,] "Survey rounds"                    "1-7"      "1-7"      "1-7"      "1-7"      "1-7"      "1-7"     
[16,] "Adjusted R squared"               "0.070"    "0.084"    "0.039"    "0.067"    "0.076"    "0.086"   

NOTE: Log Print Time:  2022-11-07 21:32:36 
NOTE: Elapsed Time: 0.00227499008178711 secs 

========================================================================= 
Log End Time: 2022-11-07 21:32:36 
Log Elapsed Time: 0 00:00:00 
========================================================================= 
