========================================================================= 
Log Path: C:/Users/xwang21/Dropbox/Research/China FDI Africa/JOP R and R/JOP Replication Files/log/Table 1.log 
Program Path: /Users/will/Desktop/ORGANIZED/SCHOOL/EMORY/EMORY_CLG/Y4_S1/Pols 334 - African Politics/Replication Paper/Wang-et-al-2022-replication/Replication Code/dataverse_files/Replicate_Main.R 
Working Directory: /Users/will/Desktop/ORGANIZED/SCHOOL/EMORY/EMORY_CLG/Y4_S1/Pols 334 - African Politics/Replication Paper/Wang-et-al-2022-replication/Replication Code/dataverse_files 
User Name: will 
R Version: 4.1.2 (2021-11-01) 
Machine: Wills-MBP.attlocal.net x86_64 
Operating System: Darwin 21.5.0 Darwin Kernel Version 21.5.0: Tue Apr 26 21:08:22 PDT 2022; root:xnu-8020.121.3~4/RELEASE_X86_64 
Base Packages: stats graphics grDevices utils datasets methods base Other Packages: stringi_1.7.6 lwgeom_0.2-9 spData_2.2.0 sf_1.0-8 logr_1.3.3 xtable_1.8-4 Hmisc_4.7-1 Formula_1.2-4 survival_3.2-13 lattice_0.20-45 car_3.1-0 carData_3.0-5 miceadds_3.15-21 mice_3.14.0 forcats_0.5.1 stringr_1.4.1 dplyr_1.0.9 purrr_0.3.4 readr_2.1.2 tidyr_1.2.0 tibble_3.1.6 ggplot2_3.3.6 tidyverse_1.3.1 
Log Start Time: 2022-11-08 20:28:22 
========================================================================= 

                                         (1)        (2)        (3)       
 [1,] "Announced"                        "-0.086"   "-0.287"   "-0.048"  
 [2,] ""                                 "(-2.725)" "(-3.457)" "(-1.450)"
 [3,] "Active"                           "0.004"    "-0.029"   "-0.018"  
 [4,] ""                                 "(0.208)"  "(-0.542)" "(-0.831)"
 [5,] "Active-Announced"                 "0.090"    "0.258"    "0.030"   
 [6,] "F test: Active=Announced"         "6.896"    "7.964"    "0.692"   
 [7,] "p value"                          "0.009"    "0.005"    "0.406"   
 [8,] "Mean of dependent variable"       "0.339"    "1.654"    "0.462"   
 [9,] "Individual controls"              "Yes"      "Yes"      "Yes"     
[10,] "Country fixed effects"            "Yes"      "Yes"      "Yes"     
[11,] "Survey round fixed effects"       "Yes"      "Yes"      "Yes"     
[12,] "Number of observations"           "11437"    "11437"    "10752"   
[13,] "Number of countries"              "8"        "8"        "8"       
[14,] "Number of townships and villages" "1078"     "1078"     "1078"    
[15,] "Survey rounds"                    "1-7"      "1-7"      "1-7"     
[16,] "Adjusted R squared"               "0.073"    "0.151"    "0.114"   
      (4)       
 [1,] "-0.144"  
 [2,] "(-1.890)"
 [3,] "-0.004"  
 [4,] "(-0.074)"
 [5,] "0.140"   
 [6,] "2.962"   
 [7,] "0.085"   
 [8,] "2.131"   
 [9,] "Yes"     
[10,] "Yes"     
[11,] "Yes"     
[12,] "10752"   
[13,] "8"       
[14,] "1078"    
[15,] "1-7"     
[16,] "0.094"   

NOTE: Log Print Time:  2022-11-08 20:28:22 
NOTE: Elapsed Time: 0.00311994552612305 secs 

========================================================================= 
Log End Time: 2022-11-08 20:28:22 
Log Elapsed Time: 0 00:00:00 
========================================================================= 
