========================================================================= 
[1] "Log Path: C:/Users/xwang21/Dropbox/Research/China FDI Africa/JOP R and R/JOP Replication Files/log/Table_A33.log"
[1] "Working Directory: C:/Users/xwang21/Dropbox/Research/China FDI Africa/JOP R and R/JOP Replication Files"
User Name: xwang21 
R Version: 4.0.4 (2021-02-15) 
Machine: LAPTOP-7NELGKDS x86-64 
Operating System: Windows 10 x64 build 19042 
Log Start Time: 2021-07-06 09:49:26 
========================================================================= 

                                            (1)       (2)        (3)        (4)       
 [1,] "Announced"                           "0.066"   "0.209"    "0.041"    "0.137"   
 [2,] ""                                    "(4.311)" "(4.735)"  "(2.539)"  "(3.303)" 
 [3,] "Active"                              "0.000"   "-0.034"   "-0.051"   "-0.090"  
 [4,] ""                                    "(0.039)" "(-1.135)" "(-4.218)" "(-2.785)"
 [5,] "Active-Announced"                    "-0.066"  "-0.243"   "-0.091"   "-0.226"  
 [6,] "F test: Active=Announced"            "17.093"  "27.091"   "29.720"   "26.521"  
 [7,] "p value"                             "0.000"   "0.000"    "0.000"    "0.000"   
 [8,] "Mean of dependent variable"          "0.295"   "1.534"    "0.518"    "2.228"   
 [9,] "Individual controls"                 "Yes"     "Yes"      "Yes"      "Yes"     
[10,] "Country fixed effects"               "Yes"     "Yes"      "Yes"      "Yes"     
[11,] "Survey round fixed effects"          "Yes"     "Yes"      "Yes"      "Yes"     
[12,] "Country specific linear time trends" "Yes"     "Yes"      "Yes"      "Yes"     
[13,] "Number of observations"              "36744"   "36744"    "37014"    "37014"   
[14,] "Number of countries"                 "19"      "19"       "19"       "19"      
[15,] "Number of villages"                  "4372"    "4372"     "4372"     "4372"    
[16,] "Survey rounds"                       "1-7"     "1-7"      "1-7"      "1-7"     
[17,] "Adjusted R squared"                  "0.055"   "0.101"    "0.105"    "0.112"   
      (5)        (6)        (7)        (8)        (9)       (10)     
 [1,] "0.009"    "0.031"    "-0.005"   "-0.003"   "0.059"   "0.118"  
 [2,] "(0.528)"  "(0.980)"  "(-0.336)" "(-0.088)" "(2.958)" "(2.836)"
 [3,] "-0.031"   "-0.062"   "-0.023"   "-0.058"   "0.005"   "0.004"  
 [4,] "(-2.679)" "(-2.620)" "(-2.553)" "(-2.903)" "(0.352)" "(0.128)"
 [5,] "-0.040"   "-0.093"   "-0.018"   "-0.055"   "-0.054"  "-0.114" 
 [6,] "5.478"    "7.859"    "1.517"    "2.762"    "6.985"   "7.000"  
 [7,] "0.019"    "0.005"    "0.218"    "0.097"    "0.008"   "0.008"  
 [8,] "0.425"    "1.201"    "0.250"    "0.857"    "0.596"   "1.609"  
 [9,] "Yes"      "Yes"      "Yes"      "Yes"      "Yes"     "Yes"    
[10,] "Yes"      "Yes"      "Yes"      "Yes"      "Yes"     "Yes"    
[11,] "Yes"      "Yes"      "Yes"      "Yes"      "Yes"     "Yes"    
[12,] "Yes"      "Yes"      "Yes"      "Yes"      "Yes"     "Yes"    
[13,] "35721"    "35721"    "40091"    "40091"    "36662"   "36662"  
[14,] "19"       "19"       "19"       "19"       "19"      "19"     
[15,] "4372"     "4372"     "4372"     "4372"     "4372"    "4372"   
[16,] "1-7"      "1-7"      "1-7"      "1-7"      "1-7"     "1-7"    
[17,] "0.088"    "0.103"    "0.053"    "0.083"    "0.115"   "0.129"  

NOTE: Log Print Time:  2021-07-06 09:49:26 
NOTE: Elapsed Time in seconds: 0.0100300312042236 

========================================================================= 
Log End Time: 2021-07-06 09:49:26 
Log Elapsed Time: 0 00:00:00 
========================================================================= 
