========================================================================= 
[1] "Log Path: C:/Users/xwang21/Dropbox/Research/China FDI Africa/JOP R and R/JOP Replication Files/log/Table_A28.log"
[1] "Working Directory: C:/Users/xwang21/Dropbox/Research/China FDI Africa/JOP R and R/JOP Replication Files"
User Name: xwang21 
R Version: 4.0.4 (2021-02-15) 
Machine: LAPTOP-7NELGKDS x86-64 
Operating System: Windows 10 x64 build 19042 
Log Start Time: 2021-07-06 09:48:29 
========================================================================= 

                                               (1)        (2)        (3)       
 [1,] "Announced: first year"                  "0.144"    "0.455"    "0.124"   
 [2,] ""                                       "(4.169)"  "(4.444)"  "(4.189)" 
 [3,] "Announced: second year"                 "0.031"    "-0.006"   "-0.071"  
 [4,] ""                                       "(0.714)"  "(-0.044)" "(-1.649)"
 [5,] "Announced: third year and above"        "-0.060"   "-0.254"   "-0.051"  
 [6,] ""                                       "(-2.417)" "(-3.666)" "(-1.594)"
 [7,] "Active: first year"                     "-0.002"   "-0.015"   "-0.061"  
 [8,] ""                                       "(-0.150)" "(-0.363)" "(-3.636)"
 [9,] "Active: second year"                    "0.010"    "0.038"    "-0.088"  
[10,] ""                                       "(0.542)"  "(0.718)"  "(-4.059)"
[11,] "Active: third year and above"           "-0.002"   "-0.073"   "-0.103"  
[12,] ""                                       "(-0.095)" "(-1.491)" "(-5.238)"
[13,] "Active-Announced: first year"           "-0.146"   "-0.469"   "-0.186"  
[14,] "F test: Active=Announced"               "17.071"   "19.835"   "35.032"  
[15,] "p value"                                "0.000"    "0.000"    "0.000"   
[16,] "Active-Announced: second year"          "-0.021"   "0.044"    "-0.017"  
[17,] "F test: Active=Announced"               "0.222"    "0.105"    "0.139"   
[18,] "p value"                                "0.638"    "0.746"    "0.709"   
[19,] "Active-Announced: third year and above" "0.058"    "0.181"    "-0.052"  
[20,] "F test: Active=Announced"               "4.097"    "5.287"    "2.374"   
[21,] "p value"                                "0.043"    "0.021"    "0.123"   
[22,] "Mean of dependent variable"             "0.302"    "1.560"    "0.508"   
[23,] "Individual controls"                    "Yes"      "Yes"      "Yes"     
[24,] "Subnational region fixed effects"       "Yes"      "Yes"      "Yes"     
[25,] "Survey round fixed effects"             "Yes"      "Yes"      "Yes"     
[26,] "Number of observations"                 "26985"    "26985"    "27554"   
[27,] "Number of countries"                    "18"       "18"       "18"      
[28,] "Number of subnational regions"          "74"       "74"       "74"      
[29,] "Number of villages"                     "3231"     "3231"     "3231"    
[30,] "Survey rounds"                          "1-7"      "1-7"      "1-7"     
[31,] "Adjusted R squared"                     "0.047"    "0.083"    "0.116"   
      (4)        (5)        (6)        (7)        (8)        (9)        (10)      
 [1,] "0.356"    "0.096"    "0.188"    "0.051"    "0.122"    "0.138"    "0.264"   
 [2,] "(4.519)"  "(2.995)"  "(2.967)"  "(1.625)"  "(1.789)"  "(3.711)"  "(3.295)" 
 [3,] "-0.114"   "-0.027"   "-0.085"   "-0.146"   "-0.293"   "-0.013"   "0.044"   
 [4,] "(-1.209)" "(-0.548)" "(-0.902)" "(-4.266)" "(-4.040)" "(-0.288)" "(0.426)" 
 [5,] "-0.180"   "-0.154"   "-0.262"   "-0.087"   "-0.130"   "-0.033"   "-0.028"  
 [6,] "(-1.872)" "(-4.663)" "(-4.242)" "(-3.174)" "(-1.850)" "(-0.778)" "(-0.321)"
 [7,] "-0.125"   "-0.034"   "-0.058"   "-0.038"   "-0.070"   "-0.037"   "-0.090"  
 [8,] "(-2.800)" "(-1.915)" "(-1.759)" "(-2.938)" "(-2.433)" "(-2.160)" "(-2.601)"
 [9,] "-0.194"   "-0.035"   "-0.060"   "-0.071"   "-0.119"   "-0.066"   "-0.106"  
[10,] "(-2.963)" "(-1.689)" "(-1.429)" "(-4.518)" "(-3.540)" "(-2.998)" "(-2.239)"
[11,] "-0.264"   "-0.051"   "-0.109"   "-0.053"   "-0.110"   "0.016"    "0.033"   
[12,] "(-4.847)" "(-2.573)" "(-2.789)" "(-3.297)" "(-3.240)" "(0.758)"  "(0.788)" 
[13,] "-0.481"   "-0.130"   "-0.246"   "-0.089"   "-0.192"   "-0.175"   "-0.354"  
[14,] "32.052"   "15.440"   "13.996"   "7.650"    "7.557"    "21.112"   "18.841"  
[15,] "0.000"    "0.000"    "0.000"    "0.006"    "0.006"    "0.000"    "0.000"   
[16,] "-0.080"   "-0.008"   "0.025"    "0.076"    "0.175"    "-0.053"   "-0.151"  
[17,] "0.558"    "0.026"    "0.065"    "4.505"    "5.326"    "1.162"    "1.869"   
[18,] "0.455"    "0.872"    "0.799"    "0.034"    "0.021"    "0.281"    "0.172"   
[19,] "-0.085"   "0.103"    "0.153"    "0.034"    "0.020"    "0.049"    "0.062"   
[20,] "0.727"    "8.271"    "5.238"    "1.521"    "0.083"    "1.173"    "0.448"   
[21,] "0.394"    "0.004"    "0.022"    "0.217"    "0.774"    "0.279"    "0.503"   
[22,] "2.208"    "0.444"    "1.239"    "0.251"    "0.856"    "0.600"    "1.613"   
[23,] "Yes"      "Yes"      "Yes"      "Yes"      "Yes"      "Yes"      "Yes"     
[24,] "Yes"      "Yes"      "Yes"      "Yes"      "Yes"      "Yes"      "Yes"     
[25,] "Yes"      "Yes"      "Yes"      "Yes"      "Yes"      "Yes"      "Yes"     
[26,] "27554"    "26270"    "26270"    "29601"    "29601"    "27434"    "27434"   
[27,] "18"       "18"       "18"       "18"       "18"       "18"       "18"      
[28,] "74"       "74"       "74"       "74"       "74"       "74"       "74"      
[29,] "3231"     "3231"     "3231"     "3231"     "3231"     "3231"     "3231"    
[30,] "1-7"      "1-7"      "1-7"      "1-7"      "1-7"      "1-7"      "1-7"     
[31,] "0.121"    "0.073"    "0.084"    "0.053"    "0.081"    "0.097"    "0.104"   

NOTE: Log Print Time:  2021-07-06 09:48:29 
NOTE: Elapsed Time in seconds: 0.020380973815918 

========================================================================= 
Log End Time: 2021-07-06 09:48:29 
Log Elapsed Time: 0 00:00:00 
========================================================================= 
