========================================================================= 
[1] "Log Path: C:/Users/xwang21/Dropbox/Research/China FDI Africa/JOP R and R/JOP Replication Files/log/Table_A18.log"
[1] "Working Directory: C:/Users/xwang21/Dropbox/Research/China FDI Africa/JOP R and R/JOP Replication Files"
User Name: xwang21 
R Version: 4.0.4 (2021-02-15) 
Machine: LAPTOP-7NELGKDS x86-64 
Operating System: Windows 10 x64 build 19042 
Log Start Time: 2021-07-06 09:47:09 
========================================================================= 

                                               (1)        (2)        (3)       
 [1,] "Announced: first year"                  "0.155"    "0.302"    "0.079"   
 [2,] ""                                       "(3.429)"  "(3.721)"  "(1.702)" 
 [3,] "Announced: second year"                 "-0.034"   "-0.026"   "-0.093"  
 [4,] ""                                       "(-0.641)" "(-0.276)" "(-2.346)"
 [5,] "Announced: third year and above"        "-0.132"   "-0.258"   "-0.065"  
 [6,] ""                                       "(-2.774)" "(-2.944)" "(-1.880)"
 [7,] "Active: first year"                     "-0.084"   "-0.151"   "-0.040"  
 [8,] ""                                       "(-4.162)" "(-3.875)" "(-2.459)"
 [9,] "Active: second year"                    "-0.057"   "-0.087"   "-0.057"  
[10,] ""                                       "(-2.050)" "(-1.595)" "(-2.945)"
[11,] "Active: third year and above"           "-0.112"   "-0.183"   "-0.026"  
[12,] ""                                       "(-4.414)" "(-3.726)" "(-1.189)"
[13,] "Active-Announced: first year"           "-0.239"   "-0.453"   "-0.119"  
[14,] "F test: Active=Announced"               "26.683"   "29.412"   "6.288"   
[15,] "p value"                                "0.000"    "0.000"    "0.012"   
[16,] "Active-Announced: second year"          "-0.023"   "-0.062"   "0.035"   
[17,] "F test: Active=Announced"               "0.150"    "0.341"    "0.730"   
[18,] "p value"                                "0.699"    "0.560"    "0.393"   
[19,] "Active-Announced: third year and above" "0.019"    "0.075"    "0.038"   
[20,] "F test: Active=Announced"               "0.156"    "0.685"    "1.087"   
[21,] "p value"                                "0.693"    "0.408"    "0.297"   
[22,] "Mean of dependent variable"             "0.419"    "1.200"    "0.244"   
[23,] "Individual controls"                    "Yes"      "Yes"      "Yes"     
[24,] "Country fixed effects"                  "Yes"      "Yes"      "Yes"     
[25,] "Survey round fixed effects"             "Yes"      "Yes"      "Yes"     
[26,] "Number of observations"                 "8295"     "8295"     "9386"    
[27,] "Number of countries"                    "19"       "19"       "19"      
[28,] "Number of villages"                     "3353"     "3353"     "3353"    
[29,] "Survey rounds"                          "1-7"      "1-7"      "1-7"     
[30,] "Adjusted R squared"                     "0.064"    "0.081"    "0.038"   
      (4)        (5)        (6)        (7)        (8)        (9)        (10)      
 [1,] "0.243"    "0.176"    "0.320"    "0.064"    "0.195"    "0.010"    "0.038"   
 [2,] "(2.667)"  "(3.710)"  "(3.274)"  "(1.396)"  "(2.190)"  "(0.227)"  "(0.402)" 
 [3,] "-0.230"   "-0.022"   "-0.129"   "-0.075"   "-0.221"   "-0.039"   "-0.142"  
 [4,] "(-3.322)" "(-0.504)" "(-1.298)" "(-1.405)" "(-2.205)" "(-0.857)" "(-1.694)"
 [5,] "-0.094"   "0.021"    "-0.035"   "-0.167"   "-0.341"   "-0.093"   "-0.191"  
 [6,] "(-1.034)" "(0.310)"  "(-0.281)" "(-3.443)" "(-3.913)" "(-2.795)" "(-2.537)"
 [7,] "-0.092"   "-0.051"   "-0.123"   "-0.089"   "-0.147"   "-0.012"   "-0.012"  
 [8,] "(-2.679)" "(-2.301)" "(-2.814)" "(-4.193)" "(-3.607)" "(-0.718)" "(-0.340)"
 [9,] "-0.108"   "-0.047"   "-0.063"   "-0.046"   "-0.092"   "-0.009"   "-0.020"  
[10,] "(-2.467)" "(-1.630)" "(-1.029)" "(-1.610)" "(-1.571)" "(-0.418)" "(-0.402)"
[11,] "-0.062"   "-0.025"   "-0.047"   "-0.078"   "-0.131"   "-0.017"   "-0.015"  
[12,] "(-1.422)" "(-0.864)" "(-0.843)" "(-2.804)" "(-2.484)" "(-0.733)" "(-0.321)"
[13,] "-0.334"   "-0.227"   "-0.444"   "-0.153"   "-0.342"   "-0.022"   "-0.050"  
[14,] "12.955"   "21.247"   "19.194"   "10.696"   "14.140"   "0.250"    "0.273"   
[15,] "0.000"    "0.000"    "0.000"    "0.001"    "0.000"    "0.617"    "0.602"   
[16,] "0.122"    "-0.025"   "0.066"    "0.028"    "0.130"    "0.029"    "0.123"   
[17,] "2.545"    "0.265"    "0.356"    "0.240"    "1.350"    "0.371"    "1.782"   
[18,] "0.111"    "0.607"    "0.550"    "0.624"    "0.245"    "0.542"    "0.182"   
[19,] "0.031"    "-0.046"   "-0.013"   "0.089"    "0.211"    "0.076"    "0.176"   
[20,] "0.114"    "0.437"    "0.010"    "3.152"    "5.383"    "4.958"    "5.251"   
[21,] "0.736"    "0.509"    "0.920"    "0.076"    "0.020"    "0.026"    "0.022"   
[22,] "0.853"    "0.589"    "1.598"    "0.438"    "1.229"    "0.252"    "0.872"   
[23,] "Yes"      "Yes"      "Yes"      "Yes"      "Yes"      "Yes"      "Yes"     
[24,] "Yes"      "Yes"      "Yes"      "Yes"      "Yes"      "Yes"      "Yes"     
[25,] "Yes"      "Yes"      "Yes"      "Yes"      "Yes"      "Yes"      "Yes"     
[26,] "9386"     "8539"     "8539"     "8276"     "8276"     "9224"     "9224"    
[27,] "19"       "19"       "19"       "19"       "19"       "19"       "19"      
[28,] "3353"     "3353"     "3353"     "3140"     "3140"     "3140"     "3140"    
[29,] "1-7"      "1-7"      "1-7"      "1-7"      "1-7"      "1-7"      "1-7"     
[30,] "0.074"    "0.081"    "0.090"    "0.068"    "0.085"    "0.052"    "0.090"   
      (11)       (12)      
 [1,] "0.060"    "0.136"   
 [2,] "(1.178)"  "(1.408)" 
 [3,] "-0.068"   "-0.155"  
 [4,] "(-1.224)" "(-1.149)"
 [5,] "-0.061"   "-0.120"  
 [6,] "(-1.198)" "(-1.095)"
 [7,] "-0.102"   "-0.210"  
 [8,] "(-4.495)" "(-4.575)"
 [9,] "-0.115"   "-0.203"  
[10,] "(-3.655)" "(-3.002)"
[11,] "-0.028"   "-0.066"  
[12,] "(-0.976)" "(-1.110)"
[13,] "-0.162"   "-0.347"  
[14,] "9.273"    "11.817"  
[15,] "0.002"    "0.001"   
[16,] "-0.047"   "-0.048"  
[17,] "0.582"    "0.105"   
[18,] "0.445"    "0.746"   
[19,] "0.032"    "0.054"   
[20,] "0.365"    "0.231"   
[21,] "0.546"    "0.631"   
[22,] "0.619"    "1.665"   
[23,] "Yes"      "Yes"     
[24,] "Yes"      "Yes"     
[25,] "Yes"      "Yes"     
[26,] "8379"     "8379"    
[27,] "19"       "19"      
[28,] "3140"     "3140"    
[29,] "1-7"      "1-7"     
[30,] "0.081"    "0.095"   

NOTE: Log Print Time:  2021-07-06 09:47:09 
NOTE: Elapsed Time in seconds: 0.0249381065368652 

========================================================================= 
Log End Time: 2021-07-06 09:47:09 
Log Elapsed Time: 0 00:00:00 
========================================================================= 
