========================================================================= 
[1] "Log Path: C:/Users/xwang21/Dropbox/Research/China FDI Africa/JOP R and R/JOP Replication Files/log/Table_A16.log"
[1] "Working Directory: C:/Users/xwang21/Dropbox/Research/China FDI Africa/JOP R and R/JOP Replication Files"
User Name: xwang21 
R Version: 4.0.4 (2021-02-15) 
Machine: LAPTOP-7NELGKDS x86-64 
Operating System: Windows 10 x64 build 19042 
Log Start Time: 2021-07-06 09:47:09 
========================================================================= 

                                               (1)        (2)        (3)       
 [1,] "Announced: first year"                  "0.142"    "0.503"    "0.133"   
 [2,] ""                                       "(2.694)"  "(3.741)"  "(2.726)" 
 [3,] "Announced: second year"                 "-0.017"   "-0.054"   "-0.046"  
 [4,] ""                                       "(-0.359)" "(-0.444)" "(-0.990)"
 [5,] "Announced: third year and above"        "0.044"    "0.076"    "-0.015"  
 [6,] ""                                       "(0.974)"  "(0.586)"  "(-0.321)"
 [7,] "Active: first year"                     "-0.030"   "-0.107"   "-0.073"  
 [8,] ""                                       "(-1.620)" "(-2.126)" "(-3.652)"
 [9,] "Active: second year"                    "-0.006"   "0.012"    "-0.072"  
[10,] ""                                       "(-0.270)" "(0.165)"  "(-2.609)"
[11,] "Active: third year and above"           "-0.029"   "-0.198"   "-0.135"  
[12,] ""                                       "(-1.246)" "(-3.000)" "(-5.141)"
[13,] "Active-Announced: first year"           "-0.171"   "-0.610"   "-0.206"  
[14,] "F test: Active=Announced"               "10.161"   "19.864"   "16.984"  
[15,] "p value"                                "0.001"    "0.000"    "0.000"   
[16,] "Active-Announced: second year"          "0.010"    "0.066"    "-0.025"  
[17,] "F test: Active=Announced"               "0.042"    "0.229"    "0.239"   
[18,] "p value"                                "0.838"    "0.632"    "0.625"   
[19,] "Active-Announced: third year and above" "-0.073"   "-0.275"   "-0.119"  
[20,] "F test: Active=Announced"               "2.412"    "4.051"    "5.425"   
[21,] "p value"                                "0.120"    "0.044"    "0.020"   
[22,] "Mean of dependent variable"             "0.281"    "1.488"    "0.492"   
[23,] "Individual controls"                    "Yes"      "Yes"      "Yes"     
[24,] "Country fixed effects"                  "Yes"      "Yes"      "Yes"     
[25,] "Survey round fixed effects"             "Yes"      "Yes"      "Yes"     
[26,] "Number of observations"                 "8515"     "8515"     "8693"    
[27,] "Number of countries"                    "19"       "19"       "19"      
[28,] "Number of villages"                     "3353"     "3353"     "3353"    
[29,] "Survey rounds"                          "1-7"      "1-7"      "1-7"     
[30,] "Adjusted R squared"                     "0.038"    "0.081"    "0.091"   
      (4)        (5)        (6)        (7)        (8)       
 [1,] "0.331"    "0.104"    "0.303"    "0.072"    "0.206"   
 [2,] "(3.072)"  "(2.668)"  "(2.504)"  "(1.625)"  "(1.817)" 
 [3,] "0.117"    "0.045"    "0.056"    "-0.032"   "-0.049"  
 [4,] "(1.089)"  "(1.046)"  "(0.509)"  "(-0.636)" "(-0.422)"
 [5,] "-0.003"   "-0.082"   "-0.269"   "0.054"    "0.054"   
 [6,] "(-0.033)" "(-2.238)" "(-2.262)" "(1.128)"  "(0.450)" 
 [7,] "-0.133"   "-0.016"   "-0.072"   "-0.053"   "-0.133"  
 [8,] "(-2.573)" "(-0.885)" "(-1.416)" "(-2.507)" "(-2.437)"
 [9,] "-0.114"   "0.020"    "-0.002"   "-0.082"   "-0.152"  
[10,] "(-1.496)" "(0.773)"  "(-0.024)" "(-2.747)" "(-1.801)"
[11,] "-0.321"   "-0.030"   "-0.139"   "-0.088"   "-0.162"  
[12,] "(-4.803)" "(-1.264)" "(-2.039)" "(-3.054)" "(-2.243)"
[13,] "-0.464"   "-0.120"   "-0.375"   "-0.125"   "-0.339"  
[14,] "17.417"   "9.190"    "9.287"    "7.336"    "8.259"   
[15,] "0.000"    "0.002"    "0.002"    "0.007"    "0.004"   
[16,] "-0.231"   "-0.026"   "-0.058"   "-0.050"   "-0.103"  
[17,] "3.370"    "0.292"    "0.202"    "0.808"    "0.569"   
[18,] "0.066"    "0.589"    "0.653"    "0.369"    "0.451"   
[19,] "-0.317"   "0.052"    "0.131"    "-0.141"   "-0.217"  
[20,] "7.508"    "1.865"    "1.137"    "7.678"    "2.849"   
[21,] "0.006"    "0.172"    "0.286"    "0.006"    "0.091"   
[22,] "2.164"    "0.295"    "1.528"    "0.476"    "2.140"   
[23,] "Yes"      "Yes"      "Yes"      "Yes"      "Yes"     
[24,] "Yes"      "Yes"      "Yes"      "Yes"      "Yes"     
[25,] "Yes"      "Yes"      "Yes"      "Yes"      "Yes"     
[26,] "8693"     "8656"     "8656"     "8409"     "8409"    
[27,] "19"       "19"       "19"       "19"       "19"      
[28,] "3353"     "3140"     "3140"     "3140"     "3140"    
[29,] "1-7"      "1-7"      "1-7"      "1-7"      "1-7"     
[30,] "0.096"    "0.061"    "0.108"    "0.112"    "0.098"   

NOTE: Log Print Time:  2021-07-06 09:47:09 
NOTE: Elapsed Time in seconds: 0.017549991607666 

========================================================================= 
Log End Time: 2021-07-06 09:47:09 
Log Elapsed Time: 0 00:00:00 
========================================================================= 
