========================================================================= 
[1] "Log Path: C:/Users/xwang21/Dropbox/Research/China FDI Africa/JOP R and R/JOP Replication Files/log/Table_A23.log"
[1] "Working Directory: C:/Users/xwang21/Dropbox/Research/China FDI Africa/JOP R and R/JOP Replication Files"
User Name: xwang21 
R Version: 4.0.4 (2021-02-15) 
Machine: LAPTOP-7NELGKDS x86-64 
Operating System: Windows 10 x64 build 19042 
Log Start Time: 2021-07-06 09:47:34 
========================================================================= 

                                   (1)        (2)        (3)        (4)       
 [1,] "Announced"                  "0.013"    "0.036"    "0.009"    "0.013"   
 [2,] ""                           "(0.644)"  "(0.967)"  "(0.484)"  "(0.328)" 
 [3,] "Active"                     "-0.063"   "-0.123"   "-0.038"   "-0.098"  
 [4,] ""                           "(-4.645)" "(-4.383)" "(-3.627)" "(-4.179)"
 [5,] "Active-Announced"           "-0.076"   "-0.159"   "-0.047"   "-0.111"  
 [6,] "F test: Active=Announced"   "14.021"   "16.442"   "6.668"    "8.000"   
 [7,] "p value"                    "0.000"    "0.000"    "0.010"    "0.005"   
 [8,] "Mean of dependent variable" "0.440"    "1.223"    "0.248"    "0.845"   
 [9,] "Individual controls"        "Yes"      "Yes"      "Yes"      "Yes"     
[10,] "Country fixed effects"      "Yes"      "Yes"      "Yes"      "Yes"     
[11,] "Survey round fixed effects" "Yes"      "Yes"      "Yes"      "Yes"     
[12,] "Number of observations"     "24737"    "24737"    "28420"    "28420"   
[13,] "Number of countries"        "11"       "11"       "11"       "11"      
[14,] "Number of villages"         "3300"     "3300"     "3300"     "3300"    
[15,] "Survey rounds"              "1-7"      "1-7"      "1-7"      "1-7"     
[16,] "Adjusted R squared"         "0.080"    "0.094"    "0.041"    "0.059"   
      (5)        (6)        (7)       (8)       (9)        (10)      (11)     
 [1,] "0.065"    "0.140"    "0.083"   "0.161"   "0.000"    "0.030"   "0.126"  
 [2,] "(3.052)"  "(3.170)"  "(2.571)" "(2.460)" "(-0.018)" "(0.524)" "(4.775)"
 [3,] "-0.035"   "-0.069"   "0.071"   "0.103"   "0.019"    "0.050"   "0.036"  
 [4,] "(-2.284)" "(-2.099)" "(4.039)" "(2.996)" "(1.359)"  "(1.668)" "(2.418)"
 [5,] "-0.101"   "-0.209"   "-0.011"  "-0.059"  "0.020"    "0.020"   "-0.090" 
 [6,] "21.703"   "21.723"   "0.123"   "0.795"   "0.659"    "0.139"   "12.075" 
 [7,] "0.000"    "0.000"    "0.726"   "0.373"   "0.417"    "0.709"   "0.001"  
 [8,] "0.607"    "1.641"    "0.450"   "1.238"   "0.287"    "0.929"   "0.669"  
 [9,] "Yes"      "Yes"      "Yes"     "Yes"     "Yes"      "Yes"     "Yes"    
[10,] "Yes"      "Yes"      "Yes"     "Yes"     "Yes"      "Yes"     "Yes"    
[11,] "Yes"      "Yes"      "Yes"     "Yes"     "Yes"      "Yes"     "Yes"    
[12,] "26116"    "26116"    "27089"   "27089"   "30839"    "30839"   "28720"  
[13,] "11"       "11"       "11"      "11"      "11"       "11"      "11"     
[14,] "3300"     "3300"     "3383"    "3383"    "3383"     "3383"    "3383"   
[15,] "1-7"      "1-7"      "1-7"     "1-7"     "1-7"      "1-7"     "1-7"    
[16,] "0.091"    "0.099"    "0.095"   "0.107"   "0.041"    "0.055"   "0.099"  
      (12)     
 [1,] "0.220"  
 [2,] "(3.732)"
 [3,] "0.088"  
 [4,] "(2.674)"
 [5,] "-0.132" 
 [6,] "5.375"  
 [7,] "0.020"  
 [8,] "1.778"  
 [9,] "Yes"    
[10,] "Yes"    
[11,] "Yes"    
[12,] "28720"  
[13,] "11"     
[14,] "3383"   
[15,] "1-7"    
[16,] "0.110"  

NOTE: Log Print Time:  2021-07-06 09:47:34 
NOTE: Elapsed Time in seconds: 0.0150737762451172 

========================================================================= 
Log End Time: 2021-07-06 09:47:34 
Log Elapsed Time: 0 00:00:00 
========================================================================= 
