========================================================================= 
[1] "Log Path: C:/Users/xwang21/Dropbox/Research/China FDI Africa/JOP R and R/JOP Replication Files/log/Table_A26.log"
[1] "Working Directory: C:/Users/xwang21/Dropbox/Research/China FDI Africa/JOP R and R/JOP Replication Files"
User Name: xwang21 
R Version: 4.0.4 (2021-02-15) 
Machine: LAPTOP-7NELGKDS x86-64 
Operating System: Windows 10 x64 build 19042 
Log Start Time: 2021-07-06 09:47:46 
========================================================================= 

                                               (1)        (2)        (3)       
 [1,] "Announced: first year"                  "0.104"    "0.321"    "0.134"   
 [2,] ""                                       "(3.562)"  "(3.658)"  "(4.965)" 
 [3,] "Announced: second year"                 "0.113"    "0.248"    "-0.006"  
 [4,] ""                                       "(3.758)"  "(2.957)"  "(-0.215)"
 [5,] "Announced: third year and above"        "-0.011"   "-0.032"   "0.027"   
 [6,] ""                                       "(-0.443)" "(-0.404)" "(0.635)" 
 [7,] "Active: first year"                     "-0.003"   "-0.028"   "0.016"   
 [8,] ""                                       "(-0.206)" "(-0.642)" "(0.971)" 
 [9,] "Active: second year"                    "-0.072"   "-0.232"   "-0.101"  
[10,] ""                                       "(-3.453)" "(-3.801)" "(-4.612)"
[11,] "Active: third year and above"           "-0.006"   "-0.082"   "-0.042"  
[12,] ""                                       "(-0.358)" "(-1.611)" "(-2.281)"
[13,] "Active-Announced: first year"           "-0.108"   "-0.348"   "-0.117"  
[14,] "F test: Active=Announced"               "13.013"   "15.325"   "18.725"  
[15,] "p value"                                "0.000"    "0.000"    "0.000"   
[16,] "Active-Announced: second year"          "-0.185"   "-0.480"   "-0.095"  
[17,] "F test: Active=Announced"               "28.276"   "23.324"   "7.747"   
[18,] "p value"                                "0.000"    "0.000"    "0.005"   
[19,] "Active-Announced: third year and above" "0.005"    "-0.051"   "-0.069"  
[20,] "F test: Active=Announced"               "0.034"    "0.380"    "2.540"   
[21,] "p value"                                "0.853"    "0.538"    "0.111"   
[22,] "Mean of dependent variable"             "0.291"    "1.479"    "0.550"   
[23,] "Individual controls"                    "Yes"      "Yes"      "Yes"     
[24,] "Country fixed effects"                  "Yes"      "Yes"      "Yes"     
[25,] "Survey round fixed effects"             "Yes"      "Yes"      "Yes"     
[26,] "Number of observations"                 "21180"    "21180"    "22026"   
[27,] "Number of countries"                    "10"       "10"       "10"      
[28,] "Number of villages"                     "2784"     "2784"     "2784"    
[29,] "Survey rounds"                          "1-7"      "1-7"      "1-7"     
[30,] "Adjusted R squared"                     "0.033"    "0.060"    "0.070"   
      (4)        (5)        (6)        (7)        (8)        (9)        (10)      
 [1,] "0.324"    "0.075"    "0.170"    "0.039"    "0.111"    "0.098"    "0.172"   
 [2,] "(4.350)"  "(2.831)"  "(3.202)"  "(1.426)"  "(1.834)"  "(2.690)"  "(2.268)" 
 [3,] "0.095"    "0.003"    "-0.003"   "-0.019"   "-0.071"   "-0.008"   "0.002"   
 [4,] "(1.354)"  "(0.097)"  "(-0.058)" "(-0.753)" "(-1.289)" "(-0.304)" "(0.034)" 
 [5,] "-0.027"   "-0.051"   "-0.109"   "-0.038"   "-0.067"   "0.030"    "0.035"   
 [6,] "(-0.193)" "(-1.534)" "(-1.814)" "(-1.806)" "(-1.252)" "(0.936)"  "(0.578)" 
 [7,] "0.046"    "-0.024"   "-0.054"   "0.012"    "0.015"    "-0.056"   "-0.142"  
 [8,] "(1.037)"  "(-1.395)" "(-1.573)" "(0.942)"  "(0.508)"  "(-2.887)" "(-3.522)"
 [9,] "-0.279"   "-0.105"   "-0.197"   "-0.056"   "-0.106"   "-0.096"   "-0.198"  
[10,] "(-4.655)" "(-4.665)" "(-4.300)" "(-3.564)" "(-3.021)" "(-3.708)" "(-3.550)"
[11,] "-0.083"   "-0.059"   "-0.117"   "-0.016"   "-0.040"   "0.015"    "0.035"   
[12,] "(-1.679)" "(-2.991)" "(-2.981)" "(-1.077)" "(-1.243)" "(0.676)"  "(0.773)" 
[13,] "-0.277"   "-0.099"   "-0.224"   "-0.027"   "-0.096"   "-0.155"   "-0.314"  
[14,] "13.390"   "13.684"   "16.941"   "0.910"    "2.432"    "17.028"   "16.020"  
[15,] "0.000"    "0.000"    "0.000"    "0.340"    "0.119"    "0.000"    "0.000"   
[16,] "-0.374"   "-0.108"   "-0.194"   "-0.036"   "-0.035"   "-0.087"   "-0.200"  
[17,] "18.819"   "9.325"    "7.555"    "1.770"    "0.341"    "6.382"    "6.404"   
[18,] "0.000"    "0.002"    "0.006"    "0.183"    "0.559"    "0.012"    "0.011"   
[19,] "-0.056"   "-0.008"   "-0.009"   "0.022"    "0.027"    "-0.015"   "0.000"   
[20,] "0.159"    "0.056"    "0.021"    "0.977"    "0.247"    "0.185"    "0.000"   
[21,] "0.690"    "0.813"    "0.885"    "0.323"    "0.619"    "0.667"    "0.996"   
[22,] "2.309"    "0.415"    "1.182"    "0.239"    "0.829"    "0.584"    "1.589"   
[23,] "Yes"      "Yes"      "Yes"      "Yes"      "Yes"      "Yes"      "Yes"     
[24,] "Yes"      "Yes"      "Yes"      "Yes"      "Yes"      "Yes"      "Yes"     
[25,] "Yes"      "Yes"      "Yes"      "Yes"      "Yes"      "Yes"      "Yes"     
[26,] "22026"    "20686"    "20686"    "23778"    "23778"    "21635"    "21635"   
[27,] "10"       "10"       "10"       "10"       "10"       "10"       "10"      
[28,] "2784"     "2784"     "2784"     "2784"     "2784"     "2784"     "2784"    
[29,] "1-7"      "1-7"      "1-7"      "1-7"      "1-7"      "1-7"      "1-7"     
[30,] "0.082"    "0.061"    "0.070"    "0.034"    "0.049"    "0.073"    "0.082"   

NOTE: Log Print Time:  2021-07-06 09:47:46 
NOTE: Elapsed Time in seconds: 0.0161418914794922 

========================================================================= 
Log End Time: 2021-07-06 09:47:46 
Log Elapsed Time: 0 00:00:00 
========================================================================= 
