========================================================================= 
[1] "Log Path: C:/Users/xwang21/Dropbox/Research/China FDI Africa/JOP R and R/JOP Replication Files/log/Table_A42.log"
[1] "Working Directory: C:/Users/xwang21/Dropbox/Research/China FDI Africa/JOP R and R/JOP Replication Files"
User Name: xwang21 
R Version: 4.0.4 (2021-02-15) 
Machine: LAPTOP-7NELGKDS x86-64 
Operating System: Windows 10 x64 build 19042 
Log Start Time: 2021-07-06 09:50:51 
========================================================================= 

                                 (1)        (2)        (3)        (4)       
 [1,] "Announced: first year"    "0.199"    "0.591"    "0.196"    "0.571"   
 [2,] ""                         "(5.635)"  "(5.891)"  "(4.967)"  "(5.942)" 
 [3,] "N of Annoucned matched"   "414"      "414"      "414"      "414"     
 [4,] "N of Eventual matched"    "1633"     "1633"     "1633"     "1633"    
 [5,] "Announced: second year"   "0.080"    "0.102"    "-0.059"   "-0.086"  
 [6,] ""                         "(2.818)"  "(1.420)"  "(-1.909)" "(-1.291)"
 [7,] "N of Annoucned matched"   "698"      "698"      "698"      "698"     
 [8,] "N of Eventual matched"    "2007"     "2007"     "2007"     "2007"    
 [9,] "Announced: >= third year" "-0.010"   "-0.199"   "0.160"    "0.333"   
[10,] ""                         "(-0.188)" "(-1.354)" "(2.783)"  "(2.347)" 
[11,] "N of Annoucned matched"   "147"      "147"      "147"      "147"     
[12,] "N of Eventual matched"    "507"      "507"      "507"      "507"     
[13,] "Active: first year"       "-0.035"   "-0.116"   "-0.097"   "-0.220"  
[14,] ""                         "(-1.851)" "(-2.123)" "(-5.337)" "(-4.548)"
[15,] "N of Active matched"      "5124"     "5124"     "5124"     "5124"    
[16,] "N of Eventual matched"    "5095"     "5095"     "5095"     "5095"    
[17,] "Active: second year"      "-0.001"   "0.032"    "-0.028"   "-0.013"  
[18,] ""                         "(-0.022)" "(0.421)"  "(-0.664)" "(-0.098)"
[19,] "N of Active matched"      "1697"     "1697"     "1697"     "1697"    
[20,] "N of Eventual matched"    "3207"     "3207"     "3207"     "3207"    
[21,] "Active: >= third year"    "-0.067"   "-0.345"   "-0.091"   "-0.312"  
[22,] ""                         "(-3.021)" "(-5.090)" "(-3.229)" "(-4.625)"
[23,] "N of Active matched"      "2387"     "2387"     "2387"     "2387"    
[24,] "N of Eventual matched"    "2302"     "2302"     "2302"     "2302"    
      (5)        (6)        (7)        (8)        (9)        (10)      
 [1,] "0.105"    "0.252"    "0.097"    "0.297"    "0.088"    "0.168"   
 [2,] "(2.366)"  "(2.783)"  "(2.228)"  "(3.146)"  "(1.800)"  "(1.570)" 
 [3,] "414"      "414"      "414"      "414"      "414"      "414"     
 [4,] "1633"     "1633"     "1633"     "1633"     "1633"     "1633"    
 [5,] "-0.057"   "-0.123"   "-0.066"   "-0.197"   "-0.110"   "-0.193"  
 [6,] "(-1.725)" "(-2.219)" "(-2.512)" "(-3.890)" "(-3.518)" "(-2.873)"
 [7,] "698"      "698"      "698"      "698"      "698"      "698"     
 [8,] "2007"     "2007"     "2007"     "2007"     "2007"     "2007"    
 [9,] "-0.283"   "-0.499"   "-0.221"   "-0.443"   "-0.282"   "-0.483"  
[10,] "(-5.588)" "(-4.925)" "(-4.794)" "(-5.020)" "(-4.668)" "(-3.883)"
[11,] "147"      "147"      "147"      "147"      "147"      "147"     
[12,] "507"      "507"      "507"      "507"      "507"      "507"     
[13,] "-0.094"   "-0.187"   "-0.058"   "-0.155"   "-0.036"   "-0.077"  
[14,] "(-4.178)" "(-4.112)" "(-3.541)" "(-4.564)" "(-1.541)" "(-1.442)"
[15,] "5124"     "5124"     "5124"     "5124"     "5124"     "5124"    
[16,] "5095"     "5095"     "5095"     "5095"     "5095"     "5095"    
[17,] "-0.042"   "-0.068"   "-0.056"   "-0.085"   "-0.009"   "-0.023"  
[18,] "(-1.402)" "(-1.060)" "(-2.434)" "(-1.731)" "(-0.289)" "(-0.345)"
[19,] "1697"     "1697"     "1697"     "1697"     "1697"     "1697"    
[20,] "3207"     "3207"     "3207"     "3207"     "3207"     "3207"    
[21,] "-0.125"   "-0.270"   "-0.073"   "-0.208"   "-0.010"   "0.011"   
[22,] "(-4.177)" "(-4.410)" "(-3.186)" "(-4.271)" "(-0.390)" "(0.181)" 
[23,] "2387"     "2387"     "2387"     "2387"     "2387"     "2387"    
[24,] "2302"     "2302"     "2302"     "2302"     "2302"     "2302"    

NOTE: Log Print Time:  2021-07-06 09:50:51 
NOTE: Elapsed Time in seconds: 0.0150749683380127 

========================================================================= 
Log End Time: 2021-07-06 09:50:51 
Log Elapsed Time: 0 00:00:00 
========================================================================= 
