========================================================================= 
[1] "Log Path: C:/Users/xwang21/Dropbox/Research/China FDI Africa/JOP R and R/JOP Replication Files/log/Table_A15.log"
[1] "Working Directory: C:/Users/xwang21/Dropbox/Research/China FDI Africa/JOP R and R/JOP Replication Files"
User Name: xwang21 
R Version: 4.0.4 (2021-02-15) 
Machine: LAPTOP-7NELGKDS x86-64 
Operating System: Windows 10 x64 build 19042 
Log Start Time: 2021-07-06 09:47:09 
========================================================================= 

                                   (1)        (2)        (3)        (4)       
 [1,] "Announced"                  "0.050"    "0.169"    "0.032"    "0.181"   
 [2,] ""                           "(1.781)"  "(2.216)"  "(1.134)"  "(2.878)" 
 [3,] "Active"                     "-0.023"   "-0.101"   "-0.083"   "-0.156"  
 [4,] ""                           "(-1.458)" "(-2.223)" "(-4.737)" "(-3.431)"
 [5,] "Active-Announced"           "-0.073"   "-0.270"   "-0.115"   "-0.337"  
 [6,] "F test: Active=Announced"   "6.497"    "11.642"   "16.189"   "26.197"  
 [7,] "p value"                    "0.011"    "0.001"    "0.000"    "0.000"   
 [8,] "Mean of dependent variable" "0.276"    "1.473"    "0.489"    "2.153"   
 [9,] "Individual controls"        "Yes"      "Yes"      "Yes"      "Yes"     
[10,] "Country fixed effects"      "Yes"      "Yes"      "Yes"      "Yes"     
[11,] "Survey round fixed effects" "Yes"      "Yes"      "Yes"      "Yes"     
[12,] "Number of observations"     "8974"     "8974"     "9106"     "9106"    
[13,] "Number of countries"        "19"       "19"       "19"       "19"      
[14,] "Number of villages"         "3538"     "3538"     "3538"     "3538"    
[15,] "Survey rounds"              "1-7"      "1-7"      "1-7"      "1-7"     
[16,] "Adjusted R squared"         "0.038"    "0.080"    "0.090"    "0.096"   
      (5)        (6)        (7)        (8)       
 [1,] "0.039"    "0.096"    "0.048"    "0.124"   
 [2,] "(1.570)"  "(1.291)"  "(1.710)"  "(1.761)" 
 [3,] "-0.001"   "-0.050"   "-0.061"   "-0.122"  
 [4,] "(-0.077)" "(-1.061)" "(-3.236)" "(-2.491)"
 [5,] "-0.040"   "-0.146"   "-0.110"   "-0.246"  
 [6,] "2.678"    "3.892"    "14.629"   "11.591"  
 [7,] "0.102"    "0.049"    "0.000"    "0.001"   
 [8,] "0.289"    "1.509"    "0.473"    "2.127"   
 [9,] "Yes"      "Yes"      "Yes"      "Yes"     
[10,] "Yes"      "Yes"      "Yes"      "Yes"     
[11,] "Yes"      "Yes"      "Yes"      "Yes"     
[12,] "9067"     "9067"     "8769"     "8769"    
[13,] "19"       "19"       "19"       "19"      
[14,] "3318"     "3318"     "3318"     "3318"    
[15,] "1-7"      "1-7"      "1-7"      "1-7"     
[16,] "0.061"    "0.106"    "0.111"    "0.099"   

NOTE: Log Print Time:  2021-07-06 09:47:09 
NOTE: Elapsed Time in seconds: 0.0100350379943848 

========================================================================= 
Log End Time: 2021-07-06 09:47:09 
Log Elapsed Time: 0 00:00:00 
========================================================================= 
