========================================================================= 
[1] "Log Path: C:/Users/xwang21/Dropbox/Research/China FDI Africa/JOP R and R/JOP Replication Files/log/Table_A13.log"
[1] "Working Directory: C:/Users/xwang21/Dropbox/Research/China FDI Africa/JOP R and R/JOP Replication Files"
User Name: xwang21 
R Version: 4.0.4 (2021-02-15) 
Machine: LAPTOP-7NELGKDS x86-64 
Operating System: Windows 10 x64 build 19042 
Log Start Time: 2021-07-06 09:46:36 
========================================================================= 

                                   (1)        (2)        (3)        (4)       
 [1,] "Announced"                  "-0.179"   "-0.482"   "-0.187"   "-0.399"  
 [2,] ""                           "(-3.774)" "(-3.926)" "(-4.014)" "(-3.131)"
 [3,] "Active"                     "0.024"    "0.054"    "-0.021"   "0.055"   
 [4,] ""                           "(1.551)"  "(1.261)"  "(-1.181)" "(1.253)" 
 [5,] "Active-Announced"           "0.203"    "0.536"    "0.166"    "0.455"   
 [6,] "F test: Active=Announced"   "16.334"   "17.123"   "11.184"   "11.507"  
 [7,] "p value"                    "0.000"    "0.000"    "0.001"    "0.001"   
 [8,] "Mean of dependent variable" "0.334"    "1.717"    "0.478"    "2.152"   
 [9,] "Individual controls"        "Yes"      "Yes"      "Yes"      "Yes"     
[10,] "Country fixed effects"      "Yes"      "Yes"      "Yes"      "Yes"     
[11,] "Survey round fixed effects" "Yes"      "Yes"      "Yes"      "Yes"     
[12,] "Number of observations"     "15046"    "15046"    "14726"    "14726"   
[13,] "Number of countries"        "14"       "14"       "14"       "14"      
[14,] "Number of villages"         "1425"     "1425"     "1425"     "1425"    
[15,] "Survey rounds"              "1-7"      "1-7"      "1-7"      "1-7"     
[16,] "Adjusted R squared"         "0.054"    "0.104"    "0.142"    "0.156"   
      (5)        (6)        (7)        (8)        (9)        (10)      
 [1,] "-0.278"   "-0.399"   "-0.153"   "-0.344"   "-0.174"   "-0.499"  
 [2,] "(-4.960)" "(-4.304)" "(-3.478)" "(-4.068)" "(-2.677)" "(-3.879)"
 [3,] "-0.011"   "0.007"    "-0.033"   "-0.046"   "0.028"    "0.093"   
 [4,] "(-0.595)" "(0.211)"  "(-2.307)" "(-1.466)" "(1.433)"  "(2.357)" 
 [5,] "0.267"    "0.406"    "0.120"    "0.298"    "0.202"    "0.593"   
 [6,] "20.745"   "17.327"   "6.918"    "11.333"   "8.925"    "19.822"  
 [7,] "0.000"    "0.000"    "0.009"    "0.001"    "0.003"    "0.000"   
 [8,] "0.453"    "1.263"    "0.280"    "0.934"    "0.618"    "1.640"   
 [9,] "Yes"      "Yes"      "Yes"      "Yes"      "Yes"      "Yes"     
[10,] "Yes"      "Yes"      "Yes"      "Yes"      "Yes"      "Yes"     
[11,] "Yes"      "Yes"      "Yes"      "Yes"      "Yes"      "Yes"     
[12,] "14515"    "14515"    "15976"    "15976"    "14885"    "14885"   
[13,] "14"       "14"       "14"       "14"       "14"       "14"      
[14,] "1425"     "1425"     "1425"     "1425"     "1425"     "1425"    
[15,] "1-7"      "1-7"      "1-7"      "1-7"      "1-7"      "1-7"     
[16,] "0.097"    "0.118"    "0.057"    "0.105"    "0.100"    "0.112"   

NOTE: Log Print Time:  2021-07-06 09:46:36 
NOTE: Elapsed Time in seconds: 0.0150661468505859 

========================================================================= 
Log End Time: 2021-07-06 09:46:36 
Log Elapsed Time: 0 00:00:00 
========================================================================= 
