========================================================================= 
[1] "Log Path: C:/Users/xwang21/Dropbox/Research/China FDI Africa/JOP R and R/JOP Replication Files/log/Table_A34.log"
[1] "Working Directory: C:/Users/xwang21/Dropbox/Research/China FDI Africa/JOP R and R/JOP Replication Files"
User Name: xwang21 
R Version: 4.0.4 (2021-02-15) 
Machine: LAPTOP-7NELGKDS x86-64 
Operating System: Windows 10 x64 build 19042 
Log Start Time: 2021-07-06 09:49:43 
========================================================================= 

                                               (1)        (2)        (3)       
 [1,] "Announced: first year"                  "0.103"    "0.329"    "0.109"   
 [2,] ""                                       "(3.735)"  "(3.998)"  "(4.363)" 
 [3,] "Announced: second year"                 "0.074"    "0.212"    "-0.014"  
 [4,] ""                                       "(2.897)"  "(3.020)"  "(-0.534)"
 [5,] "Announced: third year and above"        "0.015"    "0.059"    "0.047"   
 [6,] ""                                       "(0.666)"  "(0.888)"  "(1.627)" 
 [7,] "Active: first year"                     "0.014"    "0.015"    "-0.036"  
 [8,] ""                                       "(1.250)"  "(0.473)"  "(-2.659)"
 [9,] "Active: second year"                    "-0.008"   "-0.017"   "-0.065"  
[10,] ""                                       "(-0.537)" "(-0.346)" "(-3.366)"
[11,] "Active: third year and above"           "-0.019"   "-0.165"   "-0.084"  
[12,] ""                                       "(-1.263)" "(-3.607)" "(-4.851)"
[13,] "Active-Announced: first year"           "-0.090"   "-0.313"   "-0.144"  
[14,] "F test: Active=Announced"               "10.032"   "13.906"   "32.299"  
[15,] "p value"                                "0.002"    "0.000"    "0.000"   
[16,] "Active-Announced: second year"          "-0.083"   "-0.229"   "-0.051"  
[17,] "F test: Active=Announced"               "8.019"    "7.808"    "2.820"   
[18,] "p value"                                "0.005"    "0.005"    "0.093"   
[19,] "Active-Announced: third year and above" "-0.035"   "-0.224"   "-0.131"  
[20,] "F test: Active=Announced"               "1.851"    "9.360"    "17.390"  
[21,] "p value"                                "0.174"    "0.002"    "0.000"   
[22,] "Mean of dependent variable"             "0.299"    "1.545"    "0.521"   
[23,] "Individual controls"                    "Yes"      "Yes"      "Yes"     
[24,] "Country fixed effects"                  "Yes"      "Yes"      "Yes"     
[25,] "Survey round fixed effects"             "Yes"      "Yes"      "Yes"     
[26,] "Country specific linear time trends"    "Yes"      "Yes"      "Yes"     
[27,] "Number of observations"                 "34913"    "34913"    "35384"   
[28,] "Number of countries"                    "19"       "19"       "19"      
[29,] "Number of villages"                     "4071"     "4071"     "4071"    
[30,] "Survey rounds"                          "1-7"      "1-7"      "1-7"     
[31,] "Adjusted R squared"                     "0.054"    "0.100"    "0.104"   
      (4)        (5)        (6)        (7)        (8)        (9)        (10)      
 [1,] "0.269"    "0.068"    "0.148"    "0.050"    "0.127"    "0.133"    "0.238"   
 [2,] "(3.971)"  "(2.632)"  "(2.897)"  "(1.834)"  "(2.139)"  "(4.195)"  "(3.623)" 
 [3,] "0.104"    "-0.013"   "-0.008"   "-0.030"   "-0.079"   "-0.019"   "-0.009"  
 [4,] "(1.721)"  "(-0.475)" "(-0.153)" "(-1.316)" "(-1.741)" "(-0.770)" "(-0.171)"
 [5,] "0.035"    "-0.032"   "-0.063"   "-0.034"   "-0.057"   "0.078"    "0.132"   
 [6,] "(0.461)"  "(-0.990)" "(-1.070)" "(-1.344)" "(-0.950)" "(1.965)"  "(1.671)" 
 [7,] "-0.052"   "-0.012"   "-0.016"   "-0.003"   "-0.016"   "0.023"    "0.024"   
 [8,] "(-1.447)" "(-0.883)" "(-0.599)" "(-0.259)" "(-0.698)" "(1.581)"  "(0.775)" 
 [9,] "-0.118"   "-0.045"   "-0.084"   "-0.049"   "-0.096"   "-0.040"   "-0.063"  
[10,] "(-2.173)" "(-2.465)" "(-2.294)" "(-3.807)" "(-3.323)" "(-2.039)" "(-1.485)"
[11,] "-0.218"   "-0.075"   "-0.151"   "-0.030"   "-0.086"   "0.051"    "0.090"   
[12,] "(-4.584)" "(-4.141)" "(-4.115)" "(-2.121)" "(-2.868)" "(2.664)"  "(2.220)" 
[13,] "-0.321"   "-0.079"   "-0.163"   "-0.052"   "-0.143"   "-0.110"   "-0.215"  
[14,] "21.080"   "8.963"    "9.499"    "3.605"    "5.580"    "11.390"   "10.151"  
[15,] "0.000"    "0.003"    "0.002"    "0.058"    "0.018"    "0.001"    "0.001"   
[16,] "-0.222"   "-0.032"   "-0.076"   "-0.018"   "-0.016"   "-0.021"   "-0.053"  
[17,] "8.336"    "0.973"    "1.579"    "0.546"    "0.102"    "0.491"    "0.635"   
[18,] "0.004"    "0.324"    "0.209"    "0.460"    "0.750"    "0.484"    "0.426"   
[19,] "-0.252"   "-0.043"   "-0.088"   "0.004"    "-0.030"   "-0.026"   "-0.043"  
[20,] "10.067"   "1.662"    "2.000"    "0.027"    "0.234"    "0.405"    "0.268"   
[21,] "0.002"    "0.197"    "0.157"    "0.871"    "0.628"    "0.525"    "0.605"   
[22,] "2.236"    "0.430"    "1.214"    "0.253"    "0.865"    "0.602"    "1.620"   
[23,] "Yes"      "Yes"      "Yes"      "Yes"      "Yes"      "Yes"      "Yes"     
[24,] "Yes"      "Yes"      "Yes"      "Yes"      "Yes"      "Yes"      "Yes"     
[25,] "Yes"      "Yes"      "Yes"      "Yes"      "Yes"      "Yes"      "Yes"     
[26,] "Yes"      "Yes"      "Yes"      "Yes"      "Yes"      "Yes"      "Yes"     
[27,] "35384"    "33917"    "33917"    "38257"    "38257"    "34877"    "34877"   
[28,] "19"       "19"       "19"       "19"       "19"       "19"       "19"      
[29,] "4071"     "4071"     "4071"     "4071"     "4071"     "4071"     "4071"    
[30,] "1-7"      "1-7"      "1-7"      "1-7"      "1-7"      "1-7"      "1-7"     
[31,] "0.111"    "0.085"    "0.100"    "0.054"    "0.083"    "0.113"    "0.127"   

NOTE: Log Print Time:  2021-07-06 09:49:43 
NOTE: Elapsed Time in seconds: 0.0175337791442871 

========================================================================= 
Log End Time: 2021-07-06 09:49:43 
Log Elapsed Time: 0 00:00:00 
========================================================================= 
