========================================================================= 
[1] "Log Path: C:/Users/xwang21/Dropbox/Research/China FDI Africa/JOP R and R/JOP Replication Files/log/Table_A27.log"
[1] "Working Directory: C:/Users/xwang21/Dropbox/Research/China FDI Africa/JOP R and R/JOP Replication Files"
User Name: xwang21 
R Version: 4.0.4 (2021-02-15) 
Machine: LAPTOP-7NELGKDS x86-64 
Operating System: Windows 10 x64 build 19042 
Log Start Time: 2021-07-06 09:48:07 
========================================================================= 

                                         (1)        (2)        (3)        (4)       
 [1,] "Announced"                        "0.038"    "0.076"    "0.012"    "0.047"   
 [2,] ""                                 "(1.857)"  "(1.270)"  "(0.567)"  "(0.804)" 
 [3,] "Active"                           "-0.002"   "-0.030"   "-0.081"   "-0.178"  
 [4,] ""                                 "(-0.180)" "(-0.855)" "(-5.197)" "(-4.009)"
 [5,] "Active-Announced"                 "-0.040"   "-0.107"   "-0.093"   "-0.225"  
 [6,] "F test: Active=Announced"         "3.690"    "2.918"    "19.291"   "14.306"  
 [7,] "p value"                          "0.055"    "0.088"    "0.000"    "0.000"   
 [8,] "Mean of dependent variable"       "0.301"    "1.555"    "0.510"    "2.213"   
 [9,] "Individual controls"              "Yes"      "Yes"      "Yes"      "Yes"     
[10,] "Subnational region fixed effects" "Yes"      "Yes"      "Yes"      "Yes"     
[11,] "Survey round fixed effects"       "Yes"      "Yes"      "Yes"      "Yes"     
[12,] "Number of observations"           "28092"    "28092"    "28556"    "28556"   
[13,] "Number of countries"              "18"       "18"       "18"       "18"      
[14,] "Number of subnational regions"    "74"       "74"       "74"       "74"      
[15,] "Number of villages"               "3359"     "3359"     "3359"     "3359"    
[16,] "Survey rounds"                    "1-7"      "1-7"      "1-7"      "1-7"     
[17,] "Adjusted R squared"               "0.045"    "0.083"    "0.115"    "0.119"   
      (5)        (6)        (7)        (8)        (9)        (10)      
 [1,] "-0.021"   "-0.037"   "-0.038"   "-0.055"   "0.035"    "0.094"   
 [2,] "(-0.984)" "(-0.873)" "(-2.067)" "(-1.284)" "(1.402)"  "(1.789)" 
 [3,] "-0.045"   "-0.088"   "-0.052"   "-0.098"   "-0.036"   "-0.074"  
 [4,] "(-2.954)" "(-2.962)" "(-4.153)" "(-3.628)" "(-2.325)" "(-2.287)"
 [5,] "-0.024"   "-0.051"   "-0.015"   "-0.043"   "-0.071"   "-0.168"  
 [6,] "1.149"    "1.383"    "0.643"    "0.975"    "7.866"    "9.861"   
 [7,] "0.284"    "0.240"    "0.423"    "0.324"    "0.005"    "0.002"   
 [8,] "0.442"    "1.231"    "0.249"    "0.851"    "0.598"    "1.610"   
 [9,] "Yes"      "Yes"      "Yes"      "Yes"      "Yes"      "Yes"     
[10,] "Yes"      "Yes"      "Yes"      "Yes"      "Yes"      "Yes"     
[11,] "Yes"      "Yes"      "Yes"      "Yes"      "Yes"      "Yes"     
[12,] "27357"    "27357"    "30717"    "30717"    "28507"    "28507"   
[13,] "18"       "18"       "18"       "18"       "18"       "18"      
[14,] "74"       "74"       "74"       "74"       "74"       "74"      
[15,] "3359"     "3359"     "3359"     "3359"     "3359"     "3359"    
[16,] "1-7"      "1-7"      "1-7"      "1-7"      "1-7"      "1-7"     
[17,] "0.073"    "0.086"    "0.052"    "0.080"    "0.095"    "0.103"   

NOTE: Log Print Time:  2021-07-06 09:48:07 
NOTE: Elapsed Time in seconds: 0.0151338577270508 

========================================================================= 
Log End Time: 2021-07-06 09:48:07 
Log Elapsed Time: 0 00:00:00 
========================================================================= 
