========================================================================= 
[1] "Log Path: C:/Users/xwang21/Dropbox/Research/China FDI Africa/JOP R and R/JOP Replication Files/log/Table_A40.log"
[1] "Working Directory: C:/Users/xwang21/Dropbox/Research/China FDI Africa/JOP R and R/JOP Replication Files"
User Name: xwang21 
R Version: 4.0.4 (2021-02-15) 
Machine: LAPTOP-7NELGKDS x86-64 
Operating System: Windows 10 x64 build 19042 
Log Start Time: 2021-07-06 09:50:44 
========================================================================= 

                                   (1)       (2)       (3)        (4)       
 [1,] "Announced"                  "0.108"   "0.293"   "0.026"    "0.128"   
 [2,] ""                           "(3.357)" "(2.035)" "(0.505)"  "(1.028)" 
 [3,] "Active"                     "0.021"   "0.073"   "-0.051"   "-0.027"  
 [4,] ""                           "(0.594)" "(0.699)" "(-1.032)" "(-0.206)"
 [5,] "Active-Announced"           "-0.087"  "-0.221"  "-0.077"   "-0.156"  
 [6,] "F test: Active=Announced"   "3.630"   "1.583"   "1.752"    "0.995"   
 [7,] "p value"                    "0.057"   "0.208"   "0.186"    "0.318"   
 [8,] "Mean of dependent variable" "0.300"   "1.567"   "0.517"    "2.235"   
 [9,] "Individual controls"        "Yes"     "Yes"     "Yes"      "Yes"     
[10,] "Project fixed effects"      "Yes"     "Yes"     "Yes"      "Yes"     
[11,] "Survey round fixed effects" "Yes"     "Yes"     "Yes"      "Yes"     
[12,] "Number of observations"     "29159"   "29159"   "29556"    "29556"   
[13,] "Number of countries"        "18"      "18"      "18"       "18"      
[14,] "Number of project"          "62"      "62"      "62"       "62"      
[15,] "Number of villages"         "3526"    "3526"    "3526"     "3526"    
[16,] "Survey rounds"              "1-7"     "1-7"     "1-7"      "1-7"     
[17,] "Adjusted R squared"         "0.058"   "0.106"   "0.114"    "0.123"   
      (5)        (6)        (7)        (8)        (9)       (10)     
 [1,] "0.018"    "0.026"    "0.016"    "0.023"    "0.018"   "0.025"  
 [2,] "(0.268)"  "(0.206)"  "(0.493)"  "(0.258)"  "(0.197)" "(0.138)"
 [3,] "-0.029"   "-0.023"   "-0.023"   "-0.029"   "0.007"   "0.031"  
 [4,] "(-0.624)" "(-0.260)" "(-0.676)" "(-0.383)" "(0.139)" "(0.289)"
 [5,] "-0.046"   "-0.048"   "-0.039"   "-0.052"   "-0.011"  "0.007"  
 [6,] "0.345"    "0.111"    "0.987"    "0.281"    "0.011"   "0.001"  
 [7,] "0.557"    "0.738"    "0.320"    "0.596"    "0.917"   "0.973"  
 [8,] "0.443"    "1.247"    "0.256"    "0.879"    "0.606"   "1.628"  
 [9,] "Yes"      "Yes"      "Yes"      "Yes"      "Yes"     "Yes"    
[10,] "Yes"      "Yes"      "Yes"      "Yes"      "Yes"     "Yes"    
[11,] "Yes"      "Yes"      "Yes"      "Yes"      "Yes"     "Yes"    
[12,] "28305"    "28305"    "32177"    "32177"    "29213"   "29213"  
[13,] "18"       "18"       "18"       "18"       "18"      "18"     
[14,] "62"       "62"       "62"       "62"       "62"      "62"     
[15,] "3526"     "3526"     "3526"     "3526"     "3526"    "3526"   
[16,] "1-7"      "1-7"      "1-7"      "1-7"      "1-7"     "1-7"    
[17,] "0.082"    "0.103"    "0.050"    "0.086"    "0.084"   "0.097"  

NOTE: Log Print Time:  2021-07-06 09:50:44 
NOTE: Elapsed Time in seconds: 0.0200619697570801 

========================================================================= 
Log End Time: 2021-07-06 09:50:44 
Log Elapsed Time: 0 00:00:00 
========================================================================= 
