========================================================================= 
[1] "Log Path: C:/Users/xwang21/Dropbox/Research/China FDI Africa/JOP R and R/JOP Replication Files/log/Table_A32.log"
[1] "Working Directory: C:/Users/xwang21/Dropbox/Research/China FDI Africa/JOP R and R/JOP Replication Files"
User Name: xwang21 
R Version: 4.0.4 (2021-02-15) 
Machine: LAPTOP-7NELGKDS x86-64 
Operating System: Windows 10 x64 build 19042 
Log Start Time: 2021-07-06 09:49:09 
========================================================================= 

                                               (1)        (2)        (3)       
 [1,] "Announced: first year"                  "0.047"    "0.128"    "0.045"   
 [2,] ""                                       "(1.767)"  "(2.438)"  "(1.657)" 
 [3,] "Announced: second year"                 "-0.035"   "-0.042"   "-0.030"  
 [4,] ""                                       "(-1.190)" "(-0.776)" "(-1.059)"
 [5,] "Announced: third year and above"        "-0.119"   "-0.227"   "-0.111"  
 [6,] ""                                       "(-3.619)" "(-3.821)" "(-3.390)"
 [7,] "Active: first year"                     "-0.061"   "-0.096"   "-0.053"  
 [8,] ""                                       "(-4.636)" "(-3.639)" "(-3.779)"
 [9,] "Active: second year"                    "-0.066"   "-0.117"   "-0.073"  
[10,] ""                                       "(-3.552)" "(-3.101)" "(-3.821)"
[11,] "Active: third year and above"           "-0.084"   "-0.144"   "-0.067"  
[12,] ""                                       "(-4.934)" "(-4.189)" "(-3.879)"
[13,] "Active-Announced: first year"           "-0.107"   "-0.224"   "-0.097"  
[14,] "F test: Active=Announced"               "16.465"   "17.529"   "13.549"  
[15,] "p value"                                "0.000"    "0.000"    "0.000"   
[16,] "Active-Announced: second year"          "-0.031"   "-0.075"   "-0.043"  
[17,] "F test: Active=Announced"               "0.915"    "1.417"    "1.836"   
[18,] "p value"                                "0.339"    "0.234"    "0.175"   
[19,] "Active-Announced: third year and above" "0.035"    "0.083"    "0.043"   
[20,] "F test: Active=Announced"               "1.095"    "1.905"    "1.795"   
[21,] "p value"                                "0.295"    "0.168"    "0.180"   
[22,] "Mean of dependent variable"             "0.426"    "1.203"    "0.418"   
[23,] "Individual controls"                    "Yes"      "Yes"      "Yes"     
[24,] "Country fixed effects"                  "Yes"      "Yes"      "Yes"     
[25,] "Survey round fixed effects"             "Yes"      "Yes"      "Yes"     
[26,] "Number of observations"                 "29394"    "29394"    "25822"   
[27,] "Number of countries"                    "19"       "19"       "19"      
[28,] "Number of villages"                     "3529"     "3529"     "3199"    
[29,] "Survey rounds"                          "1-7"      "1-7"      "1-7"     
[30,] "Adjusted R squared"                     "0.075"    "0.090"    "0.076"   
      (4)        (5)        (6)        (7)        (8)        (9)        (10)      
 [1,] "0.129"    "0.013"    "0.059"    "0.014"    "0.063"    "0.095"    "0.188"   
 [2,] "(2.417)"  "(0.489)"  "(0.988)"  "(0.510)"  "(1.038)"  "(2.712)"  "(2.542)" 
 [3,] "-0.048"   "-0.018"   "-0.073"   "-0.018"   "-0.074"   "-0.054"   "-0.070"  
 [4,] "(-0.912)" "(-0.771)" "(-1.571)" "(-0.793)" "(-1.552)" "(-1.886)" "(-1.052)"
 [5,] "-0.204"   "-0.097"   "-0.173"   "-0.104"   "-0.190"   "-0.009"   "-0.030"  
 [6,] "(-3.434)" "(-4.088)" "(-2.901)" "(-4.460)" "(-3.400)" "(-0.298)" "(-0.505)"
 [7,] "-0.078"   "-0.032"   "-0.070"   "-0.028"   "-0.066"   "-0.045"   "-0.091"  
 [8,] "(-2.794)" "(-3.079)" "(-3.157)" "(-2.571)" "(-2.700)" "(-3.078)" "(-3.013)"
 [9,] "-0.127"   "-0.064"   "-0.127"   "-0.070"   "-0.135"   "-0.074"   "-0.117"  
[10,] "(-3.340)" "(-5.208)" "(-4.595)" "(-5.314)" "(-4.593)" "(-3.653)" "(-2.675)"
[11,] "-0.107"   "-0.052"   "-0.114"   "-0.045"   "-0.102"   "0.007"    "0.029"   
[12,] "(-3.036)" "(-3.868)" "(-3.957)" "(-3.245)" "(-3.369)" "(0.362)"  "(0.720)" 
[13,] "-0.208"   "-0.045"   "-0.129"   "-0.043"   "-0.129"   "-0.141"   "-0.279"  
[14,] "15.254"   "2.680"    "4.691"    "2.403"    "4.629"    "15.325"   "13.734"  
[15,] "0.000"    "0.102"    "0.030"    "0.121"    "0.031"    "0.000"    "0.000"   
[16,] "-0.079"   "-0.047"   "-0.054"   "-0.052"   "-0.062"   "-0.020"   "-0.047"  
[17,] "1.661"    "3.425"    "1.069"    "4.422"    "1.416"    "0.362"    "0.383"   
[18,] "0.198"    "0.064"    "0.301"    "0.035"    "0.234"    "0.547"    "0.536"   
[19,] "0.097"    "0.045"    "0.059"    "0.058"    "0.089"    "0.016"    "0.059"   
[20,] "2.700"    "3.374"    "0.955"    "5.869"    "2.481"    "0.244"    "0.855"   
[21,] "0.100"    "0.066"    "0.328"    "0.015"    "0.115"    "0.621"    "0.355"   
[22,] "1.190"    "0.251"    "0.858"    "0.247"    "0.850"    "0.605"    "1.624"   
[23,] "Yes"      "Yes"      "Yes"      "Yes"      "Yes"      "Yes"      "Yes"     
[24,] "Yes"      "Yes"      "Yes"      "Yes"      "Yes"      "Yes"      "Yes"     
[25,] "Yes"      "Yes"      "Yes"      "Yes"      "Yes"      "Yes"      "Yes"     
[26,] "25822"    "31441"    "31441"    "27599"    "27599"    "29123"    "29123"   
[27,] "19"       "19"       "19"       "19"       "19"       "19"       "19"      
[28,] "3199"     "3529"     "3529"     "3199"     "3199"     "3529"     "3529"    
[29,] "1-7"      "1-7"      "1-7"      "1-7"      "1-7"      "1-7"      "1-7"     
[30,] "0.087"    "0.039"    "0.069"    "0.036"    "0.061"    "0.076"    "0.082"   
      (11)       (12)      
 [1,] "0.115"    "0.229"   
 [2,] "(3.223)"  "(3.045)" 
 [3,] "-0.046"   "-0.033"  
 [4,] "(-1.607)" "(-0.515)"
 [5,] "0.002"    "-0.012"  
 [6,] "(0.084)"  "(-0.209)"
 [7,] "-0.027"   "-0.052"  
 [8,] "(-1.777)" "(-1.689)"
 [9,] "-0.065"   "-0.093"  
[10,] "(-3.197)" "(-2.154)"
[11,] "0.032"    "0.084"   
[12,] "(1.616)"  "(2.056)" 
[13,] "-0.142"   "-0.282"  
[14,] "15.231"   "13.632"  
[15,] "0.000"    "0.000"   
[16,] "-0.019"   "-0.060"  
[17,] "0.333"    "0.666"   
[18,] "0.564"    "0.414"   
[19,] "0.029"    "0.096"   
[20,] "0.872"    "2.466"   
[21,] "0.350"    "0.116"   
[22,] "0.599"    "1.615"   
[23,] "Yes"      "Yes"     
[24,] "Yes"      "Yes"     
[25,] "Yes"      "Yes"     
[26,] "25547"    "25547"   
[27,] "19"       "19"      
[28,] "3199"     "3199"    
[29,] "1-7"      "1-7"     
[30,] "0.082"    "0.088"   

NOTE: Log Print Time:  2021-07-06 09:49:09 
NOTE: Elapsed Time in seconds: 0.0303449630737305 

========================================================================= 
Log End Time: 2021-07-06 09:49:09 
Log Elapsed Time: 0 00:00:00 
========================================================================= 
