========================================================================= 
[1] "Log Path: C:/Users/xwang21/Dropbox/Research/China FDI Africa/JOP R and R/JOP Replication Files/log/Table 1.log"
[1] "Working Directory: C:/Users/xwang21/Dropbox/Research/China FDI Africa/JOP R and R/JOP Replication Files"
User Name: xwang21 
R Version: 4.0.4 (2021-02-15) 
Machine: LAPTOP-7NELGKDS x86-64 
Operating System: Windows 10 x64 build 19042 
Log Start Time: 2021-06-29 17:27:22 
========================================================================= 

                                         (1)        (2)        (3)        (4)       
 [1,] "Announced"                        "0.059"    "0.170"    "0.025"    "0.093"   
 [2,] ""                                 "(3.640)"  "(3.573)"  "(1.450)"  "(1.790)" 
 [3,] "Active"                           "-0.019"   "-0.090"   "-0.059"   "-0.115"  
 [4,] ""                                 "(-1.803)" "(-3.045)" "(-5.258)" "(-3.907)"
 [5,] "Active-Announced"                 "-0.077"   "-0.260"   "-0.085"   "-0.208"  
 [6,] "F test: Active=Announced"         "21.531"   "27.646"   "23.882"   "16.621"  
 [7,] "p value"                          "0.000"    "0.000"    "0.000"    "0.000"   
 [8,] "Mean of dependent variable"       "0.295"    "1.534"    "0.518"    "2.228"   
 [9,] "Individual controls"              "Yes"      "Yes"      "Yes"      "Yes"     
[10,] "Country fixed effects"            "Yes"      "Yes"      "Yes"      "Yes"     
[11,] "Survey round fixed effects"       "Yes"      "Yes"      "Yes"      "Yes"     
[12,] "Number of observations"           "36744"    "36744"    "37014"    "37014"   
[13,] "Number of countries"              "19"       "19"       "19"       "19"      
[14,] "Number of townships and villages" "4372"     "4372"     "4372"     "4372"    
[15,] "Survey rounds"                    "1-7"      "1-7"      "1-7"      "1-7"     
[16,] "Adjusted R squared"               "0.039"    "0.080"    "0.089"    "0.092"   

NOTE: Log Print Time:  2021-06-29 17:27:22 
NOTE: Elapsed Time in seconds: 0.0169570446014404 

========================================================================= 
Log End Time: 2021-06-29 17:27:22 
Log Elapsed Time: 0 00:00:00 
========================================================================= 
