========================================================================= 
[1] "Log Path: C:/Users/xwang21/Dropbox/Research/China FDI Africa/JOP R and R/JOP Replication Files/log/Table_A12.log"
[1] "Working Directory: C:/Users/xwang21/Dropbox/Research/China FDI Africa/JOP R and R/JOP Replication Files"
User Name: xwang21 
R Version: 4.0.4 (2021-02-15) 
Machine: LAPTOP-7NELGKDS x86-64 
Operating System: Windows 10 x64 build 19042 
Log Start Time: 2021-07-06 09:46:33 
========================================================================= 

                                               (1)        (2)        (3)       
 [1,] "Announced: first year"                  "0.117"    "0.362"    "0.140"   
 [2,] ""                                       "(3.681)"  "(3.839)"  "(4.368)" 
 [3,] "Announced: second year"                 "0.114"    "0.247"    "-0.018"  
 [4,] ""                                       "(3.853)"  "(2.927)"  "(-0.596)"
 [5,] "Announced: third year and above"        "-0.015"   "-0.065"   "0.005"   
 [6,] ""                                       "(-0.615)" "(-0.854)" "(0.121)" 
 [7,] "Active: first year"                     "-0.026"   "-0.074"   "-0.006"  
 [8,] ""                                       "(-1.721)" "(-1.624)" "(-0.329)"
 [9,] "Active: second year"                    "-0.062"   "-0.188"   "-0.107"  
[10,] ""                                       "(-2.887)" "(-2.935)" "(-4.544)"
[11,] "Active: third year and above"           "-0.016"   "-0.108"   "-0.043"  
[12,] ""                                       "(-0.885)" "(-1.940)" "(-2.127)"
[13,] "Active-Announced: first year"           "-0.143"   "-0.436"   "-0.146"  
[14,] "F test: Active=Announced"               "19.623"   "20.432"   "20.700"  
[15,] "p value"                                "0.000"    "0.000"    "0.000"   
[16,] "Active-Announced: second year"          "-0.176"   "-0.435"   "-0.090"  
[17,] "F test: Active=Announced"               "25.257"   "18.371"   "6.636"   
[18,] "p value"                                "0.000"    "0.000"    "0.010"   
[19,] "Active-Announced: third year and above" "-0.001"   "-0.043"   "-0.048"  
[20,] "F test: Active=Announced"               "0.001"    "0.266"    "1.399"   
[21,] "p value"                                "0.975"    "0.606"    "0.237"   
[22,] "Mean of dependent variable"             "0.272"    "1.421"    "0.552"   
[23,] "Individual controls"                    "Yes"      "Yes"      "Yes"     
[24,] "Country fixed effects"                  "Yes"      "Yes"      "Yes"     
[25,] "Survey round fixed effects"             "Yes"      "Yes"      "Yes"     
[26,] "Number of observations"                 "19947"    "19947"    "20743"   
[27,] "Number of countries"                    "12"       "12"       "12"      
[28,] "Number of villages"                     "2695"     "2695"     "2695"    
[29,] "Survey rounds"                          "1-7"      "1-7"      "1-7"     
[30,] "Adjusted R squared"                     "0.038"    "0.066"    "0.068"   
      (4)        (5)        (6)        (7)        (8)        (9)        (10)      
 [1,] "0.358"    "0.061"    "0.144"    "0.075"    "0.172"    "0.069"    "0.132"   
 [2,] "(4.168)"  "(2.091)"  "(2.404)"  "(2.548)"  "(2.595)"  "(1.898)"  "(1.661)" 
 [3,] "0.065"    "-0.005"   "-0.020"   "-0.033"   "-0.096"   "-0.021"   "-0.033"  
 [4,] "(0.931)"  "(-0.174)" "(-0.336)" "(-1.255)" "(-1.737)" "(-0.744)" "(-0.521)"
 [5,] "-0.075"   "-0.085"   "-0.180"   "-0.045"   "-0.088"   "0.008"    "-0.025"  
 [6,] "(-0.580)" "(-2.541)" "(-2.904)" "(-2.043)" "(-1.541)" "(0.243)"  "(-0.360)"
 [7,] "0.000"    "-0.052"   "-0.096"   "0.006"    "-0.013"   "-0.079"   "-0.214"  
 [8,] "(0.004)"  "(-2.788)" "(-2.564)" "(0.424)"  "(-0.414)" "(-3.682)" "(-4.816)"
 [9,] "-0.298"   "-0.112"   "-0.192"   "-0.046"   "-0.080"   "-0.082"   "-0.164"  
[10,] "(-4.596)" "(-4.725)" "(-3.971)" "(-2.807)" "(-2.196)" "(-2.959)" "(-2.774)"
[11,] "-0.090"   "-0.070"   "-0.134"   "-0.017"   "-0.044"   "0.007"    "0.001"   
[12,] "(-1.603)" "(-3.316)" "(-3.101)" "(-1.038)" "(-1.248)" "(0.314)"  "(0.025)" 
[13,] "-0.358"   "-0.113"   "-0.241"   "-0.069"   "-0.185"   "-0.149"   "-0.346"  
[14,] "17.313"   "14.472"   "15.434"   "5.266"    "7.555"    "16.220"   "18.538"  
[15,] "0.000"    "0.000"    "0.000"    "0.022"    "0.006"    "0.000"    "0.000"   
[16,] "-0.363"   "-0.106"   "-0.172"   "-0.013"   "0.016"    "-0.061"   "-0.131"  
[17,] "16.358"   "8.801"    "5.834"    "0.232"    "0.068"    "2.917"    "2.652"   
[18,] "0.000"    "0.003"    "0.016"    "0.630"    "0.795"    "0.088"    "0.103"   
[19,] "-0.015"   "0.015"    "0.046"    "0.028"    "0.044"    "-0.001"   "0.026"   
[20,] "0.013"    "0.197"    "0.521"    "1.423"    "0.575"    "0.001"    "0.126"   
[21,] "0.909"    "0.657"    "0.470"    "0.233"    "0.448"    "0.982"    "0.723"   
[22,] "2.298"    "0.414"    "1.181"    "0.236"    "0.819"    "0.589"    "1.603"   
[23,] "Yes"      "Yes"      "Yes"      "Yes"      "Yes"      "Yes"      "Yes"     
[24,] "Yes"      "Yes"      "Yes"      "Yes"      "Yes"      "Yes"      "Yes"     
[25,] "Yes"      "Yes"      "Yes"      "Yes"      "Yes"      "Yes"      "Yes"     
[26,] "20743"    "19466"    "19466"    "22367"    "22367"    "20061"    "20061"   
[27,] "12"       "12"       "12"       "12"       "12"       "12"       "12"      
[28,] "2695"     "2695"     "2695"     "2695"     "2695"     "2695"     "2695"    
[29,] "1-7"      "1-7"      "1-7"      "1-7"      "1-7"      "1-7"      "1-7"     
[30,] "0.081"    "0.061"    "0.072"    "0.030"    "0.045"    "0.078"    "0.089"   

NOTE: Log Print Time:  2021-07-06 09:46:33 
NOTE: Elapsed Time in seconds: 0.0199348926544189 

========================================================================= 
Log End Time: 2021-07-06 09:46:33 
Log Elapsed Time: 0 00:00:00 
========================================================================= 
