========================================================================= 
[1] "Log Path: C:/Users/xwang21/Dropbox/Research/China FDI Africa/JOP R and R/JOP Replication Files/log/Table_A7.log"
[1] "Working Directory: C:/Users/xwang21/Dropbox/Research/China FDI Africa/JOP R and R/JOP Replication Files"
User Name: xwang21 
R Version: 4.0.4 (2021-02-15) 
Machine: LAPTOP-7NELGKDS x86-64 
Operating System: Windows 10 x64 build 19042 
Log Start Time: 2021-07-06 09:46:01 
========================================================================= 

                 row_labels Announced Active Eventual Not close Announced-Eventual
1 Living in urban areas (%)     75.71  76.11    72.60     31.41               3.11
2      No formal school (%)      7.33   6.06     9.78     16.99              -2.45
3        Primary school (%)     24.36  19.79    24.18     35.35               0.18
4      Secondary school (%)     47.15  49.32    46.35     35.85               0.79
5 Post-secondary school (%)     19.69  23.02    18.51     11.35               1.18
6         Post-graduate (%)      1.48   1.81     1.17      0.47               0.31
7                       Age     35.61  36.62    36.46     36.60              -0.84
8                Female (%)     50.37  50.07    49.97     50.09               0.40
  Active-Eventual
1            3.51
2           -3.72
3           -4.39
4            2.96
5            4.51
6            0.65
7            0.16
8            0.11

NOTE: Data frame has 8 rows and 7 columns. 

NOTE: Log Print Time:  2021-07-06 09:46:01 
NOTE: Elapsed Time in seconds: 0.0239379405975342 

========================================================================= 
Log End Time: 2021-07-06 09:46:01 
Log Elapsed Time: 0 00:00:00 
========================================================================= 
