========================================================================= 
[1] "Log Path: C:/Users/xwang21/Dropbox/Research/China FDI Africa/JOP R and R/JOP Replication Files/log/Table_A11.log"
[1] "Working Directory: C:/Users/xwang21/Dropbox/Research/China FDI Africa/JOP R and R/JOP Replication Files"
User Name: xwang21 
R Version: 4.0.4 (2021-02-15) 
Machine: LAPTOP-7NELGKDS x86-64 
Operating System: Windows 10 x64 build 19042 
Log Start Time: 2021-07-06 09:46:27 
========================================================================= 

                                   (1)        (2)        (3)        (4)       
 [1,] "Announced"                  "0.073"    "0.187"    "0.041"    "0.112"   
 [2,] ""                           "(4.078)"  "(3.473)"  "(1.900)"  "(1.681)" 
 [3,] "Active"                     "-0.041"   "-0.145"   "-0.052"   "-0.128"  
 [4,] ""                           "(-2.986)" "(-3.553)" "(-3.365)" "(-3.109)"
 [5,] "Active-Announced"           "-0.114"   "-0.332"   "-0.093"   "-0.241"  
 [6,] "F test: Active=Announced"   "37.956"   "34.710"   "20.153"   "15.106"  
 [7,] "p value"                    "0.000"    "0.000"    "0.000"    "0.000"   
 [8,] "Mean of dependent variable" "0.267"    "1.400"    "0.544"    "2.279"   
 [9,] "Individual controls"        "Yes"      "Yes"      "Yes"      "Yes"     
[10,] "Country fixed effects"      "Yes"      "Yes"      "Yes"      "Yes"     
[11,] "Survey round fixed effects" "Yes"      "Yes"      "Yes"      "Yes"     
[12,] "Number of observations"     "21303"    "21303"    "21922"    "21922"   
[13,] "Number of countries"        "12"       "12"       "12"       "12"      
[14,] "Number of villages"         "2952"     "2952"     "2952"     "2952"    
[15,] "Survey rounds"              "1-7"      "1-7"      "1-7"      "1-7"     
[16,] "Adjusted R squared"         "0.038"    "0.064"    "0.068"    "0.082"   
      (5)        (6)        (7)        (8)        (9)        (10)      
 [1,] "-0.005"   "-0.018"   "-0.004"   "-0.009"   "0.033"    "0.051"   
 [2,] "(-0.271)" "(-0.462)" "(-0.271)" "(-0.264)" "(1.615)"  "(1.182)" 
 [3,] "-0.080"   "-0.154"   "-0.026"   "-0.067"   "-0.066"   "-0.153"  
 [4,] "(-5.027)" "(-4.684)" "(-2.141)" "(-2.507)" "(-3.374)" "(-3.767)"
 [5,] "-0.075"   "-0.136"   "-0.022"   "-0.057"   "-0.099"   "-0.204"  
 [6,] "14.689"   "12.272"   "1.946"    "2.566"    "20.740"   "19.132"  
 [7,] "0.000"    "0.000"    "0.163"    "0.109"    "0.000"    "0.000"   
 [8,] "0.403"    "1.156"    "0.230"    "0.805"    "0.578"    "1.582"   
 [9,] "Yes"      "Yes"      "Yes"      "Yes"      "Yes"      "Yes"     
[10,] "Yes"      "Yes"      "Yes"      "Yes"      "Yes"      "Yes"     
[11,] "Yes"      "Yes"      "Yes"      "Yes"      "Yes"      "Yes"     
[12,] "20812"    "20812"    "23720"    "23720"    "21389"    "21389"   
[13,] "12"       "12"       "12"       "12"       "12"       "12"      
[14,] "2952"     "2952"     "2952"     "2952"     "2952"     "2952"    
[15,] "1-7"      "1-7"      "1-7"      "1-7"      "1-7"      "1-7"     
[16,] "0.063"    "0.076"    "0.029"    "0.044"    "0.075"    "0.086"   

NOTE: Log Print Time:  2021-07-06 09:46:27 
NOTE: Elapsed Time in seconds: 0.0201399326324463 

========================================================================= 
Log End Time: 2021-07-06 09:46:27 
Log Elapsed Time: 0 00:00:00 
========================================================================= 
