========================================================================= 
[1] "Log Path: C:/Users/xwang21/Dropbox/Research/China FDI Africa/JOP R and R/JOP Replication Files/log/Table_A22.log"
[1] "Working Directory: C:/Users/xwang21/Dropbox/Research/China FDI Africa/JOP R and R/JOP Replication Files"
User Name: xwang21 
R Version: 4.0.4 (2021-02-15) 
Machine: LAPTOP-7NELGKDS x86-64 
Operating System: Windows 10 x64 build 19042 
Log Start Time: 2021-07-06 09:47:34 
========================================================================= 

                                               (1)        (2)        (3)       
 [1,] "Announced: first year"                  "0.112"    "0.358"    "0.096"   
 [2,] ""                                       "(3.504)"  "(3.795)"  "(3.338)" 
 [3,] "Announced: second year"                 "0.122"    "0.340"    "-0.003"  
 [4,] ""                                       "(4.170)"  "(4.097)"  "(-0.112)"
 [5,] "Announced: third year and above"        "0.038"    "0.110"    "0.070"   
 [6,] ""                                       "(1.289)"  "(1.341)"  "(1.793)" 
 [7,] "Active: first year"                     "-0.024"   "-0.078"   "-0.033"  
 [8,] ""                                       "(-1.773)" "(-1.934)" "(-1.989)"
 [9,] "Active: second year"                    "-0.016"   "-0.039"   "-0.057"  
[10,] ""                                       "(-0.909)" "(-0.720)" "(-2.819)"
[11,] "Active: third year and above"           "-0.047"   "-0.268"   "-0.118"  
[12,] ""                                       "(-2.791)" "(-5.233)" "(-6.496)"
[13,] "Active-Announced: first year"           "-0.136"   "-0.436"   "-0.129"  
[14,] "F test: Active=Announced"               "17.213"   "19.819"   "18.346"  
[15,] "p value"                                "0.000"    "0.000"    "0.000"   
[16,] "Active-Announced: second year"          "-0.138"   "-0.379"   "-0.054"  
[17,] "F test: Active=Announced"               "17.537"   "15.739"   "2.700"   
[18,] "p value"                                "0.000"    "0.000"    "0.100"   
[19,] "Active-Announced: third year and above" "-0.086"   "-0.378"   "-0.188"  
[20,] "F test: Active=Announced"               "8.216"    "19.956"   "22.972"  
[21,] "p value"                                "0.004"    "0.000"    "0.000"   
[22,] "Mean of dependent variable"             "0.279"    "1.489"    "0.545"   
[23,] "Individual controls"                    "Yes"      "Yes"      "Yes"     
[24,] "Country fixed effects"                  "Yes"      "Yes"      "Yes"     
[25,] "Survey round fixed effects"             "Yes"      "Yes"      "Yes"     
[26,] "Number of observations"                 "23690"    "23690"    "24807"   
[27,] "Number of countries"                    "11"       "11"       "11"      
[28,] "Number of villages"                     "3039"     "3039"     "3039"    
[29,] "Survey rounds"                          "1-7"      "1-7"      "1-7"     
[30,] "Adjusted R squared"                     "0.024"    "0.056"    "0.083"   
      (4)        (5)        (6)        (7)       (8)       
 [1,] "0.285"    "-0.027"   "-0.052"   "0.008"   "-0.034"  
 [2,] "(3.576)"  "(-0.791)" "(-0.535)" "(0.225)" "(-0.390)"
 [3,] "0.173"    "-0.078"   "-0.049"   "0.115"   "0.245"   
 [4,] "(2.437)"  "(-2.508)" "(-0.503)" "(2.671)" "(2.160)" 
 [5,] "0.157"    "0.019"    "0.029"    "0.084"   "0.564"   
 [6,] "(1.781)"  "(0.157)"  "(0.078)"  "(0.361)" "(1.656)" 
 [7,] "-0.048"   "0.013"    "0.036"    "0.099"   "0.271"   
 [8,] "(-1.099)" "(0.777)"  "(0.748)"  "(5.449)" "(4.888)" 
 [9,] "-0.101"   "0.044"    "0.154"    "0.136"   "0.393"   
[10,] "(-1.744)" "(2.112)"  "(3.038)"  "(6.709)" "(6.530)" 
[11,] "-0.305"   "0.079"    "0.252"    "0.181"   "0.521"   
[12,] "(-6.137)" "(4.361)"  "(4.817)"  "(8.828)" "(8.736)" 
[13,] "-0.333"   "0.040"    "0.088"    "0.091"   "0.305"   
[14,] "16.057"   "1.389"    "0.833"    "6.053"   "11.917"  
[15,] "0.000"    "0.239"    "0.361"    "0.014"   "0.001"   
[16,] "-0.274"   "0.122"    "0.203"    "0.021"   "0.148"   
[17,] "10.495"   "12.468"   "3.900"    "0.225"   "1.521"   
[18,] "0.001"    "0.000"    "0.048"    "0.635"   "0.217"   
[19,] "-0.462"   "0.060"    "0.223"    "0.097"   "-0.044"  
[20,] "27.216"   "0.239"    "0.350"    "0.174"   "0.016"   
[21,] "0.000"    "0.625"    "0.554"    "0.676"   "0.898"   
[22,] "2.279"    "0.271"    "1.422"    "0.556"   "2.287"   
[23,] "Yes"      "Yes"      "Yes"      "Yes"     "Yes"     
[24,] "Yes"      "Yes"      "Yes"      "Yes"     "Yes"     
[25,] "Yes"      "Yes"      "Yes"      "Yes"     "Yes"     
[26,] "24807"    "21741"    "21741"    "22658"   "22658"   
[27,] "11"       "11"       "11"       "11"      "11"      
[28,] "3039"     "2777"     "2777"     "2777"    "2777"    
[29,] "1-7"      "1-7"      "1-7"      "1-7"     "1-7"     
[30,] "0.100"    "0.036"    "0.073"    "0.090"   "0.119"   

NOTE: Log Print Time:  2021-07-06 09:47:34 
NOTE: Elapsed Time in seconds: 0.0161330699920654 

========================================================================= 
Log End Time: 2021-07-06 09:47:34 
Log Elapsed Time: 0 00:00:00 
========================================================================= 
