========================================================================= 
[1] "Log Path: C:/Users/xwang21/Dropbox/Research/China FDI Africa/JOP R and R/JOP Replication Files/log/Table_A38.log"
[1] "Working Directory: C:/Users/xwang21/Dropbox/Research/China FDI Africa/JOP R and R/JOP Replication Files"
User Name: xwang21 
R Version: 4.0.4 (2021-02-15) 
Machine: LAPTOP-7NELGKDS x86-64 
Operating System: Windows 10 x64 build 19042 
Log Start Time: 2021-07-06 09:50:21 
========================================================================= 

                                   (1)       (2)       (3)        (4)       
 [1,] "Announced"                  "0.108"   "0.293"   "0.026"    "0.128"   
 [2,] ""                           "(5.617)" "(5.314)" "(1.271)"  "(2.446)" 
 [3,] "Active"                     "0.021"   "0.073"   "-0.051"   "-0.027"  
 [4,] ""                           "(1.474)" "(1.928)" "(-2.602)" "(-0.467)"
 [5,] "Active-Announced"           "-0.087"  "-0.221"  "-0.077"   "-0.156"  
 [6,] "F test: Active=Announced"   "17.887"  "13.453"  "9.998"    "5.021"   
 [7,] "p value"                    "0.000"   "0.000"   "0.002"    "0.025"   
 [8,] "Mean of dependent variable" "0.300"   "1.567"   "0.517"    "2.235"   
 [9,] "Individual controls"        "Yes"     "Yes"     "Yes"      "Yes"     
[10,] "Project fixed effects"      "Yes"     "Yes"     "Yes"      "Yes"     
[11,] "Survey round fixed effects" "Yes"     "Yes"     "Yes"      "Yes"     
[12,] "Number of observations"     "29159"   "29159"   "29556"    "29556"   
[13,] "Number of countries"        "18"      "18"      "18"       "18"      
[14,] "Number of project"          "62"      "62"      "62"       "62"      
[15,] "Number of villages"         "3526"    "3526"    "3526"     "3526"    
[16,] "Survey rounds"              "1-7"     "1-7"     "1-7"      "1-7"     
[17,] "Adjusted R squared"         "0.058"   "0.106"   "0.114"    "0.123"   
      (5)        (6)        (7)        (8)        (9)       (10)     
 [1,] "0.018"    "0.026"    "0.016"    "0.023"    "0.018"   "0.025"  
 [2,] "(0.738)"  "(0.608)"  "(0.894)"  "(0.608)"  "(0.709)" "(0.462)"
 [3,] "-0.029"   "-0.023"   "-0.023"   "-0.029"   "0.007"   "0.031"  
 [4,] "(-1.866)" "(-0.766)" "(-1.530)" "(-0.910)" "(0.424)" "(0.888)"
 [5,] "-0.046"   "-0.048"   "-0.039"   "-0.052"   "-0.011"  "0.007"  
 [6,] "3.618"    "1.186"    "3.515"    "1.369"    "0.165"   "0.014"  
 [7,] "0.057"    "0.276"    "0.061"    "0.242"    "0.685"   "0.907"  
 [8,] "0.443"    "1.247"    "0.256"    "0.879"    "0.606"   "1.628"  
 [9,] "Yes"      "Yes"      "Yes"      "Yes"      "Yes"     "Yes"    
[10,] "Yes"      "Yes"      "Yes"      "Yes"      "Yes"     "Yes"    
[11,] "Yes"      "Yes"      "Yes"      "Yes"      "Yes"     "Yes"    
[12,] "28305"    "28305"    "32177"    "32177"    "29213"   "29213"  
[13,] "18"       "18"       "18"       "18"       "18"      "18"     
[14,] "62"       "62"       "62"       "62"       "62"      "62"     
[15,] "3526"     "3526"     "3526"     "3526"     "3526"    "3526"   
[16,] "1-7"      "1-7"      "1-7"      "1-7"      "1-7"     "1-7"    
[17,] "0.082"    "0.103"    "0.050"    "0.086"    "0.084"   "0.097"  

NOTE: Log Print Time:  2021-07-06 09:50:21 
NOTE: Elapsed Time in seconds: 0.0145490169525146 

========================================================================= 
Log End Time: 2021-07-06 09:50:21 
Log Elapsed Time: 0 00:00:00 
========================================================================= 
