========================================================================= 
[1] "Log Path: C:/Users/xwang21/Dropbox/Research/China FDI Africa/JOP R and R/JOP Replication Files/log/Table_A30.log"
[1] "Working Directory: C:/Users/xwang21/Dropbox/Research/China FDI Africa/JOP R and R/JOP Replication Files"
User Name: xwang21 
R Version: 4.0.4 (2021-02-15) 
Machine: LAPTOP-7NELGKDS x86-64 
Operating System: Windows 10 x64 build 19042 
Log Start Time: 2021-07-06 09:49:09 
========================================================================= 

                                               (1)        (2)        (3)       
 [1,] "Announced: first year"                  "0.100"    "0.317"    "0.094"   
 [2,] ""                                       "(3.605)"  "(3.814)"  "(3.348)" 
 [3,] "Announced: second year"                 "0.093"    "0.259"    "0.097"   
 [4,] ""                                       "(3.444)"  "(3.393)"  "(3.808)" 
 [5,] "Announced: third year and above"        "-0.036"   "-0.157"   "-0.018"  
 [6,] ""                                       "(-1.446)" "(-2.127)" "(-0.739)"
 [7,] "Active: first year"                     "-0.007"   "-0.061"   "-0.007"  
 [8,] ""                                       "(-0.673)" "(-1.890)" "(-0.609)"
 [9,] "Active: second year"                    "-0.008"   "-0.026"   "-0.017"  
[10,] ""                                       "(-0.521)" "(-0.516)" "(-1.053)"
[11,] "Active: third year and above"           "-0.004"   "-0.124"   "0.002"   
[12,] ""                                       "(-0.307)" "(-2.769)" "(0.101)" 
[13,] "Active-Announced: first year"           "-0.107"   "-0.378"   "-0.101"  
[14,] "F test: Active=Announced"               "14.641"   "20.171"   "12.863"  
[15,] "p value"                                "0.000"    "0.000"    "0.000"   
[16,] "Active-Announced: second year"          "-0.101"   "-0.285"   "-0.114"  
[17,] "F test: Active=Announced"               "10.931"   "10.214"   "15.020"  
[18,] "p value"                                "0.001"    "0.001"    "0.000"   
[19,] "Active-Announced: third year and above" "0.032"    "0.033"    "0.020"   
[20,] "F test: Active=Announced"               "1.447"    "0.177"    "0.578"   
[21,] "p value"                                "0.229"    "0.674"    "0.447"   
[22,] "Mean of dependent variable"             "0.304"    "1.552"    "0.300"   
[23,] "Individual controls"                    "Yes"      "Yes"      "Yes"     
[24,] "Country fixed effects"                  "Yes"      "Yes"      "Yes"     
[25,] "Survey round fixed effects"             "Yes"      "Yes"      "Yes"     
[26,] "Number of observations"                 "30204"    "30204"    "26548"   
[27,] "Number of countries"                    "19"       "19"       "19"      
[28,] "Number of villages"                     "3529"     "3529"     "3199"    
[29,] "Survey rounds"                          "1-7"      "1-7"      "1-7"     
[30,] "Adjusted R squared"                     "0.044"    "0.090"    "0.040"   
      (4)        (5)        (6)        (7)        (8)       
 [1,] "0.290"    "0.072"    "0.216"    "0.047"    "0.138"   
 [2,] "(3.497)"  "(2.789)"  "(3.057)"  "(1.761)"  "(1.926)" 
 [3,] "0.241"    "-0.020"   "0.146"    "-0.023"   "0.098"   
 [4,] "(3.373)"  "(-0.716)" "(2.073)"  "(-0.840)" "(1.442)" 
 [5,] "-0.110"   "-0.058"   "-0.229"   "-0.070"   "-0.258"  
 [6,] "(-1.483)" "(-1.372)" "(-1.729)" "(-1.588)" "(-1.837)"
 [7,] "-0.054"   "-0.048"   "-0.079"   "-0.069"   "-0.123"  
 [8,] "(-1.614)" "(-3.559)" "(-2.283)" "(-4.826)" "(-3.396)"
 [9,] "-0.053"   "-0.072"   "-0.131"   "-0.103"   "-0.219"  
[10,] "(-1.073)" "(-3.783)" "(-2.448)" "(-5.315)" "(-4.166)"
[11,] "-0.090"   "-0.089"   "-0.192"   "-0.101"   "-0.206"  
[12,] "(-1.980)" "(-5.365)" "(-4.429)" "(-5.773)" "(-4.580)"
[13,] "-0.345"   "-0.120"   "-0.295"   "-0.116"   "-0.261"  
[14,] "16.987"   "21.176"   "16.709"   "19.335"   "13.281"  
[15,] "0.000"    "0.000"    "0.000"    "0.000"    "0.000"   
[16,] "-0.294"   "-0.053"   "-0.277"   "-0.080"   "-0.317"  
[17,] "11.815"   "2.858"    "10.948"   "6.724"    "15.082"  
[18,] "0.001"    "0.091"    "0.001"    "0.010"    "0.000"   
[19,] "0.020"    "-0.031"   "0.037"    "-0.031"   "0.052"   
[20,] "0.063"    "0.517"    "0.078"    "0.493"    "0.143"   
[21,] "0.802"    "0.472"    "0.780"    "0.482"    "0.706"   
[22,] "1.538"    "0.522"    "2.242"    "0.529"    "2.256"   
[23,] "Yes"      "Yes"      "Yes"      "Yes"      "Yes"     
[24,] "Yes"      "Yes"      "Yes"      "Yes"      "Yes"     
[25,] "Yes"      "Yes"      "Yes"      "Yes"      "Yes"     
[26,] "26548"    "29145"    "29145"    "25575"    "25575"   
[27,] "19"       "19"       "19"       "19"       "19"      
[28,] "3199"     "3529"     "3529"     "3199"     "3199"    
[29,] "1-7"      "1-7"      "1-7"      "1-7"      "1-7"     
[30,] "0.083"    "0.102"    "0.101"    "0.095"    "0.096"   

NOTE: Log Print Time:  2021-07-06 09:49:09 
NOTE: Elapsed Time in seconds: 0.0200750827789307 

========================================================================= 
Log End Time: 2021-07-06 09:49:09 
Log Elapsed Time: 0 00:00:00 
========================================================================= 
