========================================================================= 
[1] "Log Path: C:/Users/xwang21/Dropbox/Research/China FDI Africa/JOP R and R/JOP Replication Files/log/Table_A41.log"
[1] "Working Directory: C:/Users/xwang21/Dropbox/Research/China FDI Africa/JOP R and R/JOP Replication Files"
User Name: xwang21 
R Version: 4.0.4 (2021-02-15) 
Machine: LAPTOP-7NELGKDS x86-64 
Operating System: Windows 10 x64 build 19042 
Log Start Time: 2021-07-06 09:50:48 
========================================================================= 

                                               (1)       (2)       (3)       
 [1,] "Announced: first year"                  "0.122"   "0.365"   "0.092"   
 [2,] ""                                       "(1.979)" "(1.761)" "(1.371)" 
 [3,] "Announced: second year"                 "0.123"   "0.191"   "-0.082"  
 [4,] ""                                       "(3.213)" "(1.205)" "(-1.979)"
 [5,] "Announced: third year and above"        "0.048"   "0.203"   "0.030"   
 [6,] ""                                       "(1.078)" "(0.786)" "(0.437)" 
 [7,] "Active: first year"                     "0.027"   "0.098"   "-0.043"  
 [8,] ""                                       "(0.686)" "(0.906)" "(-0.977)"
 [9,] "Active: second year"                    "0.017"   "0.122"   "-0.036"  
[10,] ""                                       "(0.293)" "(0.695)" "(-0.453)"
[11,] "Active: third year and above"           "0.042"   "0.076"   "-0.104"  
[12,] ""                                       "(0.742)" "(0.480)" "(-1.588)"
[13,] "Active-Announced: first year"           "-0.095"  "-0.267"  "-0.134"  
[14,] "F test: Active=Announced"               "2.172"   "1.509"   "4.387"   
[15,] "p value"                                "0.141"   "0.219"   "0.036"   
[16,] "Active-Announced: second year"          "-0.106"  "-0.070"  "0.046"   
[17,] "F test: Active=Announced"               "2.382"   "0.101"   "0.356"   
[18,] "p value"                                "0.123"   "0.751"   "0.551"   
[19,] "Active-Announced: third year and above" "-0.005"  "-0.127"  "-0.133"  
[20,] "F test: Active=Announced"               "0.008"   "0.153"   "5.485"   
[21,] "p value"                                "0.931"   "0.696"   "0.019"   
[22,] "Mean of dependent variable"             "0.304"   "1.582"   "0.520"   
[23,] "Individual controls"                    "Yes"     "Yes"     "Yes"     
[24,] "Project fixed effects"                  "Yes"     "Yes"     "Yes"     
[25,] "Survey round fixed effects"             "Yes"     "Yes"     "Yes"     
[26,] "Number of observations"                 "27449"   "27449"   "28023"   
[27,] "Number of countries"                    "18"      "18"      "18"      
[28,] "Number of projects"                     "62"      "62"      "62"      
[29,] "Number of villages"                     "3233"    "3233"    "3233"    
[30,] "Survey rounds"                          "1-7"     "1-7"     "1-7"     
[31,] "Adjusted R squared"                     "0.059"   "0.108"   "0.117"   
      (4)        (5)        (6)        (7)        (8)        (9)        (10)      
 [1,] "0.259"    "0.070"    "0.145"    "0.071"    "0.181"    "0.109"    "0.166"   
 [2,] "(1.347)"  "(0.706)"  "(0.786)"  "(1.191)"  "(1.349)"  "(1.323)"  "(0.965)" 
 [3,] "-0.106"   "-0.018"   "-0.081"   "-0.035"   "-0.158"   "-0.098"   "-0.166"  
 [4,] "(-0.918)" "(-0.287)" "(-0.654)" "(-1.174)" "(-2.920)" "(-1.035)" "(-0.795)"
 [5,] "0.107"    "-0.088"   "-0.155"   "-0.020"   "-0.002"   "-0.025"   "-0.036"  
 [6,] "(0.544)"  "(-0.609)" "(-0.647)" "(-0.678)" "(-0.028)" "(-0.156)" "(-0.131)"
 [7,] "0.007"    "-0.029"   "-0.007"   "-0.030"   "-0.036"   "-0.021"   "-0.032"  
 [8,] "(0.059)"  "(-0.610)" "(-0.083)" "(-1.055)" "(-0.523)" "(-0.375)" "(-0.293)"
 [9,] "0.013"    "-0.002"   "0.007"    "-0.003"   "0.013"    "0.042"    "0.122"   
[10,] "(0.057)"  "(-0.027)" "(0.046)"  "(-0.060)" "(0.109)"  "(0.558)"  "(0.739)" 
[11,] "-0.194"   "-0.018"   "0.013"    "-0.024"   "-0.032"   "0.052"    "0.102"   
[12,] "(-1.123)" "(-0.240)" "(0.089)"  "(-0.548)" "(-0.360)" "(0.515)"  "(0.564)" 
[13,] "-0.252"   "-0.099"   "-0.152"   "-0.101"   "-0.217"   "-0.130"   "-0.197"  
[14,] "1.635"    "0.883"    "0.599"    "3.170"    "2.893"    "1.841"    "1.069"   
[15,] "0.201"    "0.348"    "0.439"    "0.075"    "0.089"    "0.175"    "0.301"   
[16,] "0.120"    "0.016"    "0.088"    "0.032"    "0.171"    "0.140"    "0.289"   
[17,] "0.273"    "0.026"    "0.196"    "0.307"    "2.072"    "1.484"    "1.318"   
[18,] "0.602"    "0.871"    "0.658"    "0.580"    "0.150"    "0.223"    "0.251"   
[19,] "-0.301"   "0.070"    "0.168"    "-0.004"   "-0.030"   "0.078"    "0.138"   
[20,] "3.379"    "0.177"    "0.370"    "0.020"    "0.155"    "0.148"    "0.165"   
[21,] "0.066"    "0.674"    "0.543"    "0.889"    "0.694"    "0.700"    "0.685"   
[22,] "2.244"    "0.450"    "1.263"    "0.260"    "0.889"    "0.614"    "1.641"   
[23,] "Yes"      "Yes"      "Yes"      "Yes"      "Yes"      "Yes"      "Yes"     
[24,] "Yes"      "Yes"      "Yes"      "Yes"      "Yes"      "Yes"      "Yes"     
[25,] "Yes"      "Yes"      "Yes"      "Yes"      "Yes"      "Yes"      "Yes"     
[26,] "28023"    "26619"    "26619"    "30468"    "30468"    "27551"    "27551"   
[27,] "18"       "18"       "18"       "18"       "18"       "18"       "18"      
[28,] "62"       "62"       "62"       "62"       "62"       "62"       "62"      
[29,] "3233"     "3233"     "3233"     "3233"     "3233"     "3233"     "3233"    
[30,] "1-7"      "1-7"      "1-7"      "1-7"      "1-7"      "1-7"      "1-7"     
[31,] "0.125"    "0.081"    "0.102"    "0.050"    "0.089"    "0.086"    "0.098"   

NOTE: Log Print Time:  2021-07-06 09:50:48 
NOTE: Elapsed Time in seconds: 0.0185949802398682 

========================================================================= 
Log End Time: 2021-07-06 09:50:48 
Log Elapsed Time: 0 00:00:00 
========================================================================= 
