========================================================================= 
[1] "Log Path: C:/Users/xwang21/Dropbox/Research/China FDI Africa/JOP R and R/JOP Replication Files/log/Table_A39.log"
[1] "Working Directory: C:/Users/xwang21/Dropbox/Research/China FDI Africa/JOP R and R/JOP Replication Files"
User Name: xwang21 
R Version: 4.0.4 (2021-02-15) 
Machine: LAPTOP-7NELGKDS x86-64 
Operating System: Windows 10 x64 build 19042 
Log Start Time: 2021-07-06 09:50:39 
========================================================================= 

                                               (1)       (2)       (3)       
 [1,] "Announced: first year"                  "0.122"   "0.365"   "0.092"   
 [2,] ""                                       "(3.855)" "(4.001)" "(2.886)" 
 [3,] "Announced: second year"                 "0.123"   "0.191"   "-0.082"  
 [4,] ""                                       "(4.105)" "(2.346)" "(-2.689)"
 [5,] "Announced: third year and above"        "0.048"   "0.203"   "0.030"   
 [6,] ""                                       "(1.495)" "(2.064)" "(0.688)" 
 [7,] "Active: first year"                     "0.027"   "0.098"   "-0.043"  
 [8,] ""                                       "(1.464)" "(2.084)" "(-2.051)"
 [9,] "Active: second year"                    "0.017"   "0.122"   "-0.036"  
[10,] ""                                       "(0.858)" "(2.190)" "(-1.379)"
[11,] "Active: third year and above"           "0.042"   "0.076"   "-0.104"  
[12,] ""                                       "(1.950)" "(1.319)" "(-3.709)"
[13,] "Active-Announced: first year"           "-0.095"  "-0.267"  "-0.134"  
[14,] "F test: Active=Announced"               "7.861"   "7.745"   "15.005"  
[15,] "p value"                                "0.005"   "0.005"   "0.000"   
[16,] "Active-Announced: second year"          "-0.106"  "-0.070"  "0.046"   
[17,] "F test: Active=Announced"               "10.213"  "0.550"   "1.548"   
[18,] "p value"                                "0.001"   "0.458"   "0.213"   
[19,] "Active-Announced: third year and above" "-0.005"  "-0.127"  "-0.133"  
[20,] "F test: Active=Announced"               "0.026"   "1.466"   "8.629"   
[21,] "p value"                                "0.871"   "0.226"   "0.003"   
[22,] "Mean of dependent variable"             "0.304"   "1.582"   "0.520"   
[23,] "Individual controls"                    "Yes"     "Yes"     "Yes"     
[24,] "Project fixed effects"                  "Yes"     "Yes"     "Yes"     
[25,] "Survey round fixed effects"             "Yes"     "Yes"     "Yes"     
[26,] "Number of observations"                 "27449"   "27449"   "28023"   
[27,] "Number of countries"                    "18"      "18"      "18"      
[28,] "Number of projects"                     "62"      "62"      "62"      
[29,] "Number of villages"                     "3233"    "3233"    "3233"    
[30,] "Survey rounds"                          "1-7"     "1-7"     "1-7"     
[31,] "Adjusted R squared"                     "0.059"   "0.108"   "0.117"   
      (4)        (5)        (6)        (7)        (8)        (9)        (10)      
 [1,] "0.259"    "0.070"    "0.145"    "0.071"    "0.181"    "0.109"    "0.166"   
 [2,] "(3.023)"  "(1.983)"  "(2.105)"  "(2.257)"  "(2.636)"  "(2.665)"  "(2.019)" 
 [3,] "-0.106"   "-0.018"   "-0.081"   "-0.035"   "-0.158"   "-0.098"   "-0.166"  
 [4,] "(-1.472)" "(-0.494)" "(-1.296)" "(-1.417)" "(-3.228)" "(-2.681)" "(-2.011)"
 [5,] "0.107"    "-0.088"   "-0.155"   "-0.020"   "-0.002"   "-0.025"   "-0.036"  
 [6,] "(1.059)"  "(-1.865)" "(-2.142)" "(-0.534)" "(-0.030)" "(-0.506)" "(-0.408)"
 [7,] "0.007"    "-0.029"   "-0.007"   "-0.030"   "-0.036"   "-0.021"   "-0.032"  
 [8,] "(0.124)"  "(-1.651)" "(-0.229)" "(-1.986)" "(-1.115)" "(-1.109)" "(-0.836)"
 [9,] "0.013"    "-0.002"   "0.007"    "-0.003"   "0.013"    "0.042"    "0.122"   
[10,] "(0.163)"  "(-0.087)" "(0.157)"  "(-0.167)" "(0.308)"  "(1.646)"  "(2.261)" 
[11,] "-0.194"   "-0.018"   "0.013"    "-0.024"   "-0.032"   "0.052"    "0.102"   
[12,] "(-2.233)" "(-0.734)" "(0.281)"  "(-1.045)" "(-0.682)" "(1.936)"  "(1.872)" 
[13,] "-0.252"   "-0.099"   "-0.152"   "-0.101"   "-0.217"   "-0.130"   "-0.197"  
[14,] "7.069"    "7.267"    "4.503"    "9.303"    "8.927"    "9.203"    "5.353"   
[15,] "0.008"    "0.007"    "0.034"    "0.002"    "0.003"    "0.002"    "0.021"   
[16,] "0.120"    "0.016"    "0.088"    "0.032"    "0.171"    "0.140"    "0.289"   
[17,] "1.465"    "0.157"    "1.477"    "1.204"    "8.153"    "11.135"   "9.424"   
[18,] "0.226"    "0.692"    "0.224"    "0.273"    "0.004"    "0.001"    "0.002"   
[19,] "-0.301"   "0.070"    "0.168"    "-0.004"   "-0.030"   "0.078"    "0.138"   
[20,] "7.373"    "2.140"    "4.910"    "0.014"    "0.196"    "2.159"    "2.182"   
[21,] "0.007"    "0.143"    "0.027"    "0.907"    "0.658"    "0.142"    "0.140"   
[22,] "2.244"    "0.450"    "1.263"    "0.260"    "0.889"    "0.614"    "1.641"   
[23,] "Yes"      "Yes"      "Yes"      "Yes"      "Yes"      "Yes"      "Yes"     
[24,] "Yes"      "Yes"      "Yes"      "Yes"      "Yes"      "Yes"      "Yes"     
[25,] "Yes"      "Yes"      "Yes"      "Yes"      "Yes"      "Yes"      "Yes"     
[26,] "28023"    "26619"    "26619"    "30468"    "30468"    "27551"    "27551"   
[27,] "18"       "18"       "18"       "18"       "18"       "18"       "18"      
[28,] "62"       "62"       "62"       "62"       "62"       "62"       "62"      
[29,] "3233"     "3233"     "3233"     "3233"     "3233"     "3233"     "3233"    
[30,] "1-7"      "1-7"      "1-7"      "1-7"      "1-7"      "1-7"      "1-7"     
[31,] "0.125"    "0.081"    "0.102"    "0.050"    "0.089"    "0.086"    "0.098"   

NOTE: Log Print Time:  2021-07-06 09:50:39 
NOTE: Elapsed Time in seconds: 0.0329129695892334 

========================================================================= 
Log End Time: 2021-07-06 09:50:39 
Log Elapsed Time: 0 00:00:00 
========================================================================= 
