========================================================================= 
[1] "Log Path: C:/Users/xwang21/Dropbox/Research/China FDI Africa/JOP R and R/JOP Replication Files/log/Table_A29.log"
[1] "Working Directory: C:/Users/xwang21/Dropbox/Research/China FDI Africa/JOP R and R/JOP Replication Files"
User Name: xwang21 
R Version: 4.0.4 (2021-02-15) 
Machine: LAPTOP-7NELGKDS x86-64 
Operating System: Windows 10 x64 build 19042 
Log Start Time: 2021-07-06 09:49:09 
========================================================================= 

                                   (1)        (2)        (3)        (4)       
 [1,] "Announced"                  "0.057"    "0.164"    "0.060"    "0.158"   
 [2,] ""                           "(3.512)"  "(3.415)"  "(3.794)"  "(3.353)" 
 [3,] "Active"                     "-0.007"   "-0.070"   "-0.009"   "-0.069"  
 [4,] ""                           "(-0.703)" "(-2.314)" "(-0.842)" "(-2.185)"
 [5,] "Active-Announced"           "-0.064"   "-0.234"   "-0.070"   "-0.227"  
 [6,] "F test: Active=Announced"   "14.749"   "21.598"   "17.861"   "20.688"  
 [7,] "p value"                    "0.000"    "0.000"    "0.000"    "0.000"   
 [8,] "Mean of dependent variable" "0.300"    "1.538"    "0.296"    "1.524"   
 [9,] "Individual controls"        "Yes"      "Yes"      "Yes"      "Yes"     
[10,] "Country fixed effects"      "Yes"      "Yes"      "Yes"      "Yes"     
[11,] "Survey round fixed effects" "Yes"      "Yes"      "Yes"      "Yes"     
[12,] "Number of observations"     "32035"    "32035"    "28379"    "28379"   
[13,] "Number of countries"        "19"       "19"       "19"       "19"      
[14,] "Number of villages"         "3830"     "3830"     "3501"     "3501"    
[15,] "Survey rounds"              "1-7"      "1-7"      "1-7"      "1-7"     
[16,] "Adjusted R squared"         "0.044"    "0.088"    "0.040"    "0.083"   
      (5)        (6)        (7)        (8)       
 [1,] "0.003"    "0.061"    "-0.013"   "0.003"   
 [2,] "(0.139)"  "(1.002)"  "(-0.610)" "(0.049)" 
 [3,] "-0.061"   "-0.111"   "-0.084"   "-0.165"  
 [4,] "(-5.147)" "(-3.611)" "(-6.478)" "(-4.942)"
 [5,] "-0.064"   "-0.172"   "-0.072"   "-0.168"  
 [6,] "10.827"   "8.934"    "13.164"   "8.398"   
 [7,] "0.001"    "0.003"    "0.000"    "0.004"   
 [8,] "0.520"    "2.233"    "0.525"    "2.245"   
 [9,] "Yes"      "Yes"      "Yes"      "Yes"     
[10,] "Yes"      "Yes"      "Yes"      "Yes"     
[11,] "Yes"      "Yes"      "Yes"      "Yes"     
[12,] "30775"    "30775"    "27205"    "27205"   
[13,] "19"       "19"       "19"       "19"      
[14,] "3830"     "3830"     "3501"     "3501"    
[15,] "1-7"      "1-7"      "1-7"      "1-7"     
[16,] "0.102"    "0.101"    "0.096"    "0.098"   

NOTE: Log Print Time:  2021-07-06 09:49:09 
NOTE: Elapsed Time in seconds: 0.01503586769104 

========================================================================= 
Log End Time: 2021-07-06 09:49:09 
Log Elapsed Time: 0 00:00:00 
========================================================================= 
