========================================================================= 
[1] "Log Path: C:/Users/xwang21/Dropbox/Research/China FDI Africa/JOP R and R/JOP Replication Files/log/Table_A31.log"
[1] "Working Directory: C:/Users/xwang21/Dropbox/Research/China FDI Africa/JOP R and R/JOP Replication Files"
User Name: xwang21 
R Version: 4.0.4 (2021-02-15) 
Machine: LAPTOP-7NELGKDS x86-64 
Operating System: Windows 10 x64 build 19042 
Log Start Time: 2021-07-06 09:49:09 
========================================================================= 

                                   (1)        (2)        (3)        (4)       
 [1,] "Announced"                  "-0.028"   "-0.035"   "-0.026"   "-0.033"  
 [2,] ""                           "(-1.521)" "(-1.020)" "(-1.386)" "(-0.955)"
 [3,] "Active"                     "-0.066"   "-0.115"   "-0.062"   "-0.104"  
 [4,] ""                           "(-5.525)" "(-4.769)" "(-4.870)" "(-4.043)"
 [5,] "Active-Announced"           "-0.038"   "-0.080"   "-0.036"   "-0.070"  
 [6,] "F test: Active=Announced"   "4.421"    "5.233"    "4.181"    "4.089"   
 [7,] "p value"                    "0.035"    "0.022"    "0.041"    "0.043"   
 [8,] "Mean of dependent variable" "0.420"    "1.189"    "0.412"    "1.175"   
 [9,] "Individual controls"        "Yes"      "Yes"      "Yes"      "Yes"     
[10,] "Country fixed effects"      "Yes"      "Yes"      "Yes"      "Yes"     
[11,] "Survey round fixed effects" "Yes"      "Yes"      "Yes"      "Yes"     
[12,] "Number of observations"     "31198"    "31198"    "27626"    "27626"   
[13,] "Number of countries"        "19"       "19"       "19"       "19"      
[14,] "Number of villages"         "3830"     "3830"     "3501"     "3501"    
[15,] "Survey rounds"              "1-7"      "1-7"      "1-7"      "1-7"     
[16,] "Adjusted R squared"         "0.076"    "0.090"    "0.076"    "0.087"   
      (5)        (6)        (7)        (8)        (9)        (10)       (11)      
 [1,] "-0.027"   "-0.049"   "-0.029"   "-0.056"   "0.020"    "0.047"    "0.031"   
 [2,] "(-1.891)" "(-1.552)" "(-1.981)" "(-1.730)" "(1.078)"  "(1.160)"  "(1.622)" 
 [3,] "-0.047"   "-0.101"   "-0.047"   "-0.101"   "-0.044"   "-0.076"   "-0.031"  
 [4,] "(-5.145)" "(-5.067)" "(-4.649)" "(-4.577)" "(-3.222)" "(-2.668)" "(-2.199)"
 [5,] "-0.019"   "-0.052"   "-0.017"   "-0.045"   "-0.065"   "-0.123"   "-0.062"  
 [6,] "1.867"    "2.695"    "1.453"    "2.103"    "10.894"   "8.624"    "9.974"   
 [7,] "0.172"    "0.101"    "0.228"    "0.147"    "0.001"    "0.003"    "0.002"   
 [8,] "0.247"    "0.849"    "0.243"    "0.840"    "0.598"    "1.611"    "0.591"   
 [9,] "Yes"      "Yes"      "Yes"      "Yes"      "Yes"      "Yes"      "Yes"     
[10,] "Yes"      "Yes"      "Yes"      "Yes"      "Yes"      "Yes"      "Yes"     
[11,] "Yes"      "Yes"      "Yes"      "Yes"      "Yes"      "Yes"      "Yes"     
[12,] "33275"    "33275"    "29433"    "29433"    "30908"    "30908"    "27332"   
[13,] "19"       "19"       "19"       "19"       "19"       "19"       "19"      
[14,] "3830"     "3830"     "3501"     "3501"     "3830"     "3830"     "3501"    
[15,] "1-7"      "1-7"      "1-7"      "1-7"      "1-7"      "1-7"      "1-7"     
[16,] "0.039"    "0.068"    "0.035"    "0.059"    "0.073"    "0.080"    "0.077"   
      (12)      
 [1,] "0.072"   
 [2,] "(1.815)" 
 [3,] "-0.047"  
 [4,] "(-1.580)"
 [5,] "-0.119"  
 [6,] "8.174"   
 [7,] "0.004"   
 [8,] "1.600"   
 [9,] "Yes"     
[10,] "Yes"     
[11,] "Yes"     
[12,] "27332"   
[13,] "19"      
[14,] "3501"    
[15,] "1-7"     
[16,] "0.085"   

NOTE: Log Print Time:  2021-07-06 09:49:09 
NOTE: Elapsed Time in seconds: 0.0301299095153809 

========================================================================= 
Log End Time: 2021-07-06 09:49:09 
Log Elapsed Time: 0 00:00:00 
========================================================================= 
