========================================================================= 
[1] "Log Path: C:/Users/xwang21/Dropbox/Research/China FDI Africa/JOP R and R/JOP Replication Files/log/Table_A36.log"
[1] "Working Directory: C:/Users/xwang21/Dropbox/Research/China FDI Africa/JOP R and R/JOP Replication Files"
User Name: xwang21 
R Version: 4.0.4 (2021-02-15) 
Machine: LAPTOP-7NELGKDS x86-64 
Operating System: Windows 10 x64 build 19042 
Log Start Time: 2021-07-06 09:49:52 
========================================================================= 

                                     (1)        (2)        (3)        (4)       
 [1,] "Announced"                    "0.069"    "0.184"    "0.051"    "0.169"   
 [2,] ""                             "(4.270)"  "(4.089)"  "(2.946)"  "(3.884)" 
 [3,] "Active"                       "-0.006"   "-0.045"   "-0.038"   "-0.084"  
 [4,] ""                             "(-0.553)" "(-1.378)" "(-2.829)" "(-2.232)"
 [5,] "Active-Announced"             "-0.075"   "-0.229"   "-0.090"   "-0.253"  
 [6,] "F test: Active=Announced"     "19.140"   "22.604"   "23.470"   "28.668"  
 [7,] "p value"                      "0.000"    "0.000"    "0.000"    "0.000"   
 [8,] "Mean of dependent variable"   "0.290"    "1.456"    "0.541"    "2.256"   
 [9,] "Individual controls"          "Yes"      "Yes"      "Yes"      "Yes"     
[10,] "Presidential fixed effects"   "Yes"      "Yes"      "Yes"      "Yes"     
[11,] "Survey round fixed effects"   "Yes"      "Yes"      "Yes"      "Yes"     
[12,] "Number of observations"       "24489"    "24489"    "25093"    "25093"   
[13,] "Number of countries"          "14"       "14"       "14"       "14"      
[14,] "Number of presidential terms" "24"       "24"       "24"       "24"      
[15,] "Number of villages"           "3180"     "3180"     "3180"     "3180"    
[16,] "Survey rounds"                "1-7"      "1-7"      "1-7"      "1-7"     
[17,] "Adjusted R squared"           "0.061"    "0.108"    "0.097"    "0.120"   
      (5)        (6)        (7)        (8)        (9)        (10)      
 [1,] "-0.015"   "-0.019"   "-0.011"   "-0.040"   "-0.001"   "-0.001"  
 [2,] "(-0.836)" "(-0.548)" "(-0.723)" "(-1.255)" "(-0.030)" "(-0.034)"
 [3,] "-0.039"   "-0.081"   "-0.032"   "-0.075"   "0.002"    "0.002"   
 [4,] "(-3.211)" "(-3.240)" "(-3.272)" "(-3.508)" "(0.136)"  "(0.078)" 
 [5,] "-0.024"   "-0.062"   "-0.021"   "-0.035"   "0.002"    "0.004"   
 [6,] "1.510"    "2.906"    "1.596"    "1.095"    "0.016"    "0.008"   
 [7,] "0.219"    "0.088"    "0.207"    "0.295"    "0.898"    "0.930"   
 [8,] "0.391"    "1.128"    "0.221"    "0.776"    "0.561"    "1.554"   
 [9,] "Yes"      "Yes"      "Yes"      "Yes"      "Yes"      "Yes"     
[10,] "Yes"      "Yes"      "Yes"      "Yes"      "Yes"      "Yes"     
[11,] "Yes"      "Yes"      "Yes"      "Yes"      "Yes"      "Yes"     
[12,] "23856"    "23856"    "26964"    "26964"    "24442"    "24442"   
[13,] "14"       "14"       "14"       "14"       "14"       "14"      
[14,] "24"       "24"       "24"       "24"       "24"       "24"      
[15,] "3180"     "3180"     "3180"     "3180"     "3180"     "3180"    
[16,] "1-7"      "1-7"      "1-7"      "1-7"      "1-7"      "1-7"     
[17,] "0.086"    "0.106"    "0.050"    "0.075"    "0.126"    "0.143"   

NOTE: Log Print Time:  2021-07-06 09:49:52 
NOTE: Elapsed Time in seconds: 0.0251309871673584 

========================================================================= 
Log End Time: 2021-07-06 09:49:52 
Log Elapsed Time: 0 00:00:00 
========================================================================= 
