========================================================================= 
[1] "Log Path: C:/Users/xwang21/Dropbox/Research/China FDI Africa/JOP R and R/JOP Replication Files/log/Table_A25.log"
[1] "Working Directory: C:/Users/xwang21/Dropbox/Research/China FDI Africa/JOP R and R/JOP Replication Files"
User Name: xwang21 
R Version: 4.0.4 (2021-02-15) 
Machine: LAPTOP-7NELGKDS x86-64 
Operating System: Windows 10 x64 build 19042 
Log Start Time: 2021-07-06 09:47:40 
========================================================================= 

                                   (1)        (2)        (3)        (4)       
 [1,] "Announced"                  "0.073"    "0.199"    "0.057"    "0.142"   
 [2,] ""                           "(4.185)"  "(3.766)"  "(2.644)"  "(2.135)" 
 [3,] "Active"                     "-0.026"   "-0.115"   "-0.035"   "-0.087"  
 [4,] ""                           "(-1.927)" "(-2.915)" "(-2.497)" "(-2.337)"
 [5,] "Active-Announced"           "-0.099"   "-0.313"   "-0.092"   "-0.229"  
 [6,] "F test: Active=Announced"   "30.745"   "33.669"   "20.873"   "14.174"  
 [7,] "p value"                    "0.000"    "0.000"    "0.000"    "0.000"   
 [8,] "Mean of dependent variable" "0.286"    "1.459"    "0.545"    "2.294"   
 [9,] "Individual controls"        "Yes"      "Yes"      "Yes"      "Yes"     
[10,] "Country fixed effects"      "Yes"      "Yes"      "Yes"      "Yes"     
[11,] "Survey round fixed effects" "Yes"      "Yes"      "Yes"      "Yes"     
[12,] "Number of observations"     "22653"    "22653"    "23317"    "23317"   
[13,] "Number of countries"        "10"       "10"       "10"       "10"      
[14,] "Number of villages"         "3051"     "3051"     "3051"     "3051"    
[15,] "Survey rounds"              "1-7"      "1-7"      "1-7"      "1-7"     
[16,] "Adjusted R squared"         "0.033"    "0.058"    "0.069"    "0.083"   
      (5)        (6)        (7)        (8)        (9)        (10)      
 [1,] "0.019"    "0.032"    "-0.001"   "0.004"    "0.057"    "0.101"   
 [2,] "(0.980)"  "(0.868)"  "(-0.097)" "(0.119)"  "(2.876)"  "(2.493)" 
 [3,] "-0.058"   "-0.123"   "-0.022"   "-0.052"   "-0.051"   "-0.110"  
 [4,] "(-3.866)" "(-4.027)" "(-1.984)" "(-2.113)" "(-2.863)" "(-3.011)"
 [5,] "-0.077"   "-0.155"   "-0.021"   "-0.056"   "-0.107"   "-0.211"  
 [6,] "17.383"   "17.930"   "1.969"    "2.769"    "26.857"   "23.264"  
 [7,] "0.000"    "0.000"    "0.161"    "0.096"    "0.000"    "0.000"   
 [8,] "0.405"    "1.160"    "0.235"    "0.817"    "0.575"    "1.572"   
 [9,] "Yes"      "Yes"      "Yes"      "Yes"      "Yes"      "Yes"     
[10,] "Yes"      "Yes"      "Yes"      "Yes"      "Yes"      "Yes"     
[11,] "Yes"      "Yes"      "Yes"      "Yes"      "Yes"      "Yes"     
[12,] "22149"    "22149"    "25255"    "25255"    "23079"    "23079"   
[13,] "10"       "10"       "10"       "10"       "10"       "10"      
[14,] "3051"     "3051"     "3051"     "3051"     "3051"     "3051"    
[15,] "1-7"      "1-7"      "1-7"      "1-7"      "1-7"      "1-7"     
[16,] "0.060"    "0.071"    "0.033"    "0.047"    "0.067"    "0.078"   

NOTE: Log Print Time:  2021-07-06 09:47:40 
NOTE: Elapsed Time in seconds: 0.0151638984680176 

========================================================================= 
Log End Time: 2021-07-06 09:47:40 
Log Elapsed Time: 0 00:00:00 
========================================================================= 
