========================================================================= 
[1] "Log Path: C:/Users/xwang21/Dropbox/Research/China FDI Africa/JOP R and R/JOP Replication Files/log/Table_A24.log"
[1] "Working Directory: C:/Users/xwang21/Dropbox/Research/China FDI Africa/JOP R and R/JOP Replication Files"
User Name: xwang21 
R Version: 4.0.4 (2021-02-15) 
Machine: LAPTOP-7NELGKDS x86-64 
Operating System: Windows 10 x64 build 19042 
Log Start Time: 2021-07-06 09:47:34 
========================================================================= 

                                               (1)        (2)        (3)       
 [1,] "Announced: first year"                  "0.042"    "0.112"    "0.042"   
 [2,] ""                                       "(1.375)"  "(1.862)"  "(1.379)" 
 [3,] "Announced: second year"                 "0.014"    "0.039"    "-0.019"  
 [4,] ""                                       "(0.446)"  "(0.654)"  "(-0.745)"
 [5,] "Announced: third year and above"        "-0.109"   "-0.230"   "-0.053"  
 [6,] ""                                       "(-2.872)" "(-3.910)" "(-1.556)"
 [7,] "Active: first year"                     "-0.050"   "-0.088"   "-0.019"  
 [8,] ""                                       "(-3.223)" "(-2.790)" "(-1.481)"
 [9,] "Active: second year"                    "-0.061"   "-0.111"   "-0.058"  
[10,] ""                                       "(-3.069)" "(-2.685)" "(-4.362)"
[11,] "Active: third year and above"           "-0.121"   "-0.241"   "-0.043"  
[12,] ""                                       "(-6.341)" "(-6.263)" "(-2.882)"
[13,] "Active-Announced: first year"           "-0.092"   "-0.200"   "-0.061"  
[14,] "F test: Active=Announced"               "8.181"    "9.697"    "3.699"   
[15,] "p value"                                "0.004"    "0.002"    "0.054"   
[16,] "Active-Announced: second year"          "-0.075"   "-0.149"   "-0.039"  
[17,] "F test: Active=Announced"               "4.589"    "4.630"    "2.065"   
[18,] "p value"                                "0.032"    "0.031"    "0.151"   
[19,] "Active-Announced: third year and above" "-0.012"   "-0.011"   "0.010"   
[20,] "F test: Active=Announced"               "0.099"    "0.034"    "0.093"   
[21,] "p value"                                "0.752"    "0.853"    "0.761"   
[22,] "Mean of dependent variable"             "0.448"    "1.239"    "0.252"   
[23,] "Individual controls"                    "Yes"      "Yes"      "Yes"     
[24,] "Country fixed effects"                  "Yes"      "Yes"      "Yes"     
[25,] "Survey round fixed effects"             "Yes"      "Yes"      "Yes"     
[26,] "Number of observations"                 "23144"    "23144"    "26805"   
[27,] "Number of countries"                    "11"       "11"       "11"      
[28,] "Number of villages"                     "3039"     "3039"     "3039"    
[29,] "Survey rounds"                          "1-7"      "1-7"      "1-7"     
[30,] "Adjusted R squared"                     "0.079"    "0.093"    "0.041"   
      (4)        (5)        (6)        (7)       (8)       (9)        (10)      
 [1,] "0.099"    "0.142"    "0.268"    "0.142"   "0.282"   "0.013"    "0.068"   
 [2,] "(1.471)"  "(4.378)"  "(3.887)"  "(3.300)" "(2.992)" "(0.400)"  "(0.889)" 
 [3,] "-0.069"   "-0.005"   "0.024"    "0.076"   "0.138"   "0.055"    "0.065"   
 [4,] "(-1.254)" "(-0.189)" "(0.380)"  "(1.873)" "(1.720)" "(1.366)"  "(0.787)" 
 [5,] "-0.127"   "-0.058"   "-0.089"   "0.259"   "0.392"   "-0.077"   "-0.026"  
 [6,] "(-2.237)" "(-1.500)" "(-1.296)" "(1.485)" "(1.302)" "(-2.080)" "(-0.199)"
 [7,] "-0.064"   "-0.023"   "-0.059"   "0.021"   "0.039"   "-0.002"   "0.009"   
 [8,] "(-2.215)" "(-1.348)" "(-1.661)" "(1.108)" "(1.011)" "(-0.119)" "(0.277)" 
 [9,] "-0.109"   "-0.076"   "-0.126"   "0.153"   "0.233"   "0.059"    "0.121"   
[10,] "(-3.537)" "(-3.466)" "(-2.643)" "(7.603)" "(6.042)" "(3.333)"  "(3.296)" 
[11,] "-0.134"   "-0.019"   "-0.054"   "0.112"   "0.142"   "0.024"    "0.043"   
[12,] "(-4.181)" "(-0.878)" "(-1.221)" "(5.451)" "(3.420)" "(1.385)"  "(1.158)" 
[13,] "-0.163"   "-0.165"   "-0.327"   "-0.121"  "-0.243"  "-0.015"   "-0.060"  
[14,] "5.424"    "23.193"   "20.383"   "7.829"   "6.600"   "0.207"    "0.620"   
[15,] "0.020"    "0.000"    "0.000"    "0.005"   "0.010"   "0.649"    "0.431"   
[16,] "-0.040"   "-0.071"   "-0.150"   "0.077"   "0.095"   "0.004"    "0.056"   
[17,] "0.462"    "4.794"    "4.068"    "3.129"   "1.255"   "0.010"    "0.443"   
[18,] "0.497"    "0.029"    "0.044"    "0.077"   "0.263"   "0.921"    "0.505"   
[19,] "-0.006"   "0.039"    "0.035"    "-0.148"  "-0.251"  "0.102"    "0.068"   
[20,] "0.013"    "0.990"    "0.258"    "0.714"   "0.692"   "7.683"    "0.287"   
[21,] "0.909"    "0.320"    "0.612"    "0.398"   "0.406"   "0.006"    "0.592"   
[22,] "0.854"    "0.615"    "1.656"    "0.440"   "1.219"   "0.283"    "0.921"   
[23,] "Yes"      "Yes"      "Yes"      "Yes"     "Yes"     "Yes"      "Yes"     
[24,] "Yes"      "Yes"      "Yes"      "Yes"     "Yes"     "Yes"      "Yes"     
[25,] "Yes"      "Yes"      "Yes"      "Yes"     "Yes"     "Yes"      "Yes"     
[26,] "26805"    "24547"    "24547"    "21308"   "21308"   "25054"    "25054"   
[27,] "11"       "11"       "11"       "11"      "11"      "11"       "11"      
[28,] "3039"     "3039"     "3039"     "2777"    "2777"    "2777"     "2777"    
[29,] "1-7"      "1-7"      "1-7"      "1-7"     "1-7"     "1-7"      "1-7"     
[30,] "0.060"    "0.095"    "0.101"    "0.106"   "0.119"   "0.046"    "0.065"   
      (11)       (12)      
 [1,] "0.120"    "0.205"   
 [2,] "(3.813)"  "(2.797)" 
 [3,] "0.245"    "0.444"   
 [4,] "(6.018)"  "(5.318)" 
 [5,] "0.152"    "0.344"   
 [6,] "(1.025)"  "(0.858)" 
 [7,] "0.018"    "0.034"   
 [8,] "(1.004)"  "(0.876)" 
 [9,] "0.125"    "0.306"   
[10,] "(7.575)"  "(8.291)" 
[11,] "-0.019"   "-0.013"  
[12,] "(-1.009)" "(-0.325)"
[13,] "-0.102"   "-0.171"  
[14,] "10.569"   "5.661"   
[15,] "0.001"    "0.017"   
[16,] "-0.120"   "-0.138"  
[17,] "8.612"    "2.580"   
[18,] "0.003"    "0.108"   
[19,] "-0.170"   "-0.358"  
[20,] "1.332"    "0.794"   
[21,] "0.248"    "0.373"   
[22,] "0.661"    "1.762"   
[23,] "Yes"      "Yes"     
[24,] "Yes"      "Yes"     
[25,] "Yes"      "Yes"     
[26,] "22981"    "22981"   
[27,] "11"       "11"      
[28,] "2777"     "2777"    
[29,] "1-7"      "1-7"     
[30,] "0.109"    "0.124"   

NOTE: Log Print Time:  2021-07-06 09:47:34 
NOTE: Elapsed Time in seconds: 0.0199060440063477 

========================================================================= 
Log End Time: 2021-07-06 09:47:34 
Log Elapsed Time: 0 00:00:00 
========================================================================= 
