========================================================================= 
[1] "Log Path: C:/Users/xwang21/Dropbox/Research/China FDI Africa/JOP R and R/JOP Replication Files/log/Table_A21.log"
[1] "Working Directory: C:/Users/xwang21/Dropbox/Research/China FDI Africa/JOP R and R/JOP Replication Files"
User Name: xwang21 
R Version: 4.0.4 (2021-02-15) 
Machine: LAPTOP-7NELGKDS x86-64 
Operating System: Windows 10 x64 build 19042 
Log Start Time: 2021-07-06 09:47:34 
========================================================================= 

                                   (1)        (2)        (3)        (4)       
 [1,] "Announced"                  "0.108"    "0.335"    "0.063"    "0.248"   
 [2,] ""                           "(5.809)"  "(6.197)"  "(3.267)"  "(5.028)" 
 [3,] "Active"                     "-0.024"   "-0.105"   "-0.057"   "-0.111"  
 [4,] ""                           "(-1.892)" "(-2.897)" "(-4.248)" "(-3.075)"
 [5,] "Active-Announced"           "-0.132"   "-0.440"   "-0.120"   "-0.359"  
 [6,] "F test: Active=Announced"   "47.926"   "60.420"   "39.552"   "52.613"  
 [7,] "p value"                    "0.000"    "0.000"    "0.000"    "0.000"   
 [8,] "Mean of dependent variable" "0.276"    "1.479"    "0.541"    "2.268"   
 [9,] "Individual controls"        "Yes"      "Yes"      "Yes"      "Yes"     
[10,] "Country fixed effects"      "Yes"      "Yes"      "Yes"      "Yes"     
[11,] "Survey round fixed effects" "Yes"      "Yes"      "Yes"      "Yes"     
[12,] "Number of observations"     "25307"    "25307"    "26262"    "26262"   
[13,] "Number of countries"        "11"       "11"       "11"       "11"      
[14,] "Number of villages"         "3300"     "3300"     "3300"     "3300"    
[15,] "Survey rounds"              "1-7"      "1-7"      "1-7"      "1-7"     
[16,] "Adjusted R squared"         "0.026"    "0.057"    "0.082"    "0.099"   
      (5)        (6)        (7)       (8)      
 [1,] "-0.060"   "-0.106"   "0.029"   "0.045"  
 [2,] "(-2.409)" "(-1.514)" "(0.986)" "(0.633)"
 [3,] "0.030"    "0.107"    "0.117"   "0.334"  
 [4,] "(1.887)"  "(2.562)"  "(7.168)" "(6.865)"
 [5,] "0.090"    "0.213"    "0.089"   "0.289"  
 [6,] "14.736"   "9.775"    "9.229"   "16.494" 
 [7,] "0.000"    "0.002"    "0.002"   "0.000"  
 [8,] "0.282"    "1.462"    "0.559"   "2.296"  
 [9,] "Yes"      "Yes"      "Yes"     "Yes"    
[10,] "Yes"      "Yes"      "Yes"     "Yes"    
[11,] "Yes"      "Yes"      "Yes"     "Yes"    
[12,] "27631"    "27631"    "27984"   "27984"  
[13,] "11"       "11"       "11"      "11"     
[14,] "3383"     "3383"     "3383"    "3383"   
[15,] "1-7"      "1-7"      "1-7"     "1-7"    
[16,] "0.029"    "0.064"    "0.085"   "0.110"  

NOTE: Log Print Time:  2021-07-06 09:47:34 
NOTE: Elapsed Time in seconds: 0.0110960006713867 

========================================================================= 
Log End Time: 2021-07-06 09:47:34 
Log Elapsed Time: 0 00:00:00 
========================================================================= 
