========================================================================= 
[1] "Log Path: C:/Users/xwang21/Dropbox/Research/China FDI Africa/JOP R and R/JOP Replication Files/log/Table_A17.log"
[1] "Working Directory: C:/Users/xwang21/Dropbox/Research/China FDI Africa/JOP R and R/JOP Replication Files"
User Name: xwang21 
R Version: 4.0.4 (2021-02-15) 
Machine: LAPTOP-7NELGKDS x86-64 
Operating System: Windows 10 x64 build 19042 
Log Start Time: 2021-07-06 09:47:09 
========================================================================= 

                                   (1)        (2)        (3)        (4)       
 [1,] "Announced"                  "0.010"    "0.035"    "-0.025"   "-0.026"  
 [2,] ""                           "(0.329)"  "(0.623)"  "(-1.097)" "(-0.525)"
 [3,] "Active"                     "-0.075"   "-0.134"   "-0.046"   "-0.102"  
 [4,] ""                           "(-4.151)" "(-3.805)" "(-3.374)" "(-3.463)"
 [5,] "Active-Announced"           "-0.085"   "-0.168"   "-0.022"   "-0.076"  
 [6,] "F test: Active=Announced"   "7.620"    "8.759"    "0.884"    "2.368"   
 [7,] "p value"                    "0.006"    "0.003"    "0.347"    "0.124"   
 [8,] "Mean of dependent variable" "0.414"    "1.187"    "0.240"    "0.842"   
 [9,] "Individual controls"        "Yes"      "Yes"      "Yes"      "Yes"     
[10,] "Country fixed effects"      "Yes"      "Yes"      "Yes"      "Yes"     
[11,] "Survey round fixed effects" "Yes"      "Yes"      "Yes"      "Yes"     
[12,] "Number of observations"     "8749"     "8749"     "9846"     "9846"    
[13,] "Number of countries"        "19"       "19"       "19"       "19"      
[14,] "Number of villages"         "3538"     "3538"     "3538"     "3538"    
[15,] "Survey rounds"              "1-7"      "1-7"      "1-7"      "1-7"     
[16,] "Adjusted R squared"         "0.061"    "0.079"    "0.038"    "0.071"   
      (5)        (6)        (7)        (8)        (9)        (10)       (11)      
 [1,] "0.072"    "0.073"    "-0.038"   "-0.081"   "-0.032"   "-0.072"   "0.005"   
 [2,] "(2.203)"  "(1.156)"  "(-1.218)" "(-1.359)" "(-1.318)" "(-1.432)" "(0.148)" 
 [3,] "-0.048"   "-0.099"   "-0.071"   "-0.124"   "-0.011"   "-0.012"   "-0.085"  
 [4,] "(-2.395)" "(-2.507)" "(-3.790)" "(-3.395)" "(-0.713)" "(-0.385)" "(-4.155)"
 [5,] "-0.119"   "-0.172"   "-0.033"   "-0.043"   "0.021"    "0.060"    "-0.090"  
 [6,] "13.574"   "7.386"    "1.151"    "0.516"    "0.804"    "1.486"    "7.349"   
 [7,] "0.000"    "0.007"    "0.283"    "0.472"    "0.370"    "0.223"    "0.007"   
 [8,] "0.582"    "1.585"    "0.432"    "1.218"    "0.248"    "0.863"    "0.612"   
 [9,] "Yes"      "Yes"      "Yes"      "Yes"      "Yes"      "Yes"      "Yes"     
[10,] "Yes"      "Yes"      "Yes"      "Yes"      "Yes"      "Yes"      "Yes"     
[11,] "Yes"      "Yes"      "Yes"      "Yes"      "Yes"      "Yes"      "Yes"     
[12,] "8991"     "8991"     "8678"     "8678"     "9640"     "9640"     "8784"    
[13,] "19"       "19"       "19"       "19"       "19"       "19"       "19"      
[14,] "3538"     "3538"     "3318"     "3318"     "3318"     "3318"     "3318"    
[15,] "1-7"      "1-7"      "1-7"      "1-7"      "1-7"      "1-7"      "1-7"     
[16,] "0.079"    "0.088"    "0.072"    "0.086"    "0.051"    "0.089"    "0.081"   
      (12)      
 [1,] "0.006"   
 [2,] "(0.083)" 
 [3,] "-0.161"  
 [4,] "(-3.823)"
 [5,] "-0.167"  
 [6,] "5.549"   
 [7,] "0.018"   
 [8,] "1.652"   
 [9,] "Yes"     
[10,] "Yes"     
[11,] "Yes"     
[12,] "8784"    
[13,] "19"      
[14,] "3318"    
[15,] "1-7"     
[16,] "0.094"   

NOTE: Log Print Time:  2021-07-06 09:47:09 
NOTE: Elapsed Time in seconds: 0.0250890254974365 

========================================================================= 
Log End Time: 2021-07-06 09:47:09 
Log Elapsed Time: 0 00:00:00 
========================================================================= 
