========================================================================= 
[1] "Log Path: C:/Users/xwang21/Dropbox/Research/China FDI Africa/JOP R and R/JOP Replication Files/log/Table_A8.log"
[1] "Working Directory: C:/Users/xwang21/Dropbox/Research/China FDI Africa/JOP R and R/JOP Replication Files"
User Name: xwang21 
R Version: 4.0.4 (2021-02-15) 
Machine: LAPTOP-7NELGKDS x86-64 
Operating System: Windows 10 x64 build 19042 
Log Start Time: 2021-07-06 09:46:03 
========================================================================= 

      row_labels                                        N       Mean     StDev   
 [1,] "Active 50km"                                     "41373" "0.049"  "0.217" 
 [2,] "Announced 50km"                                  "41373" "0.42"   "0.494" 
 [3,] "Eventual 50km"                                   "41373" "0.531"  "0.499" 
 [4,] "Distance to announced projects"                  "2040"  "23.869" "15.694"
 [5,] "Distance to active projects"                     "17361" "17.033" "13.298"
 [6,] "Distance to eventual projects"                   "21972" "16.777" "14.051"
 [7,] "Years after announced"                           "2040"  "2.437"  "1.491" 
 [8,] "Years after active"                              "17361" "2.507"  "2.163" 
 [9,] "Years to eventual"                               "21972" "4.748"  "4.223" 
[10,] "Current economic conditions: dummy"              "37014" "0.295"  "0.456" 
[11,] "Current economic conditions: ordinal"            "37014" "1.534"  "1.237" 
[12,] "Economic conditions in one year: dummy"          "37368" "0.518"  "0.5"   
[13,] "Economic conditions in one year: ordinal"        "37368" "2.228"  "1.251" 
[14,] "How government manages economy:dummy"            "35980" "0.425"  "0.494" 
[15,] "How government manages economy:ordinal"          "35980" "1.201"  "0.916" 
[16,] "How government creates jobs: dummy"              "40472" "0.25"   "0.433" 
[17,] "How government creates jobs: ordinal"            "40472" "0.857"  "0.856" 
[18,] "Presidential approval: dummy"                    "36994" "0.596"  "0.491" 
[19,] "Presidential approval: ordinal"                  "36994" "1.609"  "0.971" 
[20,] "Urban (rural=0, semi-urban=1, urban=2)"          "41318" "1.498"  "0.859" 
[21,] "Age"                                             "41169" "36.485" "14.305"
[22,] "Gender (female=1)"                               "41345" "0.5"    "0.5"   
[23,] "Education (no formal school=0, post-graduate=4)" "41242" "1.848"  "0.887" 
      Min     Pctl_25 Pctl_75  Max     
 [1,] "0"     "0"     "0"      "1"     
 [2,] "0"     "0"     "1"      "1"     
 [3,] "0"     "0"     "1"      "1"     
 [4,] "1.269" "8.501" "37.709" "49.99" 
 [5,] "0.127" "6.259" "25.223" "49.883"
 [6,] "0.104" "5.816" "26.956" "49.993"
 [7,] "1"     "1"     "3"      "13"    
 [8,] "1"     "1"     "3"      "11"    
 [9,] "0"     "2"     "7"      "17"    
[10,] "0"     "0"     "1"      "1"     
[11,] "0"     "0"     "3"      "4"     
[12,] "0"     "0"     "1"      "1"     
[13,] "0"     "1"     "3"      "4"     
[14,] "0"     "0"     "1"      "1"     
[15,] "0"     "0"     "2"      "3"     
[16,] "0"     "0"     "1"      "1"     
[17,] "0"     "0"     "2"      "3"     
[18,] "0"     "0"     "1"      "1"     
[19,] "0"     "1"     "2"      "3"     
[20,] "0"     "1"     "2"      "2"     
[21,] "18"    "25"    "45"     "100"   
[22,] "0"     "0"     "1"      "1"     
[23,] "0"     "1"     "2"      "4"     

NOTE: Log Print Time:  2021-07-06 09:46:03 
NOTE: Elapsed Time in seconds: 0.0320470333099365 

========================================================================= 
Log End Time: 2021-07-06 09:46:03 
Log Elapsed Time: 0 00:00:00 
========================================================================= 
