========================================================================= 
[1] "Log Path: C:/Users/xwang21/Dropbox/Research/China FDI Africa/JOP R and R/JOP Replication Files/log/Table_A37.log"
[1] "Working Directory: C:/Users/xwang21/Dropbox/Research/China FDI Africa/JOP R and R/JOP Replication Files"
User Name: xwang21 
R Version: 4.0.4 (2021-02-15) 
Machine: LAPTOP-7NELGKDS x86-64 
Operating System: Windows 10 x64 build 19042 
Log Start Time: 2021-07-06 09:50:01 
========================================================================= 

                                               (1)        (2)        (3)       
 [1,] "Announced: first year"                  "0.151"    "0.483"    "0.158"   
 [2,] ""                                       "(5.252)"  "(6.053)"  "(6.085)" 
 [3,] "Announced: second year"                 "0.052"    "0.164"    "-0.021"  
 [4,] ""                                       "(2.037)"  "(2.311)"  "(-0.773)"
 [5,] "Announced: third year and above"        "0.001"    "-0.132"   "0.056"   
 [6,] ""                                       "(0.018)"  "(-1.718)" "(1.546)" 
 [7,] "Active: first year"                     "-0.014"   "-0.041"   "-0.051"  
 [8,] ""                                       "(-1.133)" "(-1.162)" "(-3.415)"
 [9,] "Active: second year"                    "0.032"    "0.146"    "-0.005"  
[10,] ""                                       "(1.688)"  "(2.604)"  "(-0.212)"
[11,] "Active: third year and above"           "-0.036"   "-0.245"   "-0.080"  
[12,] ""                                       "(-2.127)" "(-4.895)" "(-3.968)"
[13,] "Active-Announced: first year"           "-0.164"   "-0.524"   "-0.209"  
[14,] "F test: Active=Announced"               "31.082"   "40.403"   "62.314"  
[15,] "p value"                                "0.000"    "0.000"    "0.000"   
[16,] "Active-Announced: second year"          "-0.020"   "-0.018"   "0.016"   
[17,] "F test: Active=Announced"               "0.433"    "0.043"    "0.219"   
[18,] "p value"                                "0.511"    "0.835"    "0.640"   
[19,] "Active-Announced: third year and above" "-0.036"   "-0.113"   "-0.136"  
[20,] "F test: Active=Announced"               "1.371"    "1.715"    "11.822"  
[21,] "p value"                                "0.242"    "0.190"    "0.001"   
[22,] "Mean of dependent variable"             "0.291"    "1.464"    "0.541"   
[23,] "Individual controls"                    "Yes"      "Yes"      "Yes"     
[24,] "Presidential fixed effects"             "Yes"      "Yes"      "Yes"     
[25,] "Survey round fixed effects"             "Yes"      "Yes"      "Yes"     
[26,] "Number of observations"                 "23521"    "23521"    "24252"   
[27,] "Number of countries"                    "14"       "14"       "14"      
[28,] "Number of presidential terms"           "24"       "24"       "24"      
[29,] "Number of villages"                     "3076"     "3076"     "3076"    
[30,] "Survey rounds"                          "1-7"      "1-7"      "1-7"     
[31,] "Adjusted R squared"                     "0.061"    "0.112"    "0.098"   
      (4)        (5)        (6)        (7)        (8)        (9)        (10)      
 [1,] "0.420"    "0.104"    "0.213"    "0.046"    "0.140"    "0.115"    "0.227"   
 [2,] "(6.016)"  "(3.973)"  "(4.170)"  "(1.462)"  "(2.212)"  "(3.564)"  "(3.164)" 
 [3,] "0.080"    "-0.042"   "-0.052"   "-0.030"   "-0.089"   "-0.057"   "-0.097"  
 [4,] "(1.218)"  "(-1.485)" "(-1.004)" "(-1.313)" "(-1.932)" "(-2.102)" "(-1.553)"
 [5,] "0.053"    "-0.101"   "-0.190"   "-0.055"   "-0.170"   "-0.030"   "-0.099"  
 [6,] "(0.624)"  "(-2.603)" "(-2.586)" "(-2.019)" "(-3.229)" "(-0.860)" "(-1.487)"
 [7,] "-0.121"   "-0.044"   "-0.074"   "-0.032"   "-0.078"   "0.017"    "0.031"   
 [8,] "(-3.050)" "(-3.229)" "(-2.663)" "(-2.877)" "(-3.249)" "(1.040)"  "(0.933)" 
 [9,] "0.072"    "0.002"    "0.020"    "-0.022"   "-0.015"   "-0.001"   "0.010"   
[10,] "(1.071)"  "(0.101)"  "(0.461)"  "(-1.479)" "(-0.440)" "(-0.052)" "(0.191)" 
[11,] "-0.270"   "-0.077"   "-0.157"   "-0.039"   "-0.105"   "-0.006"   "-0.027"  
[12,] "(-4.826)" "(-4.186)" "(-4.229)" "(-2.440)" "(-3.075)" "(-0.303)" "(-0.645)"
[13,] "-0.541"   "-0.148"   "-0.287"   "-0.078"   "-0.217"   "-0.099"   "-0.196"  
[14,] "58.102"   "30.067"   "29.340"   "5.929"    "11.335"   "8.635"    "6.957"   
[15,] "0.000"    "0.000"    "0.000"    "0.015"    "0.001"    "0.003"    "0.008"   
[16,] "-0.008"   "0.044"    "0.072"    "0.009"    "0.074"    "0.056"    "0.106"   
[17,] "0.009"    "1.709"    "1.220"    "0.108"    "1.815"    "2.726"    "1.920"   
[18,] "0.924"    "0.191"    "0.269"    "0.743"    "0.178"    "0.099"    "0.166"   
[19,] "-0.322"   "0.025"    "0.033"    "0.016"    "0.065"    "0.024"    "0.072"   
[20,] "11.374"   "0.361"    "0.182"    "0.274"    "1.194"    "0.380"    "0.941"   
[21,] "0.001"    "0.548"    "0.670"    "0.601"    "0.274"    "0.538"    "0.332"   
[22,] "2.256"    "0.393"    "1.136"    "0.222"    "0.781"    "0.562"    "1.556"   
[23,] "Yes"      "Yes"      "Yes"      "Yes"      "Yes"      "Yes"      "Yes"     
[24,] "Yes"      "Yes"      "Yes"      "Yes"      "Yes"      "Yes"      "Yes"     
[25,] "Yes"      "Yes"      "Yes"      "Yes"      "Yes"      "Yes"      "Yes"     
[26,] "24252"    "22897"    "22897"    "25993"    "25993"    "23499"    "23499"   
[27,] "14"       "14"       "14"       "14"       "14"       "14"       "14"      
[28,] "24"       "24"       "24"       "24"       "24"       "24"       "24"      
[29,] "3076"     "3076"     "3076"     "3076"     "3076"     "3076"     "3076"    
[30,] "1-7"      "1-7"      "1-7"      "1-7"      "1-7"      "1-7"      "1-7"     
[31,] "0.121"    "0.090"    "0.109"    "0.050"    "0.075"    "0.128"    "0.145"   

NOTE: Log Print Time:  2021-07-06 09:50:01 
NOTE: Elapsed Time in seconds: 0.0197958946228027 

========================================================================= 
Log End Time: 2021-07-06 09:50:01 
Log Elapsed Time: 0 00:00:00 
========================================================================= 
