========================================================================= 
[1] "Log Path: C:/Users/xwang21/Dropbox/Research/China FDI Africa/JOP R and R/JOP Replication Files/log/Table_A14.log"
[1] "Working Directory: C:/Users/xwang21/Dropbox/Research/China FDI Africa/JOP R and R/JOP Replication Files"
User Name: xwang21 
R Version: 4.0.4 (2021-02-15) 
Machine: LAPTOP-7NELGKDS x86-64 
Operating System: Windows 10 x64 build 19042 
Log Start Time: 2021-07-06 09:46:39 
========================================================================= 

                                      (1)        (2)        (3)        (4)       
 [1,] "Announced: first year"         "-0.186"   "-0.698"   "-0.258"   "-0.833"  
 [2,] ""                              "(-1.941)" "(-2.558)" "(-3.372)" "(-3.693)"
 [3,] "Announced: second year"        "-0.162"   "-0.370"   "-0.150"   "-0.213"  
 [4,] ""                              "(-2.961)" "(-2.871)" "(-2.658)" "(-1.563)"
 [5,] "Active: first year"            "-0.014"   "-0.047"   "-0.041"   "-0.023"  
 [6,] ""                              "(-0.865)" "(-1.070)" "(-2.250)" "(-0.500)"
 [7,] "Active: second year"           "0.107"    "0.345"    "0.089"    "0.363"   
 [8,] ""                              "(4.623)"  "(5.122)"  "(2.998)"  "(4.738)" 
 [9,] "Active: third year and above"  "0.010"    "-0.009"   "-0.065"   "-0.094"  
[10,] ""                              "(0.370)"  "(-0.126)" "(-2.301)" "(-1.476)"
[11,] "Active-Announced: first year"  "0.172"    "0.650"    "0.216"    "0.811"   
[12,] "F test: Active=Announced"      "3.023"    "5.430"    "7.510"    "12.226"  
[13,] "p value"                       "0.082"    "0.020"    "0.006"    "0.000"   
[14,] "Active-Announced: second year" "0.270"    "0.715"    "0.239"    "0.576"   
[15,] "F test: Active=Announced"      "20.534"   "24.071"   "14.024"   "13.531"  
[16,] "p value"                       "0.000"    "0.000"    "0.000"    "0.000"   
[17,] "Mean of dependent variable"    "0.334"    "1.710"    "0.473"    "2.143"   
[18,] "Individual controls"           "Yes"      "Yes"      "Yes"      "Yes"     
[19,] "Country fixed effects"         "Yes"      "Yes"      "Yes"      "Yes"     
[20,] "Survey round fixed effects"    "Yes"      "Yes"      "Yes"      "Yes"     
[21,] "Number of observations"        "14578"    "14578"    "14278"    "14278"   
[22,] "Number of countries"           "14"       "14"       "14"       "14"      
[23,] "Number of villages"            "1381"     "1381"     "1381"     "1381"    
[24,] "Survey rounds"                 "1-7"      "1-7"      "1-7"      "1-7"     
[25,] "Adjusted R squared"            "0.058"    "0.110"    "0.146"    "0.162"   
      (5)        (6)        (7)        (8)        (9)        (10)      
 [1,] "-0.278"   "-0.469"   "-0.229"   "-0.531"   "0.246"    "0.221"   
 [2,] "(-2.755)" "(-2.523)" "(-3.427)" "(-3.500)" "(3.233)"  "(1.678)" 
 [3,] "-0.269"   "-0.353"   "-0.118"   "-0.250"   "-0.335"   "-0.780"  
 [4,] "(-3.968)" "(-3.343)" "(-2.162)" "(-2.587)" "(-5.964)" "(-5.902)"
 [5,] "-0.049"   "-0.055"   "-0.046"   "-0.070"   "0.018"    "0.083"   
 [6,] "(-2.434)" "(-1.411)" "(-2.798)" "(-1.942)" "(0.874)"  "(1.868)" 
 [7,] "0.110"    "0.215"    "-0.005"   "0.003"    "0.020"    "0.076"   
 [8,] "(3.759)"  "(3.979)"  "(-0.241)" "(0.071)"  "(0.663)"  "(1.227)" 
 [9,] "-0.011"   "0.009"    "-0.041"   "-0.077"   "0.049"    "0.106"   
[10,] "(-0.414)" "(0.170)"  "(-1.601)" "(-1.451)" "(1.348)"  "(1.489)" 
[11,] "0.229"    "0.414"    "0.183"    "0.460"    "-0.228"   "-0.138"  
[12,] "5.042"    "4.898"    "7.382"    "9.103"    "8.251"    "1.016"   
[13,] "0.025"    "0.027"    "0.007"    "0.003"    "0.004"    "0.313"   
[14,] "0.379"    "0.568"    "0.113"    "0.253"    "0.355"    "0.856"   
[15,] "26.052"   "22.537"   "3.823"    "5.695"    "30.790"   "34.346"  
[16,] "0.000"    "0.000"    "0.051"    "0.017"    "0.000"    "0.000"   
[17,] "0.449"    "1.257"    "0.279"    "0.933"    "0.616"    "1.637"   
[18,] "Yes"      "Yes"      "Yes"      "Yes"      "Yes"      "Yes"     
[19,] "Yes"      "Yes"      "Yes"      "Yes"      "Yes"      "Yes"     
[20,] "Yes"      "Yes"      "Yes"      "Yes"      "Yes"      "Yes"     
[21,] "14065"    "14065"    "15503"    "15503"    "14436"    "14436"   
[22,] "14"       "14"       "14"       "14"       "14"       "14"      
[23,] "1381"     "1381"     "1381"     "1381"     "1381"     "1381"    
[24,] "1-7"      "1-7"      "1-7"      "1-7"      "1-7"      "1-7"     
[25,] "0.103"    "0.125"    "0.059"    "0.108"    "0.105"    "0.118"   

NOTE: Log Print Time:  2021-07-06 09:46:39 
NOTE: Elapsed Time in seconds: 0.0181150436401367 

========================================================================= 
Log End Time: 2021-07-06 09:46:39 
Log Elapsed Time: 0 00:00:00 
========================================================================= 
