========================================================================= 
Log Path: ./log/ Egypt _Table 1.log 
Program Path: /Users/will/Desktop/ORGANIZED/SCHOOL/EMORY/EMORY_CLG/Y4_S1/Pols 334 - African Politics/Replication Paper/Wang-et-al-2022-replication/Replication Code/dataverse_files/Replicate_Main.R 
Working Directory: /Users/will/Desktop/ORGANIZED/SCHOOL/EMORY/EMORY_CLG/Y4_S1/Pols 334 - African Politics/Replication Paper/Wang-et-al-2022-replication/Replication Code/dataverse_files 
User Name: will 
R Version: 4.1.2 (2021-11-01) 
Machine: Wills-MacBook-Pro.local x86_64 
Operating System: Darwin 21.5.0 Darwin Kernel Version 21.5.0: Tue Apr 26 21:08:22 PDT 2022; root:xnu-8020.121.3~4/RELEASE_X86_64 
Base Packages: stats graphics grDevices utils datasets methods base Other Packages: logr_1.3.3 xtable_1.8-4 Hmisc_4.7-1 Formula_1.2-4 survival_3.2-13 lattice_0.20-45 car_3.1-0 carData_3.0-5 miceadds_3.15-21 mice_3.14.0 forcats_0.5.1 stringr_1.4.1 dplyr_1.0.9 purrr_0.3.4 readr_2.1.2 tidyr_1.2.0 tibble_3.1.6 ggplot2_3.3.6 tidyverse_1.3.1 lwgeom_0.2-9 spData_2.2.0 sf_1.0-8 
Log Start Time: 2022-12-07 14:22:10 
========================================================================= 

                                         (1)       (2)        (3)       (4)      
 [1,] "Announced"                        "0.101"   "0.256"    "0.203"   "0.742"  
 [2,] ""                                 "(0.999)" "(0.598)"  "(1.366)" "(1.836)"
 [3,] "Active"                           "0.004"   "-0.072"   "0.021"   "0.022"  
 [4,] ""                                 "(0.143)" "(-0.848)" "(0.376)" "(0.169)"
 [5,] "Active-Announced"                 "-0.096"  "-0.328"   "-0.182"  "-0.720" 
 [6,] "F test: Active=Announced"         "0.918"   "0.592"    "1.562"   "3.175"  
 [7,] "p value"                          "0.338"   "0.442"    "0.211"   "0.075"  
 [8,] "Mean of dependent variable"       "0.268"   "1.276"    "0.449"   "2.004"  
 [9,] "Individual controls"              "Yes"     "Yes"      "Yes"     "Yes"    
[10,] "Survey round fixed effects"       "Yes"     "Yes"      "Yes"     "Yes"    
[11,] "Number of observations"           "Yes"     "Yes"      "Yes"     "Yes"    
[12,] "Number of countries"              "1029"    "1029"     "964"     "964"    
[13,] "Number of townships and villages" "1"       "1"        "1"       "1"      
[14,] "Survey rounds"                    "116"     "116"      "116"     "116"    
[15,] "Adjusted R squared"               "1-7"     "1-7"      "1-7"     "1-7"    
[16,] "Announced"                        "0.328"   "0.428"    "0.075"   "0.140"  

NOTE: Log Print Time:  2022-12-07 14:22:10 
NOTE: Elapsed Time: 0.00140786170959473 secs 

========================================================================= 
Log End Time: 2022-12-07 14:22:10 
Log Elapsed Time: 0 00:00:00 
========================================================================= 
