========================================================================= 
Log Path: ./log/ Kenya _Table 1.log 
Program Path: /Users/will/Desktop/ORGANIZED/SCHOOL/EMORY/EMORY_CLG/Y4_S1/Pols 334 - African Politics/Replication Paper/Wang-et-al-2022-replication/Replication Code/dataverse_files/Replicate_Main.R 
Working Directory: /Users/will/Desktop/ORGANIZED/SCHOOL/EMORY/EMORY_CLG/Y4_S1/Pols 334 - African Politics/Replication Paper/Wang-et-al-2022-replication/Replication Code/dataverse_files 
User Name: will 
R Version: 4.1.2 (2021-11-01) 
Machine: Wills-MacBook-Pro.local x86_64 
Operating System: Darwin 21.5.0 Darwin Kernel Version 21.5.0: Tue Apr 26 21:08:22 PDT 2022; root:xnu-8020.121.3~4/RELEASE_X86_64 
Base Packages: stats graphics grDevices utils datasets methods base Other Packages: logr_1.3.3 xtable_1.8-4 Hmisc_4.7-1 Formula_1.2-4 survival_3.2-13 lattice_0.20-45 car_3.1-0 carData_3.0-5 miceadds_3.15-21 mice_3.14.0 forcats_0.5.1 stringr_1.4.1 dplyr_1.0.9 purrr_0.3.4 readr_2.1.2 tidyr_1.2.0 tibble_3.1.6 ggplot2_3.3.6 tidyverse_1.3.1 lwgeom_0.2-9 spData_2.2.0 sf_1.0-8 
Log Start Time: 2022-12-07 14:17:38 
========================================================================= 

                                         (1)       (2)        (3)       (4)      
 [1,] "Announced"                        "0.048"   "0.050"    "0.124"   "0.169"  
 [2,] ""                                 "(0.756)" "(0.295)"  "(0.516)" "(0.307)"
 [3,] "Active"                           "0.070"   "-0.039"   "0.079"   "0.122"  
 [4,] ""                                 "(1.730)" "(-0.264)" "(1.309)" "(0.843)"
 [5,] "Active-Announced"                 "0.021"   "-0.089"   "-0.045"  "-0.047" 
 [6,] "F test: Active=Announced"         "0.145"   "0.646"    "0.036"   "0.008"  
 [7,] "p value"                          "0.704"   "0.421"    "0.850"   "0.931"  
 [8,] "Mean of dependent variable"       "0.293"   "1.477"    "0.565"   "2.274"  
 [9,] "Individual controls"              "Yes"     "Yes"      "Yes"     "Yes"    
[10,] "Survey round fixed effects"       "Yes"     "Yes"      "Yes"     "Yes"    
[11,] "Number of observations"           "Yes"     "Yes"      "Yes"     "Yes"    
[12,] "Number of countries"              "2094"    "2094"     "1904"    "1904"   
[13,] "Number of townships and villages" "1"       "1"        "1"       "1"      
[14,] "Survey rounds"                    "204"     "204"      "204"     "204"    
[15,] "Adjusted R squared"               "1-7"     "1-7"      "1-7"     "1-7"    
[16,] "Announced"                        "0.090"   "0.164"    "0.119"   "0.151"  

NOTE: Log Print Time:  2022-12-07 14:17:38 
NOTE: Elapsed Time: 0.00222301483154297 secs 

========================================================================= 
Log End Time: 2022-12-07 14:17:38 
Log Elapsed Time: 0 00:00:00 
========================================================================= 
