========================================================================= 
Log Path: ./log/ Madagascar _Table 2.log 
Program Path: /Users/will/Desktop/ORGANIZED/SCHOOL/EMORY/EMORY_CLG/Y4_S1/Pols 334 - African Politics/Replication Paper/Wang-et-al-2022-replication/Replication Code/dataverse_files/Replicate_Main.R 
Working Directory: /Users/will/Desktop/ORGANIZED/SCHOOL/EMORY/EMORY_CLG/Y4_S1/Pols 334 - African Politics/Replication Paper/Wang-et-al-2022-replication/Replication Code/dataverse_files 
User Name: will 
R Version: 4.1.2 (2021-11-01) 
Machine: Wills-MacBook-Pro.local x86_64 
Operating System: Darwin 21.5.0 Darwin Kernel Version 21.5.0: Tue Apr 26 21:08:22 PDT 2022; root:xnu-8020.121.3~4/RELEASE_X86_64 
Base Packages: stats graphics grDevices utils datasets methods base Other Packages: logr_1.3.3 xtable_1.8-4 Hmisc_4.7-1 Formula_1.2-4 survival_3.2-13 lattice_0.20-45 car_3.1-0 carData_3.0-5 miceadds_3.15-21 mice_3.14.0 forcats_0.5.1 stringr_1.4.1 dplyr_1.0.9 purrr_0.3.4 readr_2.1.2 tidyr_1.2.0 tibble_3.1.6 ggplot2_3.3.6 tidyverse_1.3.1 lwgeom_0.2-9 spData_2.2.0 sf_1.0-8 
Log Start Time: 2022-12-07 14:17:59 
========================================================================= 

                                         (1)         (2)         (3)        (4)       
 [1,] "Announced"                        "-0.136"    "-0.180"    "-0.147"   "-0.174"  
 [2,] ""                                 "(-2.505)"  "(-2.996)"  "(-1.927)" "(-1.687)"
 [3,] "Active"                           "-0.614"    "-1.226"    "-0.316"   "-0.843"  
 [4,] ""                                 "(-12.342)" "(-16.704)" "(-4.968)" "(-8.918)"
 [5,] "Active-Announced"                 "-0.479"    "-1.046"    "-0.170"   "-0.670"  
 [6,] "F test: Active=Announced"         "107.529"   "199.971"   "9.576"    "46.244"  
 [7,] "p value"                          "0.000"     "0.000"     "0.002"    "0.000"   
 [8,] "Mean of dependent variable"       "0.289"     "1.047"     "0.174"    "0.847"   
 [9,] "Individual controls"              "Yes"       "Yes"       "Yes"      "Yes"     
[10,] "Survey round fixed effects"       "Yes"       "Yes"       "Yes"      "Yes"     
[11,] "Number of observations"           "Yes"       "Yes"       "Yes"      "Yes"     
[12,] "Number of countries"              "834"       "834"       "846"      "846"     
[13,] "Number of townships and villages" "1"         "1"         "1"        "1"       
[14,] "Survey rounds"                    "222"       "222"       "222"      "222"     
[15,] "Adjusted R squared"               "1-7"       "1-7"       "1-7"      "1-7"     
[16,] "Announced"                        "0.337"     "0.386"     "0.122"    "0.203"   
      (5)         (6)        
 [1,] "-0.051"    "-0.037"   
 [2,] "(-1.480)"  "(-0.630)" 
 [3,] "-0.772"    "-1.357"   
 [4,] "(-18.582)" "(-14.094)"
 [5,] "-0.722"    "-1.319"   
 [6,] "333.586"   "183.690"  
 [7,] "0.000"     "0.000"    
 [8,] "0.484"     "1.340"    
 [9,] "Yes"       "Yes"      
[10,] "Yes"       "Yes"      
[11,] "Yes"       "Yes"      
[12,] "848"       "848"      
[13,] "1"         "1"        
[14,] "222"       "222"      
[15,] "1-7"       "1-7"      
[16,] "0.472"     "0.446"    

NOTE: Log Print Time:  2022-12-07 14:17:59 
NOTE: Elapsed Time: 0.00316381454467773 secs 

========================================================================= 
Log End Time: 2022-12-07 14:17:59 
Log Elapsed Time: 0 00:00:00 
========================================================================= 
