========================================================================= 
Log Path: ./log/ Morocco _Table 2.log 
Program Path: /Users/will/Desktop/ORGANIZED/SCHOOL/EMORY/EMORY_CLG/Y4_S1/Pols 334 - African Politics/Replication Paper/Wang-et-al-2022-replication/Replication Code/dataverse_files/Replicate_Main.R 
Working Directory: /Users/will/Desktop/ORGANIZED/SCHOOL/EMORY/EMORY_CLG/Y4_S1/Pols 334 - African Politics/Replication Paper/Wang-et-al-2022-replication/Replication Code/dataverse_files 
User Name: will 
R Version: 4.1.2 (2021-11-01) 
Machine: Wills-MacBook-Pro.local x86_64 
Operating System: Darwin 21.5.0 Darwin Kernel Version 21.5.0: Tue Apr 26 21:08:22 PDT 2022; root:xnu-8020.121.3~4/RELEASE_X86_64 
Base Packages: stats graphics grDevices utils datasets methods base Other Packages: logr_1.3.3 xtable_1.8-4 Hmisc_4.7-1 Formula_1.2-4 survival_3.2-13 lattice_0.20-45 car_3.1-0 carData_3.0-5 miceadds_3.15-21 mice_3.14.0 forcats_0.5.1 stringr_1.4.1 dplyr_1.0.9 purrr_0.3.4 readr_2.1.2 tidyr_1.2.0 tibble_3.1.6 ggplot2_3.3.6 tidyverse_1.3.1 lwgeom_0.2-9 spData_2.2.0 sf_1.0-8 
Log Start Time: 2022-12-07 14:23:09 
========================================================================= 

                                         (1)        (2)        (3)        (4)       (5)       
 [1,] "Announced"                        "-0.047"   "-0.095"   "-0.025"   "0.023"   "-0.129"  
 [2,] ""                                 "(-0.896)" "(-0.658)" "(-0.390)" "(0.190)" "(-1.449)"
 [3,] "Active"                           "-0.152"   "-0.301"   "-0.016"   "0.018"   "-0.040"  
 [4,] ""                                 "(-3.486)" "(-2.634)" "(-0.445)" "(0.235)" "(-0.676)"
 [5,] "Active-Announced"                 "-0.105"   "-0.205"   "0.009"    "-0.005"  "0.089"   
 [6,] "F test: Active=Announced"         "7.674"    "5.267"    "0.032"    "0.003"   "1.620"   
 [7,] "p value"                          "0.006"    "0.022"    "0.858"    "0.956"   "0.203"   
 [8,] "Mean of dependent variable"       "0.335"    "1.037"    "0.174"    "0.717"   "0.374"   
 [9,] "Individual controls"              "Yes"      "Yes"      "Yes"      "Yes"     "Yes"     
[10,] "Survey round fixed effects"       "Yes"      "Yes"      "Yes"      "Yes"     "Yes"     
[11,] "Number of observations"           "Yes"      "Yes"      "Yes"      "Yes"     "Yes"     
[12,] "Number of countries"              "1120"     "1120"     "1202"     "1202"    "1041"    
[13,] "Number of townships and villages" "1"        "1"        "1"        "1"       "1"       
[14,] "Survey rounds"                    "71"       "71"       "71"       "71"      "71"      
[15,] "Adjusted R squared"               "1-7"      "1-7"      "1-7"      "1-7"     "1-7"     
[16,] "Announced"                        "0.048"    "0.052"    "0.047"    "0.082"   "0.079"   
      (6)       
 [1,] "-0.208"  
 [2,] "(-1.109)"
 [3,] "0.035"   
 [4,] "(0.287)" 
 [5,] "0.243"   
 [6,] "2.967"   
 [7,] "0.085"   
 [8,] "1.157"   
 [9,] "Yes"     
[10,] "Yes"     
[11,] "Yes"     
[12,] "1041"    
[13,] "1"       
[14,] "71"      
[15,] "1-7"     
[16,] "0.108"   

NOTE: Log Print Time:  2022-12-07 14:23:09 
NOTE: Elapsed Time: 0.00285696983337402 secs 

========================================================================= 
Log End Time: 2022-12-07 14:23:09 
Log Elapsed Time: 0 00:00:00 
========================================================================= 
