========================================================================= 
Log Path: ./log/ Morocco _Table 1.log 
Program Path: /Users/will/Desktop/ORGANIZED/SCHOOL/EMORY/EMORY_CLG/Y4_S1/Pols 334 - African Politics/Replication Paper/Wang-et-al-2022-replication/Replication Code/dataverse_files/Replicate_Main.R 
Working Directory: /Users/will/Desktop/ORGANIZED/SCHOOL/EMORY/EMORY_CLG/Y4_S1/Pols 334 - African Politics/Replication Paper/Wang-et-al-2022-replication/Replication Code/dataverse_files 
User Name: will 
R Version: 4.1.2 (2021-11-01) 
Machine: Wills-MacBook-Pro.local x86_64 
Operating System: Darwin 21.5.0 Darwin Kernel Version 21.5.0: Tue Apr 26 21:08:22 PDT 2022; root:xnu-8020.121.3~4/RELEASE_X86_64 
Base Packages: stats graphics grDevices utils datasets methods base Other Packages: logr_1.3.3 xtable_1.8-4 Hmisc_4.7-1 Formula_1.2-4 survival_3.2-13 lattice_0.20-45 car_3.1-0 carData_3.0-5 miceadds_3.15-21 mice_3.14.0 forcats_0.5.1 stringr_1.4.1 dplyr_1.0.9 purrr_0.3.4 readr_2.1.2 tidyr_1.2.0 tibble_3.1.6 ggplot2_3.3.6 tidyverse_1.3.1 lwgeom_0.2-9 spData_2.2.0 sf_1.0-8 
Log Start Time: 2022-12-07 14:23:05 
========================================================================= 

                                         (1)       (2)       (3)        (4)       
 [1,] "Announced"                        "0.013"   "0.134"   "0.090"    "0.033"   
 [2,] ""                                 "(0.217)" "(0.834)" "(1.185)"  "(0.232)" 
 [3,] "Active"                           "0.002"   "0.084"   "-0.060"   "-0.145"  
 [4,] ""                                 "(0.033)" "(0.665)" "(-1.131)" "(-1.330)"
 [5,] "Active-Announced"                 "-0.012"  "-0.050"  "-0.150"   "-0.178"  
 [6,] "F test: Active=Announced"         "0.058"   "0.181"   "9.039"    "4.354"   
 [7,] "p value"                          "0.809"   "0.671"   "0.003"    "0.037"   
 [8,] "Mean of dependent variable"       "0.451"   "2.136"   "0.567"    "2.448"   
 [9,] "Individual controls"              "Yes"     "Yes"     "Yes"      "Yes"     
[10,] "Survey round fixed effects"       "Yes"     "Yes"     "Yes"      "Yes"     
[11,] "Number of observations"           "Yes"     "Yes"     "Yes"      "Yes"     
[12,] "Number of countries"              "1204"    "1204"    "1071"     "1071"    
[13,] "Number of townships and villages" "1"       "1"       "1"        "1"       
[14,] "Survey rounds"                    "71"      "71"      "71"       "71"      
[15,] "Adjusted R squared"               "1-7"     "1-7"     "1-7"      "1-7"     
[16,] "Announced"                        "0.024"   "0.033"   "0.018"    "0.024"   

NOTE: Log Print Time:  2022-12-07 14:23:05 
NOTE: Elapsed Time: 0.00170588493347168 secs 

========================================================================= 
Log End Time: 2022-12-07 14:23:05 
Log Elapsed Time: 0 00:00:00 
========================================================================= 
