========================================================================= 
Log Path: ./log/ Nigeria _Table 2.log 
Program Path: /Users/will/Desktop/ORGANIZED/SCHOOL/EMORY/EMORY_CLG/Y4_S1/Pols 334 - African Politics/Replication Paper/Wang-et-al-2022-replication/Replication Code/dataverse_files/Replicate_Main.R 
Working Directory: /Users/will/Desktop/ORGANIZED/SCHOOL/EMORY/EMORY_CLG/Y4_S1/Pols 334 - African Politics/Replication Paper/Wang-et-al-2022-replication/Replication Code/dataverse_files 
User Name: will 
R Version: 4.1.2 (2021-11-01) 
Machine: Wills-MacBook-Pro.local x86_64 
Operating System: Darwin 21.5.0 Darwin Kernel Version 21.5.0: Tue Apr 26 21:08:22 PDT 2022; root:xnu-8020.121.3~4/RELEASE_X86_64 
Base Packages: stats graphics grDevices utils datasets methods base Other Packages: logr_1.3.3 xtable_1.8-4 Hmisc_4.7-1 Formula_1.2-4 survival_3.2-13 lattice_0.20-45 car_3.1-0 carData_3.0-5 miceadds_3.15-21 mice_3.14.0 forcats_0.5.1 stringr_1.4.1 dplyr_1.0.9 purrr_0.3.4 readr_2.1.2 tidyr_1.2.0 tibble_3.1.6 ggplot2_3.3.6 tidyverse_1.3.1 lwgeom_0.2-9 spData_2.2.0 sf_1.0-8 
Log Start Time: 2022-12-07 14:19:05 
========================================================================= 

                                         (1)        (2)        (3)        (4)        (5)       
 [1,] "Announced"                        "-0.141"   "-0.176"   "-0.007"   "-0.069"   "0.028"   
 [2,] ""                                 "(-1.516)" "(-1.085)" "(-0.128)" "(-0.522)" "(0.478)" 
 [3,] "Active"                           "-0.011"   "-0.021"   "0.019"    "0.038"    "-0.010"  
 [4,] ""                                 "(-0.398)" "(-0.337)" "(0.854)"  "(0.734)"  "(-0.285)"
 [5,] "Active-Announced"                 "0.130"    "0.155"    "0.026"    "0.106"    "-0.039"  
 [6,] "F test: Active=Announced"         "1.826"    "0.806"    "0.221"    "0.611"    "0.370"   
 [7,] "p value"                          "0.177"    "0.369"    "0.638"    "0.434"    "0.543"   
 [8,] "Mean of dependent variable"       "0.203"    "0.731"    "0.206"    "0.726"    "0.410"   
 [9,] "Individual controls"              "Yes"      "Yes"      "Yes"      "Yes"      "Yes"     
[10,] "Survey round fixed effects"       "Yes"      "Yes"      "Yes"      "Yes"      "Yes"     
[11,] "Number of observations"           "Yes"      "Yes"      "Yes"      "Yes"      "Yes"     
[12,] "Number of countries"              "2491"     "2491"     "3129"     "3129"     "2469"    
[13,] "Number of townships and villages" "1"        "1"        "1"        "1"        "1"       
[14,] "Survey rounds"                    "232"      "232"      "232"      "232"      "232"     
[15,] "Adjusted R squared"               "1-7"      "1-7"      "1-7"      "1-7"      "1-7"     
[16,] "Announced"                        "0.039"    "0.056"    "0.166"    "0.164"    "0.194"   
      (6)       
 [1,] "-0.023"  
 [2,] "(-0.250)"
 [3,] "-0.002"  
 [4,] "(-0.027)"
 [5,] "0.021"   
 [6,] "0.041"   
 [7,] "0.840"   
 [8,] "1.236"   
 [9,] "Yes"     
[10,] "Yes"     
[11,] "Yes"     
[12,] "2469"    
[13,] "1"       
[14,] "232"     
[15,] "1-7"     
[16,] "0.174"   

NOTE: Log Print Time:  2022-12-07 14:19:05 
NOTE: Elapsed Time: 0.00408101081848145 secs 

========================================================================= 
Log End Time: 2022-12-07 14:19:05 
Log Elapsed Time: 0 00:00:00 
========================================================================= 
