========================================================================= 
Log Path: ./log/ Senegal _Table 2.log 
Program Path: /Users/will/Desktop/ORGANIZED/SCHOOL/EMORY/EMORY_CLG/Y4_S1/Pols 334 - African Politics/Replication Paper/Wang-et-al-2022-replication/Replication Code/dataverse_files/Replicate_Main.R 
Working Directory: /Users/will/Desktop/ORGANIZED/SCHOOL/EMORY/EMORY_CLG/Y4_S1/Pols 334 - African Politics/Replication Paper/Wang-et-al-2022-replication/Replication Code/dataverse_files 
User Name: will 
R Version: 4.1.2 (2021-11-01) 
Machine: Wills-MacBook-Pro.local x86_64 
Operating System: Darwin 21.5.0 Darwin Kernel Version 21.5.0: Tue Apr 26 21:08:22 PDT 2022; root:xnu-8020.121.3~4/RELEASE_X86_64 
Base Packages: stats graphics grDevices utils datasets methods base Other Packages: logr_1.3.3 xtable_1.8-4 Hmisc_4.7-1 Formula_1.2-4 survival_3.2-13 lattice_0.20-45 car_3.1-0 carData_3.0-5 miceadds_3.15-21 mice_3.14.0 forcats_0.5.1 stringr_1.4.1 dplyr_1.0.9 purrr_0.3.4 readr_2.1.2 tidyr_1.2.0 tibble_3.1.6 ggplot2_3.3.6 tidyverse_1.3.1 lwgeom_0.2-9 spData_2.2.0 sf_1.0-8 
Log Start Time: 2022-12-07 14:19:41 
========================================================================= 

                                         (1)       (2)       (3)        (4)        (5)      
 [1,] "Announced"                        "0.139"   "0.124"   "-0.087"   "-0.269"   "0.102"  
 [2,] ""                                 "(2.784)" "(1.501)" "(-2.402)" "(-2.591)" "(2.258)"
 [3,] "Active"                           "0.158"   "0.123"   "-0.027"   "-0.132"   "0.061"  
 [4,] ""                                 "(4.337)" "(2.221)" "(-0.700)" "(-2.124)" "(1.616)"
 [5,] "Active-Announced"                 "0.019"   "-0.001"  "0.060"    "0.138"    "-0.042" 
 [6,] "F test: Active=Announced"         "0.112"   "0.000"   "2.291"    "1.607"    "0.603"  
 [7,] "p value"                          "0.738"   "0.991"   "0.130"    "0.205"    "0.437"  
 [8,] "Mean of dependent variable"       "0.466"   "1.310"   "0.274"    "0.977"    "0.609"  
 [9,] "Individual controls"              "Yes"     "Yes"     "Yes"      "Yes"      "Yes"    
[10,] "Survey round fixed effects"       "Yes"     "Yes"     "Yes"      "Yes"      "Yes"    
[11,] "Number of observations"           "Yes"     "Yes"     "Yes"      "Yes"      "Yes"    
[12,] "Number of countries"              "2294"    "2294"    "2330"     "2330"     "2288"   
[13,] "Number of townships and villages" "1"       "1"       "1"        "1"        "1"      
[14,] "Survey rounds"                    "190"     "190"     "190"      "190"      "190"    
[15,] "Adjusted R squared"               "1-7"     "1-7"     "1-7"      "1-7"      "1-7"    
[16,] "Announced"                        "0.047"   "0.060"   "0.020"    "0.040"    "0.086"  
      (6)      
 [1,] "0.218"  
 [2,] "(1.730)"
 [3,] "0.047"  
 [4,] "(0.584)"
 [5,] "-0.172" 
 [6,] "1.878"  
 [7,] "0.171"  
 [8,] "1.636"  
 [9,] "Yes"    
[10,] "Yes"    
[11,] "Yes"    
[12,] "2288"   
[13,] "1"      
[14,] "190"    
[15,] "1-7"    
[16,] "0.076"  

NOTE: Log Print Time:  2022-12-07 14:19:41 
NOTE: Elapsed Time: 0.00239396095275879 secs 

========================================================================= 
Log End Time: 2022-12-07 14:19:41 
Log Elapsed Time: 0 00:00:00 
========================================================================= 
