========================================================================= 
Log Path: ./log/ South Africa _Table 2.log 
Program Path: /Users/will/Desktop/ORGANIZED/SCHOOL/EMORY/EMORY_CLG/Y4_S1/Pols 334 - African Politics/Replication Paper/Wang-et-al-2022-replication/Replication Code/dataverse_files/Replicate_Main.R 
Working Directory: /Users/will/Desktop/ORGANIZED/SCHOOL/EMORY/EMORY_CLG/Y4_S1/Pols 334 - African Politics/Replication Paper/Wang-et-al-2022-replication/Replication Code/dataverse_files 
User Name: will 
R Version: 4.1.2 (2021-11-01) 
Machine: Wills-MacBook-Pro.local x86_64 
Operating System: Darwin 21.5.0 Darwin Kernel Version 21.5.0: Tue Apr 26 21:08:22 PDT 2022; root:xnu-8020.121.3~4/RELEASE_X86_64 
Base Packages: stats graphics grDevices utils datasets methods base Other Packages: logr_1.3.3 xtable_1.8-4 Hmisc_4.7-1 Formula_1.2-4 survival_3.2-13 lattice_0.20-45 car_3.1-0 carData_3.0-5 miceadds_3.15-21 mice_3.14.0 forcats_0.5.1 stringr_1.4.1 dplyr_1.0.9 purrr_0.3.4 readr_2.1.2 tidyr_1.2.0 tibble_3.1.6 ggplot2_3.3.6 tidyverse_1.3.1 lwgeom_0.2-9 spData_2.2.0 sf_1.0-8 
Log Start Time: 2022-12-07 14:20:05 
========================================================================= 

                                         (1)        (2)        (3)        (4)        (5)       
 [1,] "Announced"                        "-0.077"   "-0.144"   "-0.010"   "-0.044"   "-0.131"  
 [2,] ""                                 "(-2.072)" "(-1.957)" "(-0.346)" "(-0.691)" "(-3.441)"
 [3,] "Active"                           "-0.054"   "-0.091"   "-0.025"   "-0.038"   "-0.063"  
 [4,] ""                                 "(-2.021)" "(-1.641)" "(-1.158)" "(-0.789)" "(-2.106)"
 [5,] "Active-Announced"                 "0.022"    "0.053"    "-0.015"   "0.007"    "0.068"   
 [6,] "F test: Active=Announced"         "0.371"    "0.502"    "0.279"    "0.012"    "3.205"   
 [7,] "p value"                          "0.542"    "0.479"    "0.598"    "0.913"    "0.073"   
 [8,] "Mean of dependent variable"       "0.425"    "1.218"    "0.186"    "0.691"    "0.532"   
 [9,] "Individual controls"              "Yes"      "Yes"      "Yes"      "Yes"      "Yes"     
[10,] "Survey round fixed effects"       "Yes"      "Yes"      "Yes"      "Yes"      "Yes"     
[11,] "Number of observations"           "Yes"      "Yes"      "Yes"      "Yes"      "Yes"     
[12,] "Number of countries"              "5772"     "5772"     "6995"     "6995"     "6254"    
[13,] "Number of townships and villages" "1"        "1"        "1"        "1"        "1"       
[14,] "Survey rounds"                    "1150"     "1150"     "1150"     "1150"     "1150"    
[15,] "Adjusted R squared"               "1-7"      "1-7"      "1-7"      "1-7"      "1-7"     
[16,] "Announced"                        "0.070"    "0.086"    "0.033"    "0.044"    "0.094"   
      (6)       
 [1,] "-0.214"  
 [2,] "(-2.686)"
 [3,] "-0.134"  
 [4,] "(-2.087)"
 [5,] "0.080"   
 [6,] "0.995"   
 [7,] "0.319"   
 [8,] "1.489"   
 [9,] "Yes"     
[10,] "Yes"     
[11,] "Yes"     
[12,] "6254"    
[13,] "1"       
[14,] "1150"    
[15,] "1-7"     
[16,] "0.108"   

NOTE: Log Print Time:  2022-12-07 14:20:05 
NOTE: Elapsed Time: 0.00271511077880859 secs 

========================================================================= 
Log End Time: 2022-12-07 14:20:05 
Log Elapsed Time: 0 00:00:00 
========================================================================= 
