========================================================================= 
Log Path: ./log/ South Africa _Table 1.log 
Program Path: /Users/will/Desktop/ORGANIZED/SCHOOL/EMORY/EMORY_CLG/Y4_S1/Pols 334 - African Politics/Replication Paper/Wang-et-al-2022-replication/Replication Code/dataverse_files/Replicate_Main.R 
Working Directory: /Users/will/Desktop/ORGANIZED/SCHOOL/EMORY/EMORY_CLG/Y4_S1/Pols 334 - African Politics/Replication Paper/Wang-et-al-2022-replication/Replication Code/dataverse_files 
User Name: will 
R Version: 4.1.2 (2021-11-01) 
Machine: Wills-MacBook-Pro.local x86_64 
Operating System: Darwin 21.5.0 Darwin Kernel Version 21.5.0: Tue Apr 26 21:08:22 PDT 2022; root:xnu-8020.121.3~4/RELEASE_X86_64 
Base Packages: stats graphics grDevices utils datasets methods base Other Packages: logr_1.3.3 xtable_1.8-4 Hmisc_4.7-1 Formula_1.2-4 survival_3.2-13 lattice_0.20-45 car_3.1-0 carData_3.0-5 miceadds_3.15-21 mice_3.14.0 forcats_0.5.1 stringr_1.4.1 dplyr_1.0.9 purrr_0.3.4 readr_2.1.2 tidyr_1.2.0 tibble_3.1.6 ggplot2_3.3.6 tidyverse_1.3.1 lwgeom_0.2-9 spData_2.2.0 sf_1.0-8 
Log Start Time: 2022-12-07 14:20:00 
========================================================================= 

                                         (1)        (2)        (3)        (4)       
 [1,] "Announced"                        "0.013"    "-0.024"   "0.071"    "0.166"   
 [2,] ""                                 "(0.384)"  "(-0.263)" "(2.323)"  "(2.304)" 
 [3,] "Active"                           "-0.026"   "-0.047"   "-0.044"   "-0.071"  
 [4,] ""                                 "(-1.073)" "(-0.666)" "(-1.729)" "(-1.062)"
 [5,] "Active-Announced"                 "-0.040"   "-0.023"   "-0.115"   "-0.237"  
 [6,] "F test: Active=Announced"         "1.324"    "0.059"    "14.320"   "10.554"  
 [7,] "p value"                          "0.250"    "0.809"    "0.000"    "0.001"   
 [8,] "Mean of dependent variable"       "0.283"    "1.455"    "0.454"    "2.095"   
 [9,] "Individual controls"              "Yes"      "Yes"      "Yes"      "Yes"     
[10,] "Survey round fixed effects"       "Yes"      "Yes"      "Yes"      "Yes"     
[11,] "Number of observations"           "Yes"      "Yes"      "Yes"      "Yes"     
[12,] "Number of countries"              "5880"     "5880"     "6688"     "6688"    
[13,] "Number of townships and villages" "1"        "1"        "1"        "1"       
[14,] "Survey rounds"                    "1150"     "1150"     "1150"     "1150"    
[15,] "Adjusted R squared"               "1-7"      "1-7"      "1-7"      "1-7"     
[16,] "Announced"                        "0.057"    "0.079"    "0.070"    "0.082"   

NOTE: Log Print Time:  2022-12-07 14:20:00 
NOTE: Elapsed Time: 0.00230193138122559 secs 

========================================================================= 
Log End Time: 2022-12-07 14:20:00 
Log Elapsed Time: 0 00:00:00 
========================================================================= 
