========================================================================= 
Log Path: ./log/Botswana_Table 1.log 
Program Path: /Users/will/Desktop/ORGANIZED/SCHOOL/EMORY/EMORY_CLG/Y4_S1/Pols 334 - African Politics/Replication Paper/Wang-et-al-2022-replication/Replication Code/dataverse_files/Replicate_Main.R 
Working Directory: /Users/will/Desktop/ORGANIZED/SCHOOL/EMORY/EMORY_CLG/Y4_S1/Pols 334 - African Politics/Replication Paper/Wang-et-al-2022-replication/Replication Code/dataverse_files 
User Name: will 
R Version: 4.1.2 (2021-11-01) 
Machine: Wills-MBP.attlocal.net x86_64 
Operating System: Darwin 21.5.0 Darwin Kernel Version 21.5.0: Tue Apr 26 21:08:22 PDT 2022; root:xnu-8020.121.3~4/RELEASE_X86_64 
Base Packages: stats graphics grDevices utils datasets methods base Other Packages: logr_1.3.3 xtable_1.8-4 Hmisc_4.7-1 Formula_1.2-4 survival_3.2-13 lattice_0.20-45 car_3.1-0 carData_3.0-5 miceadds_3.15-21 mice_3.14.0 forcats_0.5.1 stringr_1.4.1 dplyr_1.0.9 purrr_0.3.4 readr_2.1.2 tidyr_1.2.0 tibble_3.1.6 ggplot2_3.3.6 tidyverse_1.3.1 lwgeom_0.2-9 spData_2.2.0 sf_1.0-8 
Log Start Time: 2022-12-04 22:04:19 
========================================================================= 

Error in readChar(con, 5L, useBytes = TRUE) : cannot open the connection 
Traceback: 
[1] "2: readChar(con, 5L, useBytes = TRUE)" "1: load(\"data_respno_FDI.RData\")"   

NOTE: Log Print Time:  2022-12-04 22:04:27 
NOTE: Elapsed Time: 8.29056620597839 secs 

Warning message:
In readChar(con, 5L, useBytes = TRUE) :
  cannot open compressed file 'data_respno_FDI.RData', probable reason 'No such file or directory'

NOTE: Log Print Time: 2022-12-04 22:04:27 
NOTE: Log Elapsed Time: 0.00417590141296387 

========================================================================= 
Log End Time: 2022-12-04 22:04:27 
Log Elapsed Time: 0 00:00:08 
========================================================================= 
